2025-07-08 20:20:47,460 [INFO] Activator:176 - 


2025-07-08 20:20:47,461 [INFO] Activator:177 - !SESSION log4j initialized
2025-07-08 20:20:48,689 [ERROR] LogOutputStream:75 - [STDERR_REDIRECT] Warning: NLS unused message: ActivitiesPreferencePage_advancedDialogTitle in: org.eclipse.ui.internal.activities.ws.messages
2025-07-08 20:20:48,690 [ERROR] LogOutputStream:75 - [STDERR_REDIRECT] Warning: NLS unused message: ActivitiesPreferencePage_advancedButton in: org.eclipse.ui.internal.activities.ws.messages
2025-07-08 20:20:49,143 [ERROR] LogOutputStream:75 - [STDERR_REDIRECT] Warning: NLS unused message: ShowInNavigatorView_label in: org.eclipse.jdt.internal.ui.actions.ActionMessages
2025-07-08 20:20:49,146 [ERROR] LogOutputStream:75 - [STDERR_REDIRECT] Warning: NLS unused message: ShowInNavigatorView_dialog_title in: org.eclipse.jdt.internal.ui.actions.ActionMessages
2025-07-08 20:20:49,147 [ERROR] LogOutputStream:75 - [STDERR_REDIRECT] Warning: NLS unused message: ShowInNavigatorView_dialog_message in: org.eclipse.jdt.internal.ui.actions.ActionMessages
2025-07-08 20:20:49,148 [ERROR] LogOutputStream:75 - [STDERR_REDIRECT] Warning: NLS unused message: ShowInNavigatorView_error_activation_failed in: org.eclipse.jdt.internal.ui.actions.ActionMessages
2025-07-08 20:20:49,151 [ERROR] LogOutputStream:75 - [STDERR_REDIRECT] Warning: NLS unused message: OrganizeImportsAction_error_message in: org.eclipse.jdt.internal.ui.actions.ActionMessages
2025-07-08 20:20:49,586 [INFO] LogOutputStream:77 - [STDOUT_REDIRECT] 
2025-07-08 20:20:53,253 [INFO] ApplicationProperties:184 - Using Application install path: A:\STM32CUBEIDE\STM32CubeIDE_1.18.0\STM32CubeIDE\plugins\com.st.stm32cube.common.mx_6.14.0.202502271554
2025-07-08 20:20:53,276 [INFO] DbMcusXml:78 - Set database path to: A:\STM32CUBEIDE\STM32CubeIDE_1.18.0\STM32CubeIDE\plugins\com.st.stm32cube.common.mx_6.14.0.202502271554\\db\/mcu/
2025-07-08 20:20:53,276 [INFO] ApiDb:274 - Set plugin database path to: A:\STM32CUBEIDE\STM32CubeIDE_1.18.0\STM32CubeIDE\plugins\com.st.stm32cube.common.mx_6.14.0.202502271554\\db\/plugins/boardmanager/
2025-07-08 20:20:53,276 [WARN] ApiDb:259 - Overriding images path with different value:  => A:\STM32CUBEIDE\STM32CubeIDE_1.18.0\STM32CubeIDE\plugins\com.st.stm32cube.common.mx_6.14.0.202502271554\\db\/plugins/mcufinder/images/
2025-07-08 20:20:53,284 [INFO] ApiDb:250 - Set database path to: C:\Users\14931\.stmcufinder\plugins\mcufinder//mcu/
2025-07-08 20:20:53,285 [INFO] DbMcusAds:125 - Set database path to: C:\Users\14931\.stmcufinder\plugins\mcufinder//mcu/
2025-07-08 20:20:53,289 [INFO] CrossReferenceDbSqlite:203 - Set database path to: C:\Users\14931\.stmcufinder\plugins\mcufinder//mcu/cs/
2025-07-08 20:20:53,445 [INFO] RulesReader:64 - Compatibility file has been processed (301 Rules)
2025-07-08 20:20:53,520 [INFO] DbMcusXml:78 - Set database path to: A:\STM32CUBEIDE\STM32CubeIDE_1.18.0\STM32CubeIDE\plugins\com.st.stm32cube.common.mx_6.14.0.202502271554\\db\/mcu/
2025-07-08 20:20:53,521 [INFO] ApiDb:274 - Set plugin database path to: A:\STM32CUBEIDE\STM32CubeIDE_1.18.0\STM32CubeIDE\plugins\com.st.stm32cube.common.mx_6.14.0.202502271554\\db\/plugins/boardmanager/
2025-07-08 20:20:53,521 [INFO] ApiDb:261 - Set plugin images path to: A:\STM32CUBEIDE\STM32CubeIDE_1.18.0\STM32CubeIDE\plugins\com.st.stm32cube.common.mx_6.14.0.202502271554\\db\/plugins/mcufinder/images/
2025-07-08 20:20:53,521 [WARN] DbFile:41 - Overriding database path with different value: C:\Users\14931\.stmcufinder\plugins\mcufinder/ => C:\Users\14931\.stmcufinder\plugins\mcufinder
2025-07-08 20:20:53,521 [INFO] ApiDb:250 - Set database path to: C:\Users\14931\.stmcufinder\plugins\mcufinder//mcu/
2025-07-08 20:20:53,521 [WARN] DbFile:41 - Overriding database path with different value: C:\Users\14931\.stmcufinder\plugins\mcufinder/ => C:\Users\14931\.stmcufinder\plugins\mcufinder
2025-07-08 20:20:53,521 [INFO] DbMcusAds:125 - Set database path to: C:\Users\14931\.stmcufinder\plugins\mcufinder//mcu/
2025-07-08 20:20:53,521 [WARN] DbFile:41 - Overriding database path with different value: C:\Users\14931\.stmcufinder\plugins\mcufinder/ => C:\Users\14931\.stmcufinder\plugins\mcufinder
2025-07-08 20:20:53,521 [WARN] DbFile:41 - Overriding database path with different value: C:\Users\14931\.stmcufinder\plugins\mcufinder/ => C:\Users\14931\.stmcufinder\plugins\mcufinder
2025-07-08 20:20:53,521 [INFO] CrossReferenceDbSqlite:203 - Set database path to: C:\Users\14931\.stmcufinder\plugins\mcufinder//mcu/cs/
2025-07-08 20:20:53,594 [INFO] MainPanel:272 - HeapMemory: 268435456
2025-07-08 20:20:53,697 [INFO] DbMcusXml:78 - Set database path to: A:\STM32CUBEIDE\STM32CubeIDE_1.18.0\STM32CubeIDE\plugins\com.st.stm32cube.common.mx_6.14.0.202502271554\\db\/mcu/
2025-07-08 20:20:53,697 [INFO] ApiDb:274 - Set plugin database path to: A:\STM32CUBEIDE\STM32CubeIDE_1.18.0\STM32CubeIDE\plugins\com.st.stm32cube.common.mx_6.14.0.202502271554\\db\/plugins/boardmanager/
2025-07-08 20:20:53,697 [INFO] ApiDb:261 - Set plugin images path to: A:\STM32CUBEIDE\STM32CubeIDE_1.18.0\STM32CubeIDE\plugins\com.st.stm32cube.common.mx_6.14.0.202502271554\\db\/plugins/mcufinder/images/
2025-07-08 20:20:53,697 [WARN] DbFile:41 - Overriding database path with different value: C:\Users\14931\.stmcufinder\plugins\mcufinder/ => C:\Users\14931\.stmcufinder\plugins\mcufinder
2025-07-08 20:20:53,697 [INFO] ApiDb:250 - Set database path to: C:\Users\14931\.stmcufinder\plugins\mcufinder//mcu/
2025-07-08 20:20:53,697 [WARN] DbFile:41 - Overriding database path with different value: C:\Users\14931\.stmcufinder\plugins\mcufinder/ => C:\Users\14931\.stmcufinder\plugins\mcufinder
2025-07-08 20:20:53,698 [INFO] DbMcusAds:125 - Set database path to: C:\Users\14931\.stmcufinder\plugins\mcufinder//mcu/
2025-07-08 20:20:53,698 [WARN] DbFile:41 - Overriding database path with different value: C:\Users\14931\.stmcufinder\plugins\mcufinder/ => C:\Users\14931\.stmcufinder\plugins\mcufinder
2025-07-08 20:20:53,698 [WARN] DbFile:41 - Overriding database path with different value: C:\Users\14931\.stmcufinder\plugins\mcufinder/ => C:\Users\14931\.stmcufinder\plugins\mcufinder
2025-07-08 20:20:53,698 [INFO] CrossReferenceDbSqlite:203 - Set database path to: C:\Users\14931\.stmcufinder\plugins\mcufinder//mcu/cs/
2025-07-08 20:20:53,718 [INFO] ApplicationProperties:184 - Using Application install path: A:\STM32CUBEIDE\STM32CubeIDE_1.18.0\STM32CubeIDE\plugins\com.st.stm32cube.common.mx_6.14.0.202502271554
2025-07-08 20:20:53,719 [INFO] PluginManage:196 - Search for loadable plugins [exclusion list=, ]
2025-07-08 20:20:53,720 [INFO] PluginManage:310 - Check plugin analytics
2025-07-08 20:20:53,902 [INFO] AnalyticsPlugin:253 - Accepted Software Licenses: 
2025-07-08 20:20:53,902 [INFO] AnalyticsPlugin:255 - Accepted CMSIS Pack Licenses: 
2025-07-08 20:20:53,902 [INFO] AnalyticsPlugin:257 - Accepted Firmware Licenses: 
2025-07-08 20:20:53,904 [INFO] PluginManage:359 - Loaded plugin analytics (category:tool,tabindex:-1)
2025-07-08 20:20:53,906 [INFO] PluginManage:310 - Check plugin cadmodel
2025-07-08 20:20:53,909 [INFO] CADModel:105 - Init CAD model plugin
2025-07-08 20:20:53,910 [INFO] PluginManage:359 - Loaded plugin cadmodel (category:power,tabindex:5)
2025-07-08 20:20:53,910 [INFO] PluginManage:310 - Check plugin clock
2025-07-08 20:20:53,919 [INFO] PluginManage:359 - Loaded plugin clock (category:base,tabindex:2)
2025-07-08 20:20:53,919 [INFO] PluginManage:310 - Check plugin ddr
2025-07-08 20:20:53,922 [INFO] PluginManage:359 - Loaded plugin ddr (category:tool,tabindex:6)
2025-07-08 20:20:53,922 [INFO] PluginManage:310 - Check plugin filemanager
2025-07-08 20:20:54,072 [INFO] PluginManage:359 - Loaded plugin filemanager (category:base,tabindex:10)
2025-07-08 20:20:54,073 [INFO] PluginManage:310 - Check plugin ipmanager
2025-07-08 20:20:54,082 [INFO] PluginManage:359 - Loaded plugin ipmanager (category:base,tabindex:5)
2025-07-08 20:20:54,083 [INFO] PluginManage:310 - Check plugin lpbam
2025-07-08 20:20:54,091 [INFO] PluginManage:359 - Loaded plugin lpbam (category:base,tabindex:0)
2025-07-08 20:20:54,091 [INFO] PluginManage:310 - Check plugin memorymap
2025-07-08 20:20:54,105 [INFO] PluginManage:359 - Loaded plugin memorymap (category:base,tabindex:4)
2025-07-08 20:20:54,105 [INFO] PluginManage:310 - Check plugin pinoutandconfiguration
2025-07-08 20:20:54,113 [INFO] PluginManage:359 - Loaded plugin pinoutandconfiguration (category:base,tabindex:1)
2025-07-08 20:20:54,114 [INFO] PluginManage:310 - Check plugin pinoutconfig
2025-07-08 20:20:54,216 [WARN] SupportedApi:132 - Cannot load RTOS API schema: s4s-elt-must-match.1: The content of 'definitions' must match (annotation?, (simpleType | complexType)?, (unique | key | keyref)*)). A problem was found starting at: attribute.
2025-07-08 20:20:54,380 [INFO] PluginManage:359 - Loaded plugin pinoutconfig (category:base,tabindex:0)
2025-07-08 20:20:54,380 [INFO] PluginManage:310 - Check plugin power
2025-07-08 20:20:54,389 [INFO] PluginManage:359 - Loaded plugin power (category:power,tabindex:4)
2025-07-08 20:20:54,389 [INFO] PluginManage:310 - Check plugin projectmanager
2025-07-08 20:20:54,406 [INFO] PluginManage:359 - Loaded plugin projectmanager (category:projectmanager,tabindex:4)
2025-07-08 20:20:54,406 [INFO] PluginManage:310 - Check plugin rif
2025-07-08 20:20:54,415 [INFO] PluginManage:359 - Loaded plugin rif (category:base,tabindex:3)
2025-07-08 20:20:54,415 [INFO] PluginManage:310 - Check plugin thirdparty
2025-07-08 20:20:54,587 [INFO] PluginManage:359 - Loaded plugin thirdparty (category:base,tabindex:-1)
2025-07-08 20:20:54,588 [INFO] PluginManage:310 - Check plugin tools
2025-07-08 20:20:54,587 [WARN] IntegrityCheckThread:84 - waiting for thirdparty lock release [integrity check]
2025-07-08 20:20:54,588 [INFO] IntegrityCheckThread:86 - entering critical section [integrity check]
2025-07-08 20:20:54,588 [INFO] ThirdPartyUpdaterWithRetryManager:70 - Updater plugin not ready yet. [1/15]
2025-07-08 20:20:54,590 [INFO] PluginManage:359 - Loaded plugin tools (category:base,tabindex:7)
2025-07-08 20:20:54,590 [INFO] PluginManage:310 - Check plugin tutovideos
2025-07-08 20:20:54,799 [INFO] PluginManage:359 - Loaded plugin tutovideos (category:base,tabindex:-1)
2025-07-08 20:20:54,799 [INFO] PluginManage:310 - Check plugin updater
2025-07-08 20:20:54,817 [INFO] PluginManage:359 - Loaded plugin updater (category:base,tabindex:12)
2025-07-08 20:20:54,817 [INFO] PluginManage:310 - Check plugin userauth
2025-07-08 20:20:54,821 [INFO] UserAuth:118 - Init User Auth plugin
2025-07-08 20:20:54,821 [INFO] PluginManage:359 - Loaded plugin userauth (category:base,tabindex:14)
2025-07-08 20:20:54,822 [INFO] PluginManage:283 - PluginManage : Loaded plugins [18]
2025-07-08 20:20:55,069 [INFO] PinOutPanel:1589 - setPackage(No Configuration,No Configuration)
2025-07-08 20:20:55,175 [INFO] CADModel:165 - CPN selected for project level
2025-07-08 20:20:55,175 [INFO] CADModel:114 - Register for checkConnection events
2025-07-08 20:20:55,201 [INFO] IPUIPlugin:80 - create IPUIPlugin
2025-07-08 20:20:55,201 [INFO] PluginManager:220 - loadIPPluginJar : add adc
2025-07-08 20:20:55,203 [INFO] IPUIPlugin:80 - create IPUIPlugin
2025-07-08 20:20:55,203 [INFO] PluginManager:220 - loadIPPluginJar : add aes
2025-07-08 20:20:55,205 [INFO] IPUIPlugin:80 - create IPUIPlugin
2025-07-08 20:20:55,205 [INFO] PluginManager:220 - loadIPPluginJar : add can
2025-07-08 20:20:55,206 [INFO] IPUIPlugin:80 - create IPUIPlugin
2025-07-08 20:20:55,206 [INFO] PluginManager:220 - loadIPPluginJar : add comp
2025-07-08 20:20:55,209 [INFO] IPUIPlugin:80 - create IPUIPlugin
2025-07-08 20:20:55,209 [INFO] PluginManager:220 - loadIPPluginJar : add cryp
2025-07-08 20:20:55,212 [INFO] IPUIPlugin:80 - create IPUIPlugin
2025-07-08 20:20:55,213 [INFO] PluginManager:220 - loadIPPluginJar : add ddr_ctrl_phy
2025-07-08 20:20:55,216 [INFO] IPUIPlugin:80 - create IPUIPlugin
2025-07-08 20:20:55,216 [INFO] PluginManager:220 - loadIPPluginJar : add dfsdm
2025-07-08 20:20:55,225 [INFO] IPUIPlugin:80 - create IPUIPlugin
2025-07-08 20:20:55,225 [INFO] PluginManager:220 - loadIPPluginJar : add dma
2025-07-08 20:20:55,227 [INFO] IPUIPlugin:80 - create IPUIPlugin
2025-07-08 20:20:55,227 [INFO] PluginManager:220 - loadIPPluginJar : add dma3
2025-07-08 20:20:55,230 [INFO] IPUIPlugin:80 - create IPUIPlugin
2025-07-08 20:20:55,230 [INFO] PluginManager:220 - loadIPPluginJar : add extmemmanager
2025-07-08 20:20:55,231 [INFO] IPUIPlugin:80 - create IPUIPlugin
2025-07-08 20:20:55,231 [INFO] PluginManager:220 - loadIPPluginJar : add fatfs
2025-07-08 20:20:55,235 [INFO] IPUIPlugin:80 - create IPUIPlugin
2025-07-08 20:20:55,235 [INFO] PluginManager:220 - loadIPPluginJar : add fmc
2025-07-08 20:20:55,240 [INFO] IPUIPlugin:80 - create IPUIPlugin
2025-07-08 20:20:55,240 [INFO] PluginManager:220 - loadIPPluginJar : add freertos
2025-07-08 20:20:55,242 [INFO] IPUIPlugin:80 - create IPUIPlugin
2025-07-08 20:20:55,242 [INFO] PluginManager:220 - loadIPPluginJar : add genericplugin
2025-07-08 20:20:55,243 [INFO] IPUIPlugin:80 - create IPUIPlugin
2025-07-08 20:20:55,243 [INFO] PluginManager:220 - loadIPPluginJar : add gfxmmu
2025-07-08 20:20:55,250 [INFO] IPUIPlugin:80 - create IPUIPlugin
2025-07-08 20:20:55,250 [INFO] PluginManager:220 - loadIPPluginJar : add gic
2025-07-08 20:20:55,255 [INFO] IPUIPlugin:80 - create IPUIPlugin
2025-07-08 20:20:55,255 [INFO] PluginManager:220 - loadIPPluginJar : add gpio
2025-07-08 20:20:55,259 [INFO] IPUIPlugin:80 - create IPUIPlugin
2025-07-08 20:20:55,259 [INFO] PluginManager:220 - loadIPPluginJar : add gtzc
2025-07-08 20:20:55,262 [INFO] IPUIPlugin:80 - create IPUIPlugin
2025-07-08 20:20:55,263 [INFO] PluginManager:220 - loadIPPluginJar : add hash
2025-07-08 20:20:55,265 [INFO] IPUIPlugin:80 - create IPUIPlugin
2025-07-08 20:20:55,266 [INFO] PluginManager:220 - loadIPPluginJar : add i2c
2025-07-08 20:20:55,268 [INFO] IPUIPlugin:80 - create IPUIPlugin
2025-07-08 20:20:55,269 [INFO] PluginManager:220 - loadIPPluginJar : add i2s
2025-07-08 20:20:55,272 [INFO] IPUIPlugin:80 - create IPUIPlugin
2025-07-08 20:20:55,272 [INFO] PluginManager:220 - loadIPPluginJar : add i3c
2025-07-08 20:20:55,276 [INFO] IPUIPlugin:80 - create IPUIPlugin
2025-07-08 20:20:55,276 [INFO] PluginManager:220 - loadIPPluginJar : add ipddr
2025-07-08 20:20:55,283 [INFO] IPUIPlugin:80 - create IPUIPlugin
2025-07-08 20:20:55,283 [INFO] PluginManager:220 - loadIPPluginJar : add linkedlist
2025-07-08 20:20:55,286 [INFO] IPUIPlugin:80 - create IPUIPlugin
2025-07-08 20:20:55,287 [INFO] PluginManager:220 - loadIPPluginJar : add lorawan
2025-07-08 20:20:55,288 [INFO] IPUIPlugin:80 - create IPUIPlugin
2025-07-08 20:20:55,288 [INFO] PluginManager:220 - loadIPPluginJar : add ltdc
2025-07-08 20:20:55,293 [INFO] IPUIPlugin:80 - create IPUIPlugin
2025-07-08 20:20:55,293 [INFO] PluginManager:220 - loadIPPluginJar : add mdma
2025-07-08 20:20:55,297 [INFO] IPUIPlugin:80 - create IPUIPlugin
2025-07-08 20:20:55,297 [INFO] PluginManager:220 - loadIPPluginJar : add nvic
2025-07-08 20:20:55,301 [INFO] IPUIPlugin:80 - create IPUIPlugin
2025-07-08 20:20:55,301 [INFO] PluginManager:220 - loadIPPluginJar : add opamp
2025-07-08 20:20:55,304 [INFO] IPUIPlugin:80 - create IPUIPlugin
2025-07-08 20:20:55,304 [INFO] PluginManager:220 - loadIPPluginJar : add openamp
2025-07-08 20:20:55,307 [INFO] IPUIPlugin:80 - create IPUIPlugin
2025-07-08 20:20:55,307 [INFO] PluginManager:220 - loadIPPluginJar : add pdm2pcm
2025-07-08 20:20:55,313 [INFO] IPUIPlugin:80 - create IPUIPlugin
2025-07-08 20:20:55,315 [INFO] PluginManager:220 - loadIPPluginJar : add plateformsettings
2025-07-08 20:20:55,316 [INFO] IPUIPlugin:80 - create IPUIPlugin
2025-07-08 20:20:55,316 [INFO] PluginManager:220 - loadIPPluginJar : add quadspi
2025-07-08 20:20:55,317 [INFO] IPUIPlugin:80 - create IPUIPlugin
2025-07-08 20:20:55,318 [INFO] PluginManager:220 - loadIPPluginJar : add radio
2025-07-08 20:20:55,320 [INFO] IPUIPlugin:80 - create IPUIPlugin
2025-07-08 20:20:55,320 [INFO] PluginManager:220 - loadIPPluginJar : add resmgrutility
2025-07-08 20:20:55,323 [INFO] IPUIPlugin:80 - create IPUIPlugin
2025-07-08 20:20:55,323 [INFO] PluginManager:220 - loadIPPluginJar : add sai
2025-07-08 20:20:55,325 [INFO] IPUIPlugin:80 - create IPUIPlugin
2025-07-08 20:20:55,325 [INFO] PluginManager:220 - loadIPPluginJar : add spi
2025-07-08 20:20:55,332 [INFO] IPUIPlugin:80 - create IPUIPlugin
2025-07-08 20:20:55,332 [INFO] PluginManager:220 - loadIPPluginJar : add stm32_wpan
2025-07-08 20:20:55,333 [INFO] IPUIPlugin:80 - create IPUIPlugin
2025-07-08 20:20:55,333 [INFO] PluginManager:220 - loadIPPluginJar : add tim
2025-07-08 20:20:55,336 [INFO] IPUIPlugin:80 - create IPUIPlugin
2025-07-08 20:20:55,336 [INFO] PluginManager:220 - loadIPPluginJar : add touchsensing
2025-07-08 20:20:55,338 [INFO] IPUIPlugin:80 - create IPUIPlugin
2025-07-08 20:20:55,338 [INFO] PluginManager:220 - loadIPPluginJar : add tracer_emb
2025-07-08 20:20:55,339 [INFO] IPUIPlugin:80 - create IPUIPlugin
2025-07-08 20:20:55,340 [INFO] PluginManager:220 - loadIPPluginJar : add ts
2025-07-08 20:20:55,341 [INFO] IPUIPlugin:80 - create IPUIPlugin
2025-07-08 20:20:55,341 [INFO] PluginManager:220 - loadIPPluginJar : add tsc
2025-07-08 20:20:55,343 [INFO] IPUIPlugin:80 - create IPUIPlugin
2025-07-08 20:20:55,343 [INFO] PluginManager:220 - loadIPPluginJar : add ucpd
2025-07-08 20:20:55,345 [INFO] IPUIPlugin:80 - create IPUIPlugin
2025-07-08 20:20:55,346 [INFO] PluginManager:220 - loadIPPluginJar : add usart
2025-07-08 20:20:55,349 [INFO] IPUIPlugin:80 - create IPUIPlugin
2025-07-08 20:20:55,349 [INFO] PluginManager:220 - loadIPPluginJar : add usbx
2025-07-08 20:20:55,470 [FATAL] Updater:351 - Updater called before beeing initialized
2025-07-08 20:20:55,495 [INFO] RulesReader:64 - Compatibility file has been processed (301 Rules)
2025-07-08 20:20:55,503 [INFO] RulesReader:64 - Compatibility file has been processed (301 Rules)
2025-07-08 20:20:55,511 [INFO] CADModel:165 - CPN selected for project level
2025-07-08 20:20:55,511 [INFO] CADModel:114 - Register for checkConnection events
2025-07-08 20:20:55,511 [FATAL] Updater:351 - Updater called before beeing initialized
2025-07-08 20:20:55,511 [ERROR] CADModel:125 - Updater not yet initialized, retry later 
2025-07-08 20:20:55,641 [FATAL] Updater:351 - Updater called before beeing initialized
2025-07-08 20:20:55,642 [INFO] CADModel:165 - CPN selected for project level
2025-07-08 20:20:55,642 [INFO] CADModel:114 - Register for checkConnection events
2025-07-08 20:20:55,642 [FATAL] Updater:351 - Updater called before beeing initialized
2025-07-08 20:20:55,642 [ERROR] CADModel:125 - Updater not yet initialized, retry later 
2025-07-08 20:20:55,645 [FATAL] Updater:351 - Updater called before beeing initialized
2025-07-08 20:20:55,761 [FATAL] Updater:351 - Updater called before beeing initialized
2025-07-08 20:20:55,767 [INFO] DbMcusAds:53 - JSON generation date=Thu Jun 19 16:32:34 CST 2025 (1750321954384)
2025-07-08 20:20:55,767 [FATAL] Updater:351 - Updater called before beeing initialized
2025-07-08 20:20:55,796 [WARN] DetailPanel:346 - Failed to get advertising image, set to default
2025-07-08 20:20:56,017 [FATAL] Updater:351 - Updater called before beeing initialized
2025-07-08 20:20:56,018 [FATAL] Updater:351 - Updater called before beeing initialized
2025-07-08 20:20:56,018 [FATAL] Updater:351 - Updater called before beeing initialized
2025-07-08 20:20:56,019 [WARN] DetailPanel:346 - Failed to get advertising image, set to default
2025-07-08 20:20:56,019 [FATAL] Updater:351 - Updater called before beeing initialized
2025-07-08 20:20:56,066 [ERROR] Updater:1198 - MainUpdater not yet initialized. External WinMGr cannot be set.
2025-07-08 20:20:56,068 [INFO] Updater:1134 - Updater Version found : 6.14.0
2025-07-08 20:20:56,092 [INFO] ApplicationProperties:184 - Using Application install path: A:\STM32CUBEIDE\STM32CubeIDE_1.18.0\STM32CubeIDE\plugins\com.st.stm32cube.common.mx_6.14.0.202502271554
2025-07-08 20:20:56,543 [INFO] MainUpdater:2872 - connection check result : 10
2025-07-08 20:20:56,544 [INFO] MainUpdater:289 - Updater Check For Update Now.
2025-07-08 20:20:56,544 [INFO] MicroXplorer:498 - Change Database Version : DB.6.0.140
2025-07-08 20:20:56,550 [INFO] McuFinderGlobals:63 - Set McuFinder mode to 2 (CubeIDE integrated)
2025-07-08 20:20:56,551 [INFO] UserAuth:486 - Internet connection configuration mode: 1
2025-07-08 20:20:56,575 [INFO] JxBrowserEngine:152 - Initiate JxBrowser Engine with user profile folder
2025-07-08 20:20:56,701 [INFO] CheckServerUpdateThread:120 - End of CheckServer Thread
2025-07-08 20:20:57,502 [INFO] WebApp:169 - Instantiating new browser for Auth
2025-07-08 20:20:57,795 [WARN] PackLoader:240 - Cannot read IP mode file for STMicroelectronics.X-CUBE-PM33A1.1.0.0
2025-07-08 20:20:57,806 [WARN] PackLoader:240 - Cannot read IP mode file for Avnet-IotConnect.X-CUBE-IoTC-DA16k-PMOD.1.0.0
2025-07-08 20:20:57,819 [WARN] PackLoader:240 - Cannot read IP mode file for STMicroelectronics.X-CUBE-ST60.1.0.0
2025-07-08 20:20:57,872 [WARN] PackLoader:240 - Cannot read IP mode file for Infineon.AIROC-Wi-Fi-Bluetooth-STM32.1.7.0
2025-07-08 20:20:57,919 [WARN] PackLoader:240 - Cannot read IP mode file for STMicroelectronics.X-CUBE-AZRTOS-H7.3.4.0
2025-07-08 20:20:57,944 [WARN] PackLoader:240 - Cannot read IP mode file for STMicroelectronics.X-CUBE-FREERTOS.1.3.1
2025-07-08 20:20:57,953 [WARN] PackLoader:240 - Cannot read IP mode file for emotas.I-CUBE-CANOPEN.1.3.0
2025-07-08 20:20:57,959 [WARN] PackLoader:240 - Cannot read IP mode file for STMicroelectronics.X-CUBE-FREERTOS.1.3.0
2025-07-08 20:20:57,966 [WARN] PackLoader:240 - Cannot read IP mode file for STMicroelectronics.X-CUBE-NFC7.1.0.1
2025-07-08 20:20:57,975 [WARN] ConditionMgr:438 - getConditionDescription Invalid condition id : Cortex-A Device cause : null
2025-07-08 20:20:57,992 [WARN] ConditionMgr:1044 - genDependencies : Invalid condition id : Cortex-A Device cause : null
2025-07-08 20:20:57,992 [WARN] ConditionMgr:1044 - genDependencies : Invalid condition id : Cortex-A Device cause : null
2025-07-08 20:20:57,992 [WARN] ConditionMgr:1044 - genDependencies : Invalid condition id : Cortex-A Device cause : null
2025-07-08 20:20:57,998 [WARN] PackLoader:240 - Cannot read IP mode file for STMicroelectronics.X-CUBE-AI.10.0.0
2025-07-08 20:20:58,005 [WARN] PackLoader:240 - Cannot read IP mode file for STMicroelectronics.FP-SNS-STAIOTCFT.1.0.0
2025-07-08 20:20:58,070 [WARN] PackLoader:240 - Cannot read IP mode file for STMicroelectronics.X-CUBE-MEMS1.11.1.0
2025-07-08 20:20:58,233 [WARN] PackLoader:240 - Cannot read IP mode file for STMicroelectronics.X-CUBE-AZRTOS-H7.3.3.0
2025-07-08 20:20:58,242 [WARN] PackLoader:240 - Cannot read IP mode file for STMicroelectronics.X-CUBE-AI.10.1.0
2025-07-08 20:20:58,294 [WARN] PackLoader:240 - Cannot read IP mode file for STMicroelectronics.X-CUBE-MEMS1.11.2.0
2025-07-08 20:20:58,483 [WARN] PackLoader:240 - Cannot read IP mode file for EmbeddedOffice.I-CUBE-FS-RTOS.1.0.1
2025-07-08 20:20:58,498 [WARN] PackLoader:240 - Cannot read IP mode file for Cesanta.I-CUBE-Mongoose.7.13.0
2025-07-08 20:20:58,507 [WARN] PackLoader:240 - Cannot read IP mode file for STMicroelectronics.X-CUBE-WB05N.2.0.0
2025-07-08 20:20:58,513 [WARN] PackLoader:240 - Cannot read IP mode file for wolfSSL.I-CUBE-wolfSSH.1.4.20
2025-07-08 20:20:58,519 [WARN] PackLoader:240 - Cannot read IP mode file for STMicroelectronics.X-CUBE-NFC7.2.0.0
2025-07-08 20:20:58,529 [WARN] PackLoader:240 - Cannot read IP mode file for RealThread.X-CUBE-RT-Thread_Nano.4.1.1
2025-07-08 20:20:58,543 [WARN] PackLoader:240 - Cannot read IP mode file for ITTIA_DB.I-CUBE-ITTIADB.8.9.0
2025-07-08 20:20:58,549 [WARN] PackLoader:240 - Cannot read IP mode file for portGmbH.I-Cube-SoM-uGOAL.1.1.0
2025-07-08 20:20:58,557 [WARN] PackLoader:240 - Cannot read IP mode file for STMicroelectronics.X-CUBE-ST67W61.1.0.0
2025-07-08 20:20:58,593 [WARN] PackLoader:240 - Cannot read IP mode file for SEGGER.I-CUBE-embOS.1.3.1
2025-07-08 20:20:58,664 [WARN] PackLoader:240 - Cannot read IP mode file for STMicroelectronics.X-CUBE-MEMS1.11.3.0
2025-07-08 20:20:58,775 [WARN] PackLoader:240 - Cannot read IP mode file for STMicroelectronics.X-CUBE-TOF1.3.4.2
2025-07-08 20:20:58,803 [WARN] PackLoader:240 - Cannot read IP mode file for STMicroelectronics.X-CUBE-TOF1.3.4.3
2025-07-08 20:20:58,815 [INFO] ThirdParty:978 - Integrity check success = true
2025-07-08 20:20:58,816 [INFO] IntegrityCheckThread:100 - exiting critical section [integrity check]
2025-07-08 20:20:58,816 [INFO] IntegrityCheckThread:103 - End integrity checks thread
2025-07-08 20:20:59,424 [INFO] WebApp:463 - Apply proxy settings
2025-07-08 20:20:59,425 [INFO] WebApp:548 - Chromium requires no authentication
2025-07-08 20:20:59,436 [INFO] WebApp:491 - Direct internet connection detected
2025-07-08 20:20:59,462 [INFO] WebApp:894 - Register for checkConnection events
2025-07-08 20:20:59,462 [INFO] WebApp:463 - Apply proxy settings
2025-07-08 20:20:59,462 [INFO] WebApp:548 - Chromium requires no authentication
2025-07-08 20:20:59,463 [INFO] WebApp:491 - Direct internet connection detected
2025-07-08 20:20:59,639 [INFO] WebApp:225 - Starting web application
2025-07-08 20:20:59,639 [INFO] WebApp:593 - Web application path used A:\STM32CUBEIDE\STM32CubeIDE_1.18.0\STM32CubeIDE\plugins\com.st.stm32cube.common.mx_6.14.0.202502271554\db\plugins\mcufinder\reactClient1\index.html
2025-07-08 20:20:59,725 [INFO] UserAuth:486 - Internet connection configuration mode: 1
