2025-06-19 09:34:57,817 [INFO] Activator:176 - 


2025-06-19 09:34:57,821 [INFO] Activator:177 - !SESSION log4j initialized
2025-06-19 09:34:58,246 [ERROR] LogOutputStream:75 - [STDERR_REDIRECT] Warning: NLS unused message: ComplianceConfigurationBlock_version11 in: org.eclipse.jdt.internal.ui.preferences.PreferencesMessages
2025-06-19 09:34:58,249 [ERROR] LogOutputStream:75 - [STDERR_REDIRECT] Warning: NLS unused message: ComplianceConfigurationBlock_version12 in: org.eclipse.jdt.internal.ui.preferences.PreferencesMessages
2025-06-19 09:34:58,251 [ERROR] LogOutputStream:75 - [STDERR_REDIRECT] Warning: NLS unused message: ComplianceConfigurationBlock_version13 in: org.eclipse.jdt.internal.ui.preferences.PreferencesMessages
2025-06-19 09:34:58,253 [ERROR] LogOutputStream:75 - [STDERR_REDIRECT] Warning: NLS unused message: ComplianceConfigurationBlock_version14 in: org.eclipse.jdt.internal.ui.preferences.PreferencesMessages
2025-06-19 09:34:58,255 [ERROR] LogOutputStream:75 - [STDERR_REDIRECT] Warning: NLS unused message: ComplianceConfigurationBlock_version15 in: org.eclipse.jdt.internal.ui.preferences.PreferencesMessages
2025-06-19 09:34:58,257 [ERROR] LogOutputStream:75 - [STDERR_REDIRECT] Warning: NLS unused message: ComplianceConfigurationBlock_version9 in: org.eclipse.jdt.internal.ui.preferences.PreferencesMessages
2025-06-19 09:34:58,259 [ERROR] LogOutputStream:75 - [STDERR_REDIRECT] Warning: NLS unused message: ComplianceConfigurationBlock_version10 in: org.eclipse.jdt.internal.ui.preferences.PreferencesMessages
2025-06-19 09:34:58,261 [ERROR] LogOutputStream:75 - [STDERR_REDIRECT] Warning: NLS unused message: ComplianceConfigurationBlock_codegen_inline_jsr_bytecode_label in: org.eclipse.jdt.internal.ui.preferences.PreferencesMessages
2025-06-19 09:34:58,264 [ERROR] LogOutputStream:75 - [STDERR_REDIRECT] Warning: NLS unused message: ComplianceConfigurationBlock_pb_assert_as_identifier_label in: org.eclipse.jdt.internal.ui.preferences.PreferencesMessages
2025-06-19 09:34:58,266 [ERROR] LogOutputStream:75 - [STDERR_REDIRECT] Warning: NLS unused message: ComplianceConfigurationBlock_pb_enum_as_identifier_label in: org.eclipse.jdt.internal.ui.preferences.PreferencesMessages
2025-06-19 09:34:58,269 [ERROR] LogOutputStream:75 - [STDERR_REDIRECT] Warning: NLS unused message: ComplianceConfigurationBlock_cldc11_requires_source13_compliance_se14 in: org.eclipse.jdt.internal.ui.preferences.PreferencesMessages
2025-06-19 09:34:58,274 [ERROR] LogOutputStream:75 - [STDERR_REDIRECT] Warning: NLS unused message: CodeAssistConfigurationBlock_matchSubstring_label in: org.eclipse.jdt.internal.ui.preferences.PreferencesMessages
2025-06-19 09:34:58,296 [ERROR] LogOutputStream:75 - [STDERR_REDIRECT] Warning: NLS unused message: ProblemMarkerManager_problem_marker_update_job_description in: org.eclipse.jdt.internal.ui.JavaUIMessages
2025-06-19 09:34:58,298 [ERROR] LogOutputStream:75 - [STDERR_REDIRECT] Warning: NLS unused message: FilteredTypesSelectionDialog_default_package in: org.eclipse.jdt.internal.ui.JavaUIMessages
2025-06-19 09:34:58,301 [ERROR] LogOutputStream:75 - [STDERR_REDIRECT] Warning: NLS unused message: FilteredTypeSelectionDialog_showContainerForDuplicatesAction in: org.eclipse.jdt.internal.ui.JavaUIMessages
2025-06-19 09:34:58,303 [ERROR] LogOutputStream:75 - [STDERR_REDIRECT] Warning: NLS unused message: JavaElementLabels_anonym in: org.eclipse.jdt.internal.ui.JavaUIMessages
2025-06-19 09:34:58,304 [ERROR] LogOutputStream:75 - [STDERR_REDIRECT] Warning: NLS unused message: JavaElementLabels_concat_string in: org.eclipse.jdt.internal.ui.JavaUIMessages
2025-06-19 09:34:58,306 [ERROR] LogOutputStream:75 - [STDERR_REDIRECT] Warning: NLS unused message: JavaElementLabels_comma_string in: org.eclipse.jdt.internal.ui.JavaUIMessages
2025-06-19 09:34:58,309 [ERROR] LogOutputStream:75 - [STDERR_REDIRECT] Warning: NLS unused message: JavaElementLabels_declseparator_string in: org.eclipse.jdt.internal.ui.JavaUIMessages
2025-06-19 09:34:58,311 [ERROR] LogOutputStream:75 - [STDERR_REDIRECT] Warning: NLS unused message: JavaElementLabels_category_separator_string in: org.eclipse.jdt.internal.ui.JavaUIMessages
2025-06-19 09:34:58,313 [ERROR] LogOutputStream:75 - [STDERR_REDIRECT] Warning: NLS unused message: JavaElementLabels_import_container in: org.eclipse.jdt.internal.ui.JavaUIMessages
2025-06-19 09:34:58,493 [ERROR] LogOutputStream:75 - [STDERR_REDIRECT] Warning: NLS unused message: FindReplace_title in: org.eclipse.ui.texteditor.EditorMessages
2025-06-19 09:34:58,496 [ERROR] LogOutputStream:75 - [STDERR_REDIRECT] Warning: NLS unused message: FindReplace_Find_label in: org.eclipse.ui.texteditor.EditorMessages
2025-06-19 09:34:58,498 [ERROR] LogOutputStream:75 - [STDERR_REDIRECT] Warning: NLS unused message: FindReplace_Replace_label in: org.eclipse.ui.texteditor.EditorMessages
2025-06-19 09:34:58,499 [ERROR] LogOutputStream:75 - [STDERR_REDIRECT] Warning: NLS unused message: FindReplace_Direction in: org.eclipse.ui.texteditor.EditorMessages
2025-06-19 09:34:58,501 [ERROR] LogOutputStream:75 - [STDERR_REDIRECT] Warning: NLS unused message: FindReplace_ForwardRadioButton_label in: org.eclipse.ui.texteditor.EditorMessages
2025-06-19 09:34:58,503 [ERROR] LogOutputStream:75 - [STDERR_REDIRECT] Warning: NLS unused message: FindReplace_BackwardRadioButton_label in: org.eclipse.ui.texteditor.EditorMessages
2025-06-19 09:34:58,506 [ERROR] LogOutputStream:75 - [STDERR_REDIRECT] Warning: NLS unused message: FindReplace_Scope in: org.eclipse.ui.texteditor.EditorMessages
2025-06-19 09:34:58,508 [ERROR] LogOutputStream:75 - [STDERR_REDIRECT] Warning: NLS unused message: FindReplace_GlobalRadioButton_label in: org.eclipse.ui.texteditor.EditorMessages
2025-06-19 09:34:58,510 [ERROR] LogOutputStream:75 - [STDERR_REDIRECT] Warning: NLS unused message: FindReplace_SelectedRangeRadioButton_label in: org.eclipse.ui.texteditor.EditorMessages
2025-06-19 09:34:58,511 [ERROR] LogOutputStream:75 - [STDERR_REDIRECT] Warning: NLS unused message: FindReplace_Options in: org.eclipse.ui.texteditor.EditorMessages
2025-06-19 09:34:58,513 [ERROR] LogOutputStream:75 - [STDERR_REDIRECT] Warning: NLS unused message: FindReplace_CaseCheckBox_label in: org.eclipse.ui.texteditor.EditorMessages
2025-06-19 09:34:58,515 [ERROR] LogOutputStream:75 - [STDERR_REDIRECT] Warning: NLS unused message: FindReplace_WrapCheckBox_label in: org.eclipse.ui.texteditor.EditorMessages
2025-06-19 09:34:58,518 [ERROR] LogOutputStream:75 - [STDERR_REDIRECT] Warning: NLS unused message: FindReplace_WholeWordCheckBox_label in: org.eclipse.ui.texteditor.EditorMessages
2025-06-19 09:34:58,521 [ERROR] LogOutputStream:75 - [STDERR_REDIRECT] Warning: NLS unused message: FindReplace_IncrementalCheckBox_label in: org.eclipse.ui.texteditor.EditorMessages
2025-06-19 09:34:58,523 [ERROR] LogOutputStream:75 - [STDERR_REDIRECT] Warning: NLS unused message: FindReplace_RegExCheckbox_label in: org.eclipse.ui.texteditor.EditorMessages
2025-06-19 09:34:58,525 [ERROR] LogOutputStream:75 - [STDERR_REDIRECT] Warning: NLS unused message: FindReplace_FindNextButton_label in: org.eclipse.ui.texteditor.EditorMessages
2025-06-19 09:34:58,528 [ERROR] LogOutputStream:75 - [STDERR_REDIRECT] Warning: NLS unused message: FindReplace_ReplaceFindButton_label in: org.eclipse.ui.texteditor.EditorMessages
2025-06-19 09:34:58,530 [ERROR] LogOutputStream:75 - [STDERR_REDIRECT] Warning: NLS unused message: FindReplace_ReplaceSelectionButton_label in: org.eclipse.ui.texteditor.EditorMessages
2025-06-19 09:34:58,531 [ERROR] LogOutputStream:75 - [STDERR_REDIRECT] Warning: NLS unused message: FindReplace_ReplaceAllButton_label in: org.eclipse.ui.texteditor.EditorMessages
2025-06-19 09:34:58,533 [ERROR] LogOutputStream:75 - [STDERR_REDIRECT] Warning: NLS unused message: FindReplace_CloseButton_label in: org.eclipse.ui.texteditor.EditorMessages
2025-06-19 09:34:58,535 [ERROR] LogOutputStream:75 - [STDERR_REDIRECT] Warning: NLS unused message: FindReplace_Status_replacements_label in: org.eclipse.ui.texteditor.EditorMessages
2025-06-19 09:34:58,536 [ERROR] LogOutputStream:75 - [STDERR_REDIRECT] Warning: NLS unused message: FindReplace_Status_wrapped_label in: org.eclipse.ui.texteditor.EditorMessages
2025-06-19 09:34:58,727 [ERROR] LogOutputStream:75 - [STDERR_REDIRECT] Warning: NLS unused message: FileDocumentProvider_getPersistedEncoding in: org.eclipse.ui.editors.text.TextEditorMessages
2025-06-19 09:35:00,425 [ERROR] LogOutputStream:75 - [STDERR_REDIRECT] Warning: NLS unused message: TextSearchVisitor_progress_updating_job in: org.eclipse.search.internal.ui.SearchMessages
2025-06-19 09:35:00,427 [ERROR] LogOutputStream:75 - [STDERR_REDIRECT] Warning: NLS unused message: SearchPageSelectionDialog_rememberLastUsedPage_message in: org.eclipse.search.internal.ui.SearchMessages
2025-06-19 09:35:02,424 [ERROR] LogOutputStream:75 - [STDERR_REDIRECT] Warning: NLS unused message: ShowInNavigatorView_label in: org.eclipse.jdt.internal.ui.actions.ActionMessages
2025-06-19 09:35:02,425 [ERROR] LogOutputStream:75 - [STDERR_REDIRECT] Warning: NLS unused message: ShowInNavigatorView_dialog_title in: org.eclipse.jdt.internal.ui.actions.ActionMessages
2025-06-19 09:35:02,426 [ERROR] LogOutputStream:75 - [STDERR_REDIRECT] Warning: NLS unused message: ShowInNavigatorView_dialog_message in: org.eclipse.jdt.internal.ui.actions.ActionMessages
2025-06-19 09:35:02,427 [ERROR] LogOutputStream:75 - [STDERR_REDIRECT] Warning: NLS unused message: ShowInNavigatorView_error_activation_failed in: org.eclipse.jdt.internal.ui.actions.ActionMessages
2025-06-19 09:35:02,429 [ERROR] LogOutputStream:75 - [STDERR_REDIRECT] Warning: NLS unused message: OrganizeImportsAction_error_message in: org.eclipse.jdt.internal.ui.actions.ActionMessages
2025-06-19 09:35:02,693 [INFO] LogOutputStream:77 - [STDOUT_REDIRECT] 
2025-06-19 09:35:04,293 [INFO] ApplicationProperties:184 - Using Application install path: A:\STM32CUBEIDE\STM32CubeIDE_1.18.0\STM32CubeIDE\plugins\com.st.stm32cube.common.mx_6.14.0.202502271554
2025-06-19 09:35:04,309 [INFO] DbMcusXml:78 - Set database path to: A:\STM32CUBEIDE\STM32CubeIDE_1.18.0\STM32CubeIDE\plugins\com.st.stm32cube.common.mx_6.14.0.202502271554\\db\/mcu/
2025-06-19 09:35:04,309 [INFO] ApiDb:274 - Set plugin database path to: A:\STM32CUBEIDE\STM32CubeIDE_1.18.0\STM32CubeIDE\plugins\com.st.stm32cube.common.mx_6.14.0.202502271554\\db\/plugins/boardmanager/
2025-06-19 09:35:04,309 [WARN] ApiDb:259 - Overriding images path with different value:  => A:\STM32CUBEIDE\STM32CubeIDE_1.18.0\STM32CubeIDE\plugins\com.st.stm32cube.common.mx_6.14.0.202502271554\\db\/plugins/mcufinder/images/
2025-06-19 09:35:04,315 [INFO] ApiDb:250 - Set database path to: C:\Users\14931\.stmcufinder\plugins\mcufinder//mcu/
2025-06-19 09:35:04,317 [INFO] DbMcusAds:125 - Set database path to: C:\Users\14931\.stmcufinder\plugins\mcufinder//mcu/
2025-06-19 09:35:04,319 [INFO] CrossReferenceDbSqlite:203 - Set database path to: C:\Users\14931\.stmcufinder\plugins\mcufinder//mcu/cs/
2025-06-19 09:35:04,415 [INFO] RulesReader:64 - Compatibility file has been processed (301 Rules)
2025-06-19 09:35:04,478 [INFO] DbMcusXml:78 - Set database path to: A:\STM32CUBEIDE\STM32CubeIDE_1.18.0\STM32CubeIDE\plugins\com.st.stm32cube.common.mx_6.14.0.202502271554\\db\/mcu/
2025-06-19 09:35:04,478 [INFO] ApiDb:274 - Set plugin database path to: A:\STM32CUBEIDE\STM32CubeIDE_1.18.0\STM32CubeIDE\plugins\com.st.stm32cube.common.mx_6.14.0.202502271554\\db\/plugins/boardmanager/
2025-06-19 09:35:04,478 [INFO] ApiDb:261 - Set plugin images path to: A:\STM32CUBEIDE\STM32CubeIDE_1.18.0\STM32CubeIDE\plugins\com.st.stm32cube.common.mx_6.14.0.202502271554\\db\/plugins/mcufinder/images/
2025-06-19 09:35:04,479 [WARN] DbFile:41 - Overriding database path with different value: C:\Users\14931\.stmcufinder\plugins\mcufinder/ => C:\Users\14931\.stmcufinder\plugins\mcufinder
2025-06-19 09:35:04,479 [INFO] ApiDb:250 - Set database path to: C:\Users\14931\.stmcufinder\plugins\mcufinder//mcu/
2025-06-19 09:35:04,479 [WARN] DbFile:41 - Overriding database path with different value: C:\Users\14931\.stmcufinder\plugins\mcufinder/ => C:\Users\14931\.stmcufinder\plugins\mcufinder
2025-06-19 09:35:04,479 [INFO] DbMcusAds:125 - Set database path to: C:\Users\14931\.stmcufinder\plugins\mcufinder//mcu/
2025-06-19 09:35:04,479 [WARN] DbFile:41 - Overriding database path with different value: C:\Users\14931\.stmcufinder\plugins\mcufinder/ => C:\Users\14931\.stmcufinder\plugins\mcufinder
2025-06-19 09:35:04,479 [WARN] DbFile:41 - Overriding database path with different value: C:\Users\14931\.stmcufinder\plugins\mcufinder/ => C:\Users\14931\.stmcufinder\plugins\mcufinder
2025-06-19 09:35:04,479 [INFO] CrossReferenceDbSqlite:203 - Set database path to: C:\Users\14931\.stmcufinder\plugins\mcufinder//mcu/cs/
2025-06-19 09:35:04,541 [INFO] MainPanel:272 - HeapMemory: 271581184
2025-06-19 09:35:04,625 [INFO] DbMcusXml:78 - Set database path to: A:\STM32CUBEIDE\STM32CubeIDE_1.18.0\STM32CubeIDE\plugins\com.st.stm32cube.common.mx_6.14.0.202502271554\\db\/mcu/
2025-06-19 09:35:04,625 [INFO] ApiDb:274 - Set plugin database path to: A:\STM32CUBEIDE\STM32CubeIDE_1.18.0\STM32CubeIDE\plugins\com.st.stm32cube.common.mx_6.14.0.202502271554\\db\/plugins/boardmanager/
2025-06-19 09:35:04,625 [INFO] ApiDb:261 - Set plugin images path to: A:\STM32CUBEIDE\STM32CubeIDE_1.18.0\STM32CubeIDE\plugins\com.st.stm32cube.common.mx_6.14.0.202502271554\\db\/plugins/mcufinder/images/
2025-06-19 09:35:04,626 [WARN] DbFile:41 - Overriding database path with different value: C:\Users\14931\.stmcufinder\plugins\mcufinder/ => C:\Users\14931\.stmcufinder\plugins\mcufinder
2025-06-19 09:35:04,626 [INFO] ApiDb:250 - Set database path to: C:\Users\14931\.stmcufinder\plugins\mcufinder//mcu/
2025-06-19 09:35:04,626 [WARN] DbFile:41 - Overriding database path with different value: C:\Users\14931\.stmcufinder\plugins\mcufinder/ => C:\Users\14931\.stmcufinder\plugins\mcufinder
2025-06-19 09:35:04,626 [INFO] DbMcusAds:125 - Set database path to: C:\Users\14931\.stmcufinder\plugins\mcufinder//mcu/
2025-06-19 09:35:04,626 [WARN] DbFile:41 - Overriding database path with different value: C:\Users\14931\.stmcufinder\plugins\mcufinder/ => C:\Users\14931\.stmcufinder\plugins\mcufinder
2025-06-19 09:35:04,626 [WARN] DbFile:41 - Overriding database path with different value: C:\Users\14931\.stmcufinder\plugins\mcufinder/ => C:\Users\14931\.stmcufinder\plugins\mcufinder
2025-06-19 09:35:04,626 [INFO] CrossReferenceDbSqlite:203 - Set database path to: C:\Users\14931\.stmcufinder\plugins\mcufinder//mcu/cs/
2025-06-19 09:35:04,641 [INFO] ApplicationProperties:184 - Using Application install path: A:\STM32CUBEIDE\STM32CubeIDE_1.18.0\STM32CubeIDE\plugins\com.st.stm32cube.common.mx_6.14.0.202502271554
2025-06-19 09:35:04,642 [INFO] PluginManage:196 - Search for loadable plugins [exclusion list=, ]
2025-06-19 09:35:04,644 [INFO] PluginManage:310 - Check plugin analytics
2025-06-19 09:35:04,804 [INFO] AnalyticsPlugin:253 - Accepted Software Licenses: 
2025-06-19 09:35:04,804 [INFO] AnalyticsPlugin:255 - Accepted CMSIS Pack Licenses: 
2025-06-19 09:35:04,804 [INFO] AnalyticsPlugin:257 - Accepted Firmware Licenses: 
2025-06-19 09:35:04,806 [INFO] PluginManage:359 - Loaded plugin analytics (category:tool,tabindex:-1)
2025-06-19 09:35:04,806 [INFO] PluginManage:310 - Check plugin cadmodel
2025-06-19 09:35:04,813 [INFO] CADModel:105 - Init CAD model plugin
2025-06-19 09:35:04,814 [INFO] PluginManage:359 - Loaded plugin cadmodel (category:power,tabindex:5)
2025-06-19 09:35:04,814 [INFO] PluginManage:310 - Check plugin clock
2025-06-19 09:35:04,823 [INFO] PluginManage:359 - Loaded plugin clock (category:base,tabindex:2)
2025-06-19 09:35:04,823 [INFO] PluginManage:310 - Check plugin ddr
2025-06-19 09:35:04,826 [INFO] PluginManage:359 - Loaded plugin ddr (category:tool,tabindex:6)
2025-06-19 09:35:04,826 [INFO] PluginManage:310 - Check plugin filemanager
2025-06-19 09:35:04,950 [INFO] PluginManage:359 - Loaded plugin filemanager (category:base,tabindex:10)
2025-06-19 09:35:04,950 [INFO] PluginManage:310 - Check plugin ipmanager
2025-06-19 09:35:04,956 [INFO] PluginManage:359 - Loaded plugin ipmanager (category:base,tabindex:5)
2025-06-19 09:35:04,956 [INFO] PluginManage:310 - Check plugin lpbam
2025-06-19 09:35:04,965 [INFO] PluginManage:359 - Loaded plugin lpbam (category:base,tabindex:0)
2025-06-19 09:35:04,965 [INFO] PluginManage:310 - Check plugin memorymap
2025-06-19 09:35:04,980 [INFO] PluginManage:359 - Loaded plugin memorymap (category:base,tabindex:4)
2025-06-19 09:35:04,980 [INFO] PluginManage:310 - Check plugin pinoutandconfiguration
2025-06-19 09:35:04,987 [INFO] PluginManage:359 - Loaded plugin pinoutandconfiguration (category:base,tabindex:1)
2025-06-19 09:35:04,987 [INFO] PluginManage:310 - Check plugin pinoutconfig
2025-06-19 09:35:05,062 [WARN] SupportedApi:132 - Cannot load RTOS API schema: s4s-elt-must-match.1: The content of 'definitions' must match (annotation?, (simpleType | complexType)?, (unique | key | keyref)*)). A problem was found starting at: attribute.
2025-06-19 09:35:05,182 [INFO] PluginManage:359 - Loaded plugin pinoutconfig (category:base,tabindex:0)
2025-06-19 09:35:05,182 [INFO] PluginManage:310 - Check plugin power
2025-06-19 09:35:05,191 [INFO] PluginManage:359 - Loaded plugin power (category:power,tabindex:4)
2025-06-19 09:35:05,192 [INFO] PluginManage:310 - Check plugin projectmanager
2025-06-19 09:35:05,203 [INFO] PluginManage:359 - Loaded plugin projectmanager (category:projectmanager,tabindex:4)
2025-06-19 09:35:05,203 [INFO] PluginManage:310 - Check plugin rif
2025-06-19 09:35:05,211 [INFO] PluginManage:359 - Loaded plugin rif (category:base,tabindex:3)
2025-06-19 09:35:05,211 [INFO] PluginManage:310 - Check plugin thirdparty
2025-06-19 09:35:05,318 [INFO] PluginManage:359 - Loaded plugin thirdparty (category:base,tabindex:-1)
2025-06-19 09:35:05,318 [WARN] IntegrityCheckThread:84 - waiting for thirdparty lock release [integrity check]
2025-06-19 09:35:05,318 [INFO] PluginManage:310 - Check plugin tools
2025-06-19 09:35:05,318 [INFO] IntegrityCheckThread:86 - entering critical section [integrity check]
2025-06-19 09:35:05,318 [INFO] ThirdPartyUpdaterWithRetryManager:70 - Updater plugin not ready yet. [1/15]
2025-06-19 09:35:05,320 [INFO] PluginManage:359 - Loaded plugin tools (category:base,tabindex:7)
2025-06-19 09:35:05,321 [INFO] PluginManage:310 - Check plugin tutovideos
2025-06-19 09:35:05,471 [INFO] PluginManage:359 - Loaded plugin tutovideos (category:base,tabindex:-1)
2025-06-19 09:35:05,471 [INFO] PluginManage:310 - Check plugin updater
2025-06-19 09:35:05,488 [INFO] PluginManage:359 - Loaded plugin updater (category:base,tabindex:12)
2025-06-19 09:35:05,488 [INFO] PluginManage:310 - Check plugin userauth
2025-06-19 09:35:05,492 [INFO] UserAuth:118 - Init User Auth plugin
2025-06-19 09:35:05,493 [INFO] PluginManage:359 - Loaded plugin userauth (category:base,tabindex:14)
2025-06-19 09:35:05,493 [INFO] PluginManage:283 - PluginManage : Loaded plugins [18]
2025-06-19 09:35:05,668 [INFO] PinOutPanel:1589 - setPackage(No Configuration,No Configuration)
2025-06-19 09:35:05,737 [INFO] CADModel:165 - CPN selected for project level
2025-06-19 09:35:05,738 [INFO] CADModel:114 - Register for checkConnection events
2025-06-19 09:35:05,756 [INFO] IPUIPlugin:80 - create IPUIPlugin
2025-06-19 09:35:05,756 [INFO] PluginManager:220 - loadIPPluginJar : add adc
2025-06-19 09:35:05,758 [INFO] IPUIPlugin:80 - create IPUIPlugin
2025-06-19 09:35:05,758 [INFO] PluginManager:220 - loadIPPluginJar : add aes
2025-06-19 09:35:05,761 [INFO] IPUIPlugin:80 - create IPUIPlugin
2025-06-19 09:35:05,761 [INFO] PluginManager:220 - loadIPPluginJar : add can
2025-06-19 09:35:05,762 [INFO] IPUIPlugin:80 - create IPUIPlugin
2025-06-19 09:35:05,762 [INFO] PluginManager:220 - loadIPPluginJar : add comp
2025-06-19 09:35:05,764 [INFO] IPUIPlugin:80 - create IPUIPlugin
2025-06-19 09:35:05,764 [INFO] PluginManager:220 - loadIPPluginJar : add cryp
2025-06-19 09:35:05,767 [INFO] IPUIPlugin:80 - create IPUIPlugin
2025-06-19 09:35:05,767 [INFO] PluginManager:220 - loadIPPluginJar : add ddr_ctrl_phy
2025-06-19 09:35:05,769 [INFO] IPUIPlugin:80 - create IPUIPlugin
2025-06-19 09:35:05,769 [INFO] PluginManager:220 - loadIPPluginJar : add dfsdm
2025-06-19 09:35:05,773 [INFO] IPUIPlugin:80 - create IPUIPlugin
2025-06-19 09:35:05,773 [INFO] PluginManager:220 - loadIPPluginJar : add dma
2025-06-19 09:35:05,777 [INFO] IPUIPlugin:80 - create IPUIPlugin
2025-06-19 09:35:05,777 [INFO] PluginManager:220 - loadIPPluginJar : add dma3
2025-06-19 09:35:05,779 [INFO] IPUIPlugin:80 - create IPUIPlugin
2025-06-19 09:35:05,779 [INFO] PluginManager:220 - loadIPPluginJar : add extmemmanager
2025-06-19 09:35:05,781 [INFO] IPUIPlugin:80 - create IPUIPlugin
2025-06-19 09:35:05,781 [INFO] PluginManager:220 - loadIPPluginJar : add fatfs
2025-06-19 09:35:05,784 [INFO] IPUIPlugin:80 - create IPUIPlugin
2025-06-19 09:35:05,785 [INFO] PluginManager:220 - loadIPPluginJar : add fmc
2025-06-19 09:35:05,789 [INFO] IPUIPlugin:80 - create IPUIPlugin
2025-06-19 09:35:05,789 [INFO] PluginManager:220 - loadIPPluginJar : add freertos
2025-06-19 09:35:05,791 [INFO] IPUIPlugin:80 - create IPUIPlugin
2025-06-19 09:35:05,791 [INFO] PluginManager:220 - loadIPPluginJar : add genericplugin
2025-06-19 09:35:05,793 [INFO] IPUIPlugin:80 - create IPUIPlugin
2025-06-19 09:35:05,794 [INFO] PluginManager:220 - loadIPPluginJar : add gfxmmu
2025-06-19 09:35:05,797 [INFO] IPUIPlugin:80 - create IPUIPlugin
2025-06-19 09:35:05,798 [INFO] PluginManager:220 - loadIPPluginJar : add gic
2025-06-19 09:35:05,801 [INFO] IPUIPlugin:80 - create IPUIPlugin
2025-06-19 09:35:05,802 [INFO] PluginManager:220 - loadIPPluginJar : add gpio
2025-06-19 09:35:05,804 [INFO] IPUIPlugin:80 - create IPUIPlugin
2025-06-19 09:35:05,805 [INFO] PluginManager:220 - loadIPPluginJar : add gtzc
2025-06-19 09:35:05,808 [INFO] IPUIPlugin:80 - create IPUIPlugin
2025-06-19 09:35:05,808 [INFO] PluginManager:220 - loadIPPluginJar : add hash
2025-06-19 09:35:05,810 [INFO] IPUIPlugin:80 - create IPUIPlugin
2025-06-19 09:35:05,811 [INFO] PluginManager:220 - loadIPPluginJar : add i2c
2025-06-19 09:35:05,813 [INFO] IPUIPlugin:80 - create IPUIPlugin
2025-06-19 09:35:05,814 [INFO] PluginManager:220 - loadIPPluginJar : add i2s
2025-06-19 09:35:05,816 [INFO] IPUIPlugin:80 - create IPUIPlugin
2025-06-19 09:35:05,816 [INFO] PluginManager:220 - loadIPPluginJar : add i3c
2025-06-19 09:35:05,820 [INFO] IPUIPlugin:80 - create IPUIPlugin
2025-06-19 09:35:05,820 [INFO] PluginManager:220 - loadIPPluginJar : add ipddr
2025-06-19 09:35:05,827 [INFO] IPUIPlugin:80 - create IPUIPlugin
2025-06-19 09:35:05,827 [INFO] PluginManager:220 - loadIPPluginJar : add linkedlist
2025-06-19 09:35:05,830 [INFO] IPUIPlugin:80 - create IPUIPlugin
2025-06-19 09:35:05,830 [INFO] PluginManager:220 - loadIPPluginJar : add lorawan
2025-06-19 09:35:05,831 [INFO] IPUIPlugin:80 - create IPUIPlugin
2025-06-19 09:35:05,831 [INFO] PluginManager:220 - loadIPPluginJar : add ltdc
2025-06-19 09:35:05,837 [INFO] IPUIPlugin:80 - create IPUIPlugin
2025-06-19 09:35:05,837 [INFO] PluginManager:220 - loadIPPluginJar : add mdma
2025-06-19 09:35:05,840 [INFO] IPUIPlugin:80 - create IPUIPlugin
2025-06-19 09:35:05,840 [INFO] PluginManager:220 - loadIPPluginJar : add nvic
2025-06-19 09:35:05,842 [INFO] IPUIPlugin:80 - create IPUIPlugin
2025-06-19 09:35:05,842 [INFO] PluginManager:220 - loadIPPluginJar : add opamp
2025-06-19 09:35:05,845 [INFO] IPUIPlugin:80 - create IPUIPlugin
2025-06-19 09:35:05,845 [INFO] PluginManager:220 - loadIPPluginJar : add openamp
2025-06-19 09:35:05,847 [INFO] IPUIPlugin:80 - create IPUIPlugin
2025-06-19 09:35:05,847 [INFO] PluginManager:220 - loadIPPluginJar : add pdm2pcm
2025-06-19 09:35:05,852 [INFO] IPUIPlugin:80 - create IPUIPlugin
2025-06-19 09:35:05,854 [INFO] PluginManager:220 - loadIPPluginJar : add plateformsettings
2025-06-19 09:35:05,855 [INFO] IPUIPlugin:80 - create IPUIPlugin
2025-06-19 09:35:05,855 [INFO] PluginManager:220 - loadIPPluginJar : add quadspi
2025-06-19 09:35:05,856 [INFO] IPUIPlugin:80 - create IPUIPlugin
2025-06-19 09:35:05,857 [INFO] PluginManager:220 - loadIPPluginJar : add radio
2025-06-19 09:35:05,860 [INFO] IPUIPlugin:80 - create IPUIPlugin
2025-06-19 09:35:05,860 [INFO] PluginManager:220 - loadIPPluginJar : add resmgrutility
2025-06-19 09:35:05,863 [INFO] IPUIPlugin:80 - create IPUIPlugin
2025-06-19 09:35:05,863 [INFO] PluginManager:220 - loadIPPluginJar : add sai
2025-06-19 09:35:05,866 [INFO] IPUIPlugin:80 - create IPUIPlugin
2025-06-19 09:35:05,866 [INFO] PluginManager:220 - loadIPPluginJar : add spi
2025-06-19 09:35:05,873 [INFO] IPUIPlugin:80 - create IPUIPlugin
2025-06-19 09:35:05,873 [INFO] PluginManager:220 - loadIPPluginJar : add stm32_wpan
2025-06-19 09:35:05,876 [INFO] IPUIPlugin:80 - create IPUIPlugin
2025-06-19 09:35:05,877 [INFO] PluginManager:220 - loadIPPluginJar : add tim
2025-06-19 09:35:05,881 [INFO] IPUIPlugin:80 - create IPUIPlugin
2025-06-19 09:35:05,881 [INFO] PluginManager:220 - loadIPPluginJar : add touchsensing
2025-06-19 09:35:05,883 [INFO] IPUIPlugin:80 - create IPUIPlugin
2025-06-19 09:35:05,883 [INFO] PluginManager:220 - loadIPPluginJar : add tracer_emb
2025-06-19 09:35:05,887 [INFO] IPUIPlugin:80 - create IPUIPlugin
2025-06-19 09:35:05,887 [INFO] PluginManager:220 - loadIPPluginJar : add ts
2025-06-19 09:35:05,889 [INFO] IPUIPlugin:80 - create IPUIPlugin
2025-06-19 09:35:05,889 [INFO] PluginManager:220 - loadIPPluginJar : add tsc
2025-06-19 09:35:05,891 [INFO] IPUIPlugin:80 - create IPUIPlugin
2025-06-19 09:35:05,891 [INFO] PluginManager:220 - loadIPPluginJar : add ucpd
2025-06-19 09:35:05,894 [INFO] IPUIPlugin:80 - create IPUIPlugin
2025-06-19 09:35:05,894 [INFO] PluginManager:220 - loadIPPluginJar : add usart
2025-06-19 09:35:05,897 [INFO] IPUIPlugin:80 - create IPUIPlugin
2025-06-19 09:35:05,897 [INFO] PluginManager:220 - loadIPPluginJar : add usbx
2025-06-19 09:35:06,012 [FATAL] Updater:351 - Updater called before beeing initialized
2025-06-19 09:35:06,033 [INFO] RulesReader:64 - Compatibility file has been processed (301 Rules)
2025-06-19 09:35:06,040 [INFO] RulesReader:64 - Compatibility file has been processed (301 Rules)
2025-06-19 09:35:06,045 [INFO] CADModel:165 - CPN selected for project level
2025-06-19 09:35:06,045 [INFO] CADModel:114 - Register for checkConnection events
2025-06-19 09:35:06,045 [FATAL] Updater:351 - Updater called before beeing initialized
2025-06-19 09:35:06,045 [ERROR] CADModel:125 - Updater not yet initialized, retry later 
2025-06-19 09:35:06,175 [FATAL] Updater:351 - Updater called before beeing initialized
2025-06-19 09:35:06,177 [INFO] CADModel:165 - CPN selected for project level
2025-06-19 09:35:06,177 [INFO] CADModel:114 - Register for checkConnection events
2025-06-19 09:35:06,177 [FATAL] Updater:351 - Updater called before beeing initialized
2025-06-19 09:35:06,177 [ERROR] CADModel:125 - Updater not yet initialized, retry later 
2025-06-19 09:35:06,179 [FATAL] Updater:351 - Updater called before beeing initialized
2025-06-19 09:35:06,259 [FATAL] Updater:351 - Updater called before beeing initialized
2025-06-19 09:35:06,263 [INFO] DbMcusAds:53 - JSON generation date=Wed May 07 17:07:55 CST 2025 (1746608875484)
2025-06-19 09:35:06,263 [FATAL] Updater:351 - Updater called before beeing initialized
2025-06-19 09:35:06,295 [WARN] DetailPanel:346 - Failed to get advertising image, set to default
2025-06-19 09:35:06,538 [FATAL] Updater:351 - Updater called before beeing initialized
2025-06-19 09:35:06,540 [FATAL] Updater:351 - Updater called before beeing initialized
2025-06-19 09:35:06,540 [FATAL] Updater:351 - Updater called before beeing initialized
2025-06-19 09:35:06,540 [WARN] DetailPanel:346 - Failed to get advertising image, set to default
2025-06-19 09:35:06,541 [FATAL] Updater:351 - Updater called before beeing initialized
2025-06-19 09:35:06,577 [ERROR] Updater:1198 - MainUpdater not yet initialized. External WinMGr cannot be set.
2025-06-19 09:35:06,579 [INFO] Updater:1134 - Updater Version found : 6.14.0
2025-06-19 09:35:06,594 [INFO] ApplicationProperties:184 - Using Application install path: A:\STM32CUBEIDE\STM32CubeIDE_1.18.0\STM32CubeIDE\plugins\com.st.stm32cube.common.mx_6.14.0.202502271554
2025-06-19 09:35:06,914 [INFO] MainUpdater:2872 - connection check result : 10
2025-06-19 09:35:06,914 [INFO] MainUpdater:289 - Updater Check For Update Now.
2025-06-19 09:35:06,914 [INFO] MicroXplorer:498 - Change Database Version : DB.6.0.140
2025-06-19 09:35:06,918 [INFO] McuFinderGlobals:63 - Set McuFinder mode to 2 (CubeIDE integrated)
2025-06-19 09:35:06,919 [INFO] UserAuth:486 - Internet connection configuration mode: 1
2025-06-19 09:35:06,939 [INFO] JxBrowserEngine:152 - Initiate JxBrowser Engine with user profile folder
2025-06-19 09:35:07,071 [INFO] CheckServerUpdateThread:120 - End of CheckServer Thread
2025-06-19 09:35:08,465 [INFO] WebApp:169 - Instantiating new browser for Auth
2025-06-19 09:35:08,486 [WARN] PackLoader:240 - Cannot read IP mode file for Avnet-IotConnect.X-CUBE-IoTC-DA16k-PMOD.1.0.0
2025-06-19 09:35:08,497 [WARN] PackLoader:240 - Cannot read IP mode file for STMicroelectronics.X-CUBE-ST60.1.0.0
2025-06-19 09:35:08,517 [WARN] PackLoader:240 - Cannot read IP mode file for STMicroelectronics.X-CUBE-FREERTOS.1.3.1
2025-06-19 09:35:08,525 [WARN] PackLoader:240 - Cannot read IP mode file for emotas.I-CUBE-CANOPEN.1.3.0
2025-06-19 09:35:08,535 [WARN] PackLoader:240 - Cannot read IP mode file for STMicroelectronics.X-CUBE-FREERTOS.1.3.0
2025-06-19 09:35:08,547 [WARN] PackLoader:240 - Cannot read IP mode file for STMicroelectronics.X-CUBE-NFC7.1.0.1
2025-06-19 09:35:08,553 [WARN] ConditionMgr:438 - getConditionDescription Invalid condition id : Cortex-A Device cause : null
2025-06-19 09:35:08,570 [WARN] ConditionMgr:1044 - genDependencies : Invalid condition id : Cortex-A Device cause : null
2025-06-19 09:35:08,571 [WARN] ConditionMgr:1044 - genDependencies : Invalid condition id : Cortex-A Device cause : null
2025-06-19 09:35:08,571 [WARN] ConditionMgr:1044 - genDependencies : Invalid condition id : Cortex-A Device cause : null
2025-06-19 09:35:08,576 [WARN] PackLoader:240 - Cannot read IP mode file for STMicroelectronics.X-CUBE-AI.10.0.0
2025-06-19 09:35:08,641 [WARN] PackLoader:240 - Cannot read IP mode file for STMicroelectronics.X-CUBE-MEMS1.11.1.0
2025-06-19 09:35:08,780 [WARN] PackLoader:240 - Cannot read IP mode file for STMicroelectronics.X-CUBE-AI.10.1.0
2025-06-19 09:35:08,819 [WARN] PackLoader:240 - Cannot read IP mode file for STMicroelectronics.X-CUBE-MEMS1.11.2.0
2025-06-19 09:35:08,939 [WARN] PackLoader:240 - Cannot read IP mode file for EmbeddedOffice.I-CUBE-FS-RTOS.1.0.1
2025-06-19 09:35:08,947 [WARN] PackLoader:240 - Cannot read IP mode file for STMicroelectronics.X-CUBE-WB05N.2.0.0
2025-06-19 09:35:08,955 [WARN] PackLoader:240 - Cannot read IP mode file for wolfSSL.I-CUBE-wolfSSH.1.4.20
2025-06-19 09:35:08,959 [WARN] PackLoader:240 - Cannot read IP mode file for STMicroelectronics.X-CUBE-NFC7.2.0.0
2025-06-19 09:35:08,968 [WARN] PackLoader:240 - Cannot read IP mode file for RealThread.X-CUBE-RT-Thread_Nano.4.1.1
2025-06-19 09:35:08,995 [WARN] PackLoader:240 - Cannot read IP mode file for ITTIA_DB.I-CUBE-ITTIADB.8.9.0
2025-06-19 09:35:09,003 [WARN] PackLoader:240 - Cannot read IP mode file for portGmbH.I-Cube-SoM-uGOAL.1.1.0
2025-06-19 09:35:09,011 [WARN] PackLoader:240 - Cannot read IP mode file for STMicroelectronics.X-CUBE-ST67W61.1.0.0
2025-06-19 09:35:09,044 [WARN] PackLoader:240 - Cannot read IP mode file for SEGGER.I-CUBE-embOS.1.3.1
2025-06-19 09:35:09,119 [WARN] PackLoader:240 - Cannot read IP mode file for STMicroelectronics.X-CUBE-MEMS1.11.3.0
2025-06-19 09:35:09,236 [WARN] PackLoader:240 - Cannot read IP mode file for STMicroelectronics.X-CUBE-TOF1.3.4.2
2025-06-19 09:35:09,252 [WARN] PackLoader:240 - Cannot read IP mode file for STMicroelectronics.X-CUBE-TOF1.3.4.3
2025-06-19 09:35:09,263 [INFO] ThirdParty:978 - Integrity check success = true
2025-06-19 09:35:09,263 [INFO] IntegrityCheckThread:100 - exiting critical section [integrity check]
2025-06-19 09:35:09,263 [INFO] IntegrityCheckThread:103 - End integrity checks thread
2025-06-19 09:35:10,007 [INFO] WebApp:463 - Apply proxy settings
2025-06-19 09:35:10,007 [INFO] WebApp:548 - Chromium requires no authentication
2025-06-19 09:35:10,016 [INFO] WebApp:491 - Direct internet connection detected
2025-06-19 09:35:10,037 [INFO] WebApp:894 - Register for checkConnection events
2025-06-19 09:35:10,037 [INFO] WebApp:463 - Apply proxy settings
2025-06-19 09:35:10,038 [INFO] WebApp:548 - Chromium requires no authentication
2025-06-19 09:35:10,038 [INFO] WebApp:491 - Direct internet connection detected
2025-06-19 09:35:10,182 [INFO] WebApp:225 - Starting web application
2025-06-19 09:35:10,182 [INFO] WebApp:593 - Web application path used A:\STM32CUBEIDE\STM32CubeIDE_1.18.0\STM32CubeIDE\plugins\com.st.stm32cube.common.mx_6.14.0.202502271554\db\plugins\mcufinder\reactClient1\index.html
2025-06-19 09:35:10,264 [INFO] UserAuth:486 - Internet connection configuration mode: 1
2025-06-19 11:22:33,840 [ERROR] LogOutputStream:75 - [STDERR_REDIRECT] 
