2025-07-12 19:41:38,227 [INFO] Activator:176 - 


2025-07-12 19:41:38,231 [INFO] Activator:177 - !SESSION log4j initialized
2025-07-12 19:41:38,646 [ERROR] LogOutputStream:75 - [STDERR_REDIRECT] Warning: NLS unused message: ComplianceConfigurationBlock_version11 in: org.eclipse.jdt.internal.ui.preferences.PreferencesMessages
2025-07-12 19:41:38,649 [ERROR] LogOutputStream:75 - [STDERR_REDIRECT] Warning: NLS unused message: ComplianceConfigurationBlock_version12 in: org.eclipse.jdt.internal.ui.preferences.PreferencesMessages
2025-07-12 19:41:38,651 [ERROR] LogOutputStream:75 - [STDERR_REDIRECT] Warning: NLS unused message: ComplianceConfigurationBlock_version13 in: org.eclipse.jdt.internal.ui.preferences.PreferencesMessages
2025-07-12 19:41:38,654 [ERROR] LogOutputStream:75 - [STDERR_REDIRECT] Warning: NLS unused message: ComplianceConfigurationBlock_version14 in: org.eclipse.jdt.internal.ui.preferences.PreferencesMessages
2025-07-12 19:41:38,656 [ERROR] LogOutputStream:75 - [STDERR_REDIRECT] Warning: NLS unused message: ComplianceConfigurationBlock_version15 in: org.eclipse.jdt.internal.ui.preferences.PreferencesMessages
2025-07-12 19:41:38,657 [ERROR] LogOutputStream:75 - [STDERR_REDIRECT] Warning: NLS unused message: ComplianceConfigurationBlock_version9 in: org.eclipse.jdt.internal.ui.preferences.PreferencesMessages
2025-07-12 19:41:38,660 [ERROR] LogOutputStream:75 - [STDERR_REDIRECT] Warning: NLS unused message: ComplianceConfigurationBlock_version10 in: org.eclipse.jdt.internal.ui.preferences.PreferencesMessages
2025-07-12 19:41:38,662 [ERROR] LogOutputStream:75 - [STDERR_REDIRECT] Warning: NLS unused message: ComplianceConfigurationBlock_codegen_inline_jsr_bytecode_label in: org.eclipse.jdt.internal.ui.preferences.PreferencesMessages
2025-07-12 19:41:38,665 [ERROR] LogOutputStream:75 - [STDERR_REDIRECT] Warning: NLS unused message: ComplianceConfigurationBlock_pb_assert_as_identifier_label in: org.eclipse.jdt.internal.ui.preferences.PreferencesMessages
2025-07-12 19:41:38,668 [ERROR] LogOutputStream:75 - [STDERR_REDIRECT] Warning: NLS unused message: ComplianceConfigurationBlock_pb_enum_as_identifier_label in: org.eclipse.jdt.internal.ui.preferences.PreferencesMessages
2025-07-12 19:41:38,671 [ERROR] LogOutputStream:75 - [STDERR_REDIRECT] Warning: NLS unused message: ComplianceConfigurationBlock_cldc11_requires_source13_compliance_se14 in: org.eclipse.jdt.internal.ui.preferences.PreferencesMessages
2025-07-12 19:41:38,678 [ERROR] LogOutputStream:75 - [STDERR_REDIRECT] Warning: NLS unused message: CodeAssistConfigurationBlock_matchSubstring_label in: org.eclipse.jdt.internal.ui.preferences.PreferencesMessages
2025-07-12 19:41:38,702 [ERROR] LogOutputStream:75 - [STDERR_REDIRECT] Warning: NLS unused message: ProblemMarkerManager_problem_marker_update_job_description in: org.eclipse.jdt.internal.ui.JavaUIMessages
2025-07-12 19:41:38,706 [ERROR] LogOutputStream:75 - [STDERR_REDIRECT] Warning: NLS unused message: FilteredTypesSelectionDialog_default_package in: org.eclipse.jdt.internal.ui.JavaUIMessages
2025-07-12 19:41:38,708 [ERROR] LogOutputStream:75 - [STDERR_REDIRECT] Warning: NLS unused message: FilteredTypeSelectionDialog_showContainerForDuplicatesAction in: org.eclipse.jdt.internal.ui.JavaUIMessages
2025-07-12 19:41:38,710 [ERROR] LogOutputStream:75 - [STDERR_REDIRECT] Warning: NLS unused message: JavaElementLabels_anonym in: org.eclipse.jdt.internal.ui.JavaUIMessages
2025-07-12 19:41:38,712 [ERROR] LogOutputStream:75 - [STDERR_REDIRECT] Warning: NLS unused message: JavaElementLabels_concat_string in: org.eclipse.jdt.internal.ui.JavaUIMessages
2025-07-12 19:41:38,714 [ERROR] LogOutputStream:75 - [STDERR_REDIRECT] Warning: NLS unused message: JavaElementLabels_comma_string in: org.eclipse.jdt.internal.ui.JavaUIMessages
2025-07-12 19:41:38,716 [ERROR] LogOutputStream:75 - [STDERR_REDIRECT] Warning: NLS unused message: JavaElementLabels_declseparator_string in: org.eclipse.jdt.internal.ui.JavaUIMessages
2025-07-12 19:41:38,718 [ERROR] LogOutputStream:75 - [STDERR_REDIRECT] Warning: NLS unused message: JavaElementLabels_category_separator_string in: org.eclipse.jdt.internal.ui.JavaUIMessages
2025-07-12 19:41:38,720 [ERROR] LogOutputStream:75 - [STDERR_REDIRECT] Warning: NLS unused message: JavaElementLabels_import_container in: org.eclipse.jdt.internal.ui.JavaUIMessages
2025-07-12 19:41:38,884 [ERROR] LogOutputStream:75 - [STDERR_REDIRECT] Warning: NLS unused message: FindReplace_title in: org.eclipse.ui.texteditor.EditorMessages
2025-07-12 19:41:38,885 [ERROR] LogOutputStream:75 - [STDERR_REDIRECT] Warning: NLS unused message: FindReplace_Find_label in: org.eclipse.ui.texteditor.EditorMessages
2025-07-12 19:41:38,887 [ERROR] LogOutputStream:75 - [STDERR_REDIRECT] Warning: NLS unused message: FindReplace_Replace_label in: org.eclipse.ui.texteditor.EditorMessages
2025-07-12 19:41:38,888 [ERROR] LogOutputStream:75 - [STDERR_REDIRECT] Warning: NLS unused message: FindReplace_Direction in: org.eclipse.ui.texteditor.EditorMessages
2025-07-12 19:41:38,890 [ERROR] LogOutputStream:75 - [STDERR_REDIRECT] Warning: NLS unused message: FindReplace_ForwardRadioButton_label in: org.eclipse.ui.texteditor.EditorMessages
2025-07-12 19:41:38,893 [ERROR] LogOutputStream:75 - [STDERR_REDIRECT] Warning: NLS unused message: FindReplace_BackwardRadioButton_label in: org.eclipse.ui.texteditor.EditorMessages
2025-07-12 19:41:38,896 [ERROR] LogOutputStream:75 - [STDERR_REDIRECT] Warning: NLS unused message: FindReplace_Scope in: org.eclipse.ui.texteditor.EditorMessages
2025-07-12 19:41:38,897 [ERROR] LogOutputStream:75 - [STDERR_REDIRECT] Warning: NLS unused message: FindReplace_GlobalRadioButton_label in: org.eclipse.ui.texteditor.EditorMessages
2025-07-12 19:41:38,900 [ERROR] LogOutputStream:75 - [STDERR_REDIRECT] Warning: NLS unused message: FindReplace_SelectedRangeRadioButton_label in: org.eclipse.ui.texteditor.EditorMessages
2025-07-12 19:41:38,901 [ERROR] LogOutputStream:75 - [STDERR_REDIRECT] Warning: NLS unused message: FindReplace_Options in: org.eclipse.ui.texteditor.EditorMessages
2025-07-12 19:41:38,903 [ERROR] LogOutputStream:75 - [STDERR_REDIRECT] Warning: NLS unused message: FindReplace_CaseCheckBox_label in: org.eclipse.ui.texteditor.EditorMessages
2025-07-12 19:41:38,906 [ERROR] LogOutputStream:75 - [STDERR_REDIRECT] Warning: NLS unused message: FindReplace_WrapCheckBox_label in: org.eclipse.ui.texteditor.EditorMessages
2025-07-12 19:41:38,907 [ERROR] LogOutputStream:75 - [STDERR_REDIRECT] Warning: NLS unused message: FindReplace_WholeWordCheckBox_label in: org.eclipse.ui.texteditor.EditorMessages
2025-07-12 19:41:38,909 [ERROR] LogOutputStream:75 - [STDERR_REDIRECT] Warning: NLS unused message: FindReplace_IncrementalCheckBox_label in: org.eclipse.ui.texteditor.EditorMessages
2025-07-12 19:41:38,911 [ERROR] LogOutputStream:75 - [STDERR_REDIRECT] Warning: NLS unused message: FindReplace_RegExCheckbox_label in: org.eclipse.ui.texteditor.EditorMessages
2025-07-12 19:41:38,913 [ERROR] LogOutputStream:75 - [STDERR_REDIRECT] Warning: NLS unused message: FindReplace_FindNextButton_label in: org.eclipse.ui.texteditor.EditorMessages
2025-07-12 19:41:38,915 [ERROR] LogOutputStream:75 - [STDERR_REDIRECT] Warning: NLS unused message: FindReplace_ReplaceFindButton_label in: org.eclipse.ui.texteditor.EditorMessages
2025-07-12 19:41:38,917 [ERROR] LogOutputStream:75 - [STDERR_REDIRECT] Warning: NLS unused message: FindReplace_ReplaceSelectionButton_label in: org.eclipse.ui.texteditor.EditorMessages
2025-07-12 19:41:38,919 [ERROR] LogOutputStream:75 - [STDERR_REDIRECT] Warning: NLS unused message: FindReplace_ReplaceAllButton_label in: org.eclipse.ui.texteditor.EditorMessages
2025-07-12 19:41:38,921 [ERROR] LogOutputStream:75 - [STDERR_REDIRECT] Warning: NLS unused message: FindReplace_CloseButton_label in: org.eclipse.ui.texteditor.EditorMessages
2025-07-12 19:41:38,923 [ERROR] LogOutputStream:75 - [STDERR_REDIRECT] Warning: NLS unused message: FindReplace_Status_replacements_label in: org.eclipse.ui.texteditor.EditorMessages
2025-07-12 19:41:38,925 [ERROR] LogOutputStream:75 - [STDERR_REDIRECT] Warning: NLS unused message: FindReplace_Status_wrapped_label in: org.eclipse.ui.texteditor.EditorMessages
2025-07-12 19:41:39,094 [ERROR] LogOutputStream:75 - [STDERR_REDIRECT] Warning: NLS unused message: FileDocumentProvider_getPersistedEncoding in: org.eclipse.ui.editors.text.TextEditorMessages
2025-07-12 19:41:41,006 [ERROR] LogOutputStream:75 - [STDERR_REDIRECT] Warning: NLS unused message: TextSearchVisitor_progress_updating_job in: org.eclipse.search.internal.ui.SearchMessages
2025-07-12 19:41:41,008 [ERROR] LogOutputStream:75 - [STDERR_REDIRECT] Warning: NLS unused message: SearchPageSelectionDialog_rememberLastUsedPage_message in: org.eclipse.search.internal.ui.SearchMessages
2025-07-12 19:41:43,161 [ERROR] LogOutputStream:75 - [STDERR_REDIRECT] Warning: NLS unused message: ShowInNavigatorView_label in: org.eclipse.jdt.internal.ui.actions.ActionMessages
2025-07-12 19:41:43,162 [ERROR] LogOutputStream:75 - [STDERR_REDIRECT] Warning: NLS unused message: ShowInNavigatorView_dialog_title in: org.eclipse.jdt.internal.ui.actions.ActionMessages
2025-07-12 19:41:43,164 [ERROR] LogOutputStream:75 - [STDERR_REDIRECT] Warning: NLS unused message: ShowInNavigatorView_dialog_message in: org.eclipse.jdt.internal.ui.actions.ActionMessages
2025-07-12 19:41:43,165 [ERROR] LogOutputStream:75 - [STDERR_REDIRECT] Warning: NLS unused message: ShowInNavigatorView_error_activation_failed in: org.eclipse.jdt.internal.ui.actions.ActionMessages
2025-07-12 19:41:43,167 [ERROR] LogOutputStream:75 - [STDERR_REDIRECT] Warning: NLS unused message: OrganizeImportsAction_error_message in: org.eclipse.jdt.internal.ui.actions.ActionMessages
2025-07-12 19:41:43,365 [INFO] LogOutputStream:77 - [STDOUT_REDIRECT] 
2025-07-12 19:41:47,780 [INFO] ApplicationProperties:184 - Using Application install path: A:\STM32CUBEIDE\STM32CubeIDE_1.18.0\STM32CubeIDE\plugins\com.st.stm32cube.common.mx_6.14.0.202502271554
2025-07-12 19:41:47,806 [INFO] DbMcusXml:78 - Set database path to: A:\STM32CUBEIDE\STM32CubeIDE_1.18.0\STM32CubeIDE\plugins\com.st.stm32cube.common.mx_6.14.0.202502271554\\db\/mcu/
2025-07-12 19:41:47,807 [INFO] ApiDb:274 - Set plugin database path to: A:\STM32CUBEIDE\STM32CubeIDE_1.18.0\STM32CubeIDE\plugins\com.st.stm32cube.common.mx_6.14.0.202502271554\\db\/plugins/boardmanager/
2025-07-12 19:41:47,807 [WARN] ApiDb:259 - Overriding images path with different value:  => A:\STM32CUBEIDE\STM32CubeIDE_1.18.0\STM32CubeIDE\plugins\com.st.stm32cube.common.mx_6.14.0.202502271554\\db\/plugins/mcufinder/images/
2025-07-12 19:41:47,815 [INFO] ApiDb:250 - Set database path to: C:\Users\14931\.stmcufinder\plugins\mcufinder//mcu/
2025-07-12 19:41:47,817 [INFO] DbMcusAds:125 - Set database path to: C:\Users\14931\.stmcufinder\plugins\mcufinder//mcu/
2025-07-12 19:41:47,820 [INFO] CrossReferenceDbSqlite:203 - Set database path to: C:\Users\14931\.stmcufinder\plugins\mcufinder//mcu/cs/
2025-07-12 19:41:47,960 [INFO] RulesReader:64 - Compatibility file has been processed (301 Rules)
2025-07-12 19:41:48,053 [INFO] DbMcusXml:78 - Set database path to: A:\STM32CUBEIDE\STM32CubeIDE_1.18.0\STM32CubeIDE\plugins\com.st.stm32cube.common.mx_6.14.0.202502271554\\db\/mcu/
2025-07-12 19:41:48,053 [INFO] ApiDb:274 - Set plugin database path to: A:\STM32CUBEIDE\STM32CubeIDE_1.18.0\STM32CubeIDE\plugins\com.st.stm32cube.common.mx_6.14.0.202502271554\\db\/plugins/boardmanager/
2025-07-12 19:41:48,053 [INFO] ApiDb:261 - Set plugin images path to: A:\STM32CUBEIDE\STM32CubeIDE_1.18.0\STM32CubeIDE\plugins\com.st.stm32cube.common.mx_6.14.0.202502271554\\db\/plugins/mcufinder/images/
2025-07-12 19:41:48,054 [WARN] DbFile:41 - Overriding database path with different value: C:\Users\14931\.stmcufinder\plugins\mcufinder/ => C:\Users\14931\.stmcufinder\plugins\mcufinder
2025-07-12 19:41:48,054 [INFO] ApiDb:250 - Set database path to: C:\Users\14931\.stmcufinder\plugins\mcufinder//mcu/
2025-07-12 19:41:48,054 [WARN] DbFile:41 - Overriding database path with different value: C:\Users\14931\.stmcufinder\plugins\mcufinder/ => C:\Users\14931\.stmcufinder\plugins\mcufinder
2025-07-12 19:41:48,054 [INFO] DbMcusAds:125 - Set database path to: C:\Users\14931\.stmcufinder\plugins\mcufinder//mcu/
2025-07-12 19:41:48,054 [WARN] DbFile:41 - Overriding database path with different value: C:\Users\14931\.stmcufinder\plugins\mcufinder/ => C:\Users\14931\.stmcufinder\plugins\mcufinder
2025-07-12 19:41:48,054 [WARN] DbFile:41 - Overriding database path with different value: C:\Users\14931\.stmcufinder\plugins\mcufinder/ => C:\Users\14931\.stmcufinder\plugins\mcufinder
2025-07-12 19:41:48,054 [INFO] CrossReferenceDbSqlite:203 - Set database path to: C:\Users\14931\.stmcufinder\plugins\mcufinder//mcu/cs/
2025-07-12 19:41:48,152 [INFO] MainPanel:272 - HeapMemory: 273678336
2025-07-12 19:41:48,297 [INFO] DbMcusXml:78 - Set database path to: A:\STM32CUBEIDE\STM32CubeIDE_1.18.0\STM32CubeIDE\plugins\com.st.stm32cube.common.mx_6.14.0.202502271554\\db\/mcu/
2025-07-12 19:41:48,297 [INFO] ApiDb:274 - Set plugin database path to: A:\STM32CUBEIDE\STM32CubeIDE_1.18.0\STM32CubeIDE\plugins\com.st.stm32cube.common.mx_6.14.0.202502271554\\db\/plugins/boardmanager/
2025-07-12 19:41:48,297 [INFO] ApiDb:261 - Set plugin images path to: A:\STM32CUBEIDE\STM32CubeIDE_1.18.0\STM32CubeIDE\plugins\com.st.stm32cube.common.mx_6.14.0.202502271554\\db\/plugins/mcufinder/images/
2025-07-12 19:41:48,298 [WARN] DbFile:41 - Overriding database path with different value: C:\Users\14931\.stmcufinder\plugins\mcufinder/ => C:\Users\14931\.stmcufinder\plugins\mcufinder
2025-07-12 19:41:48,298 [INFO] ApiDb:250 - Set database path to: C:\Users\14931\.stmcufinder\plugins\mcufinder//mcu/
2025-07-12 19:41:48,298 [WARN] DbFile:41 - Overriding database path with different value: C:\Users\14931\.stmcufinder\plugins\mcufinder/ => C:\Users\14931\.stmcufinder\plugins\mcufinder
2025-07-12 19:41:48,298 [INFO] DbMcusAds:125 - Set database path to: C:\Users\14931\.stmcufinder\plugins\mcufinder//mcu/
2025-07-12 19:41:48,298 [WARN] DbFile:41 - Overriding database path with different value: C:\Users\14931\.stmcufinder\plugins\mcufinder/ => C:\Users\14931\.stmcufinder\plugins\mcufinder
2025-07-12 19:41:48,298 [WARN] DbFile:41 - Overriding database path with different value: C:\Users\14931\.stmcufinder\plugins\mcufinder/ => C:\Users\14931\.stmcufinder\plugins\mcufinder
2025-07-12 19:41:48,298 [INFO] CrossReferenceDbSqlite:203 - Set database path to: C:\Users\14931\.stmcufinder\plugins\mcufinder//mcu/cs/
2025-07-12 19:41:48,325 [INFO] ApplicationProperties:184 - Using Application install path: A:\STM32CUBEIDE\STM32CubeIDE_1.18.0\STM32CubeIDE\plugins\com.st.stm32cube.common.mx_6.14.0.202502271554
2025-07-12 19:41:48,328 [INFO] PluginManage:196 - Search for loadable plugins [exclusion list=, ]
2025-07-12 19:41:48,331 [INFO] PluginManage:310 - Check plugin analytics
2025-07-12 19:41:48,572 [INFO] AnalyticsPlugin:253 - Accepted Software Licenses: 
2025-07-12 19:41:48,573 [INFO] AnalyticsPlugin:255 - Accepted CMSIS Pack Licenses: 
2025-07-12 19:41:48,573 [INFO] AnalyticsPlugin:257 - Accepted Firmware Licenses: 
2025-07-12 19:41:48,575 [INFO] PluginManage:359 - Loaded plugin analytics (category:tool,tabindex:-1)
2025-07-12 19:41:48,576 [INFO] PluginManage:310 - Check plugin cadmodel
2025-07-12 19:41:48,582 [INFO] CADModel:105 - Init CAD model plugin
2025-07-12 19:41:48,583 [INFO] PluginManage:359 - Loaded plugin cadmodel (category:power,tabindex:5)
2025-07-12 19:41:48,583 [INFO] PluginManage:310 - Check plugin clock
2025-07-12 19:41:48,597 [INFO] PluginManage:359 - Loaded plugin clock (category:base,tabindex:2)
2025-07-12 19:41:48,598 [INFO] PluginManage:310 - Check plugin ddr
2025-07-12 19:41:48,602 [INFO] PluginManage:359 - Loaded plugin ddr (category:tool,tabindex:6)
2025-07-12 19:41:48,602 [INFO] PluginManage:310 - Check plugin filemanager
2025-07-12 19:41:48,792 [INFO] PluginManage:359 - Loaded plugin filemanager (category:base,tabindex:10)
2025-07-12 19:41:48,793 [INFO] PluginManage:310 - Check plugin ipmanager
2025-07-12 19:41:48,802 [INFO] PluginManage:359 - Loaded plugin ipmanager (category:base,tabindex:5)
2025-07-12 19:41:48,802 [INFO] PluginManage:310 - Check plugin lpbam
2025-07-12 19:41:48,813 [INFO] PluginManage:359 - Loaded plugin lpbam (category:base,tabindex:0)
2025-07-12 19:41:48,813 [INFO] PluginManage:310 - Check plugin memorymap
2025-07-12 19:41:48,827 [INFO] PluginManage:359 - Loaded plugin memorymap (category:base,tabindex:4)
2025-07-12 19:41:48,827 [INFO] PluginManage:310 - Check plugin pinoutandconfiguration
2025-07-12 19:41:48,838 [INFO] PluginManage:359 - Loaded plugin pinoutandconfiguration (category:base,tabindex:1)
2025-07-12 19:41:48,838 [INFO] PluginManage:310 - Check plugin pinoutconfig
2025-07-12 19:41:48,954 [WARN] SupportedApi:132 - Cannot load RTOS API schema: s4s-elt-must-match.1: The content of 'definitions' must match (annotation?, (simpleType | complexType)?, (unique | key | keyref)*)). A problem was found starting at: attribute.
2025-07-12 19:41:49,138 [INFO] PluginManage:359 - Loaded plugin pinoutconfig (category:base,tabindex:0)
2025-07-12 19:41:49,138 [INFO] PluginManage:310 - Check plugin power
2025-07-12 19:41:49,152 [INFO] PluginManage:359 - Loaded plugin power (category:power,tabindex:4)
2025-07-12 19:41:49,152 [INFO] PluginManage:310 - Check plugin projectmanager
2025-07-12 19:41:49,177 [INFO] PluginManage:359 - Loaded plugin projectmanager (category:projectmanager,tabindex:4)
2025-07-12 19:41:49,178 [INFO] PluginManage:310 - Check plugin rif
2025-07-12 19:41:49,193 [INFO] PluginManage:359 - Loaded plugin rif (category:base,tabindex:3)
2025-07-12 19:41:49,194 [INFO] PluginManage:310 - Check plugin thirdparty
2025-07-12 19:41:49,417 [INFO] PluginManage:359 - Loaded plugin thirdparty (category:base,tabindex:-1)
2025-07-12 19:41:49,417 [WARN] IntegrityCheckThread:84 - waiting for thirdparty lock release [integrity check]
2025-07-12 19:41:49,417 [INFO] IntegrityCheckThread:86 - entering critical section [integrity check]
2025-07-12 19:41:49,417 [INFO] PluginManage:310 - Check plugin tools
2025-07-12 19:41:49,418 [INFO] ThirdPartyUpdaterWithRetryManager:70 - Updater plugin not ready yet. [1/15]
2025-07-12 19:41:49,421 [INFO] PluginManage:359 - Loaded plugin tools (category:base,tabindex:7)
2025-07-12 19:41:49,421 [INFO] PluginManage:310 - Check plugin tutovideos
2025-07-12 19:41:49,594 [INFO] PluginManage:359 - Loaded plugin tutovideos (category:base,tabindex:-1)
2025-07-12 19:41:49,594 [INFO] PluginManage:310 - Check plugin updater
2025-07-12 19:41:49,619 [INFO] PluginManage:359 - Loaded plugin updater (category:base,tabindex:12)
2025-07-12 19:41:49,619 [INFO] PluginManage:310 - Check plugin userauth
2025-07-12 19:41:49,625 [INFO] UserAuth:118 - Init User Auth plugin
2025-07-12 19:41:49,626 [INFO] PluginManage:359 - Loaded plugin userauth (category:base,tabindex:14)
2025-07-12 19:41:49,626 [INFO] PluginManage:283 - PluginManage : Loaded plugins [18]
2025-07-12 19:41:49,838 [INFO] PinOutPanel:1589 - setPackage(No Configuration,No Configuration)
2025-07-12 19:41:49,941 [INFO] CADModel:165 - CPN selected for project level
2025-07-12 19:41:49,942 [INFO] CADModel:114 - Register for checkConnection events
2025-07-12 19:41:49,975 [INFO] IPUIPlugin:80 - create IPUIPlugin
2025-07-12 19:41:49,975 [INFO] PluginManager:220 - loadIPPluginJar : add adc
2025-07-12 19:41:49,978 [INFO] IPUIPlugin:80 - create IPUIPlugin
2025-07-12 19:41:49,978 [INFO] PluginManager:220 - loadIPPluginJar : add aes
2025-07-12 19:41:49,982 [INFO] IPUIPlugin:80 - create IPUIPlugin
2025-07-12 19:41:49,982 [INFO] PluginManager:220 - loadIPPluginJar : add can
2025-07-12 19:41:49,984 [INFO] IPUIPlugin:80 - create IPUIPlugin
2025-07-12 19:41:49,985 [INFO] PluginManager:220 - loadIPPluginJar : add comp
2025-07-12 19:41:49,989 [INFO] IPUIPlugin:80 - create IPUIPlugin
2025-07-12 19:41:49,989 [INFO] PluginManager:220 - loadIPPluginJar : add cryp
2025-07-12 19:41:49,994 [INFO] IPUIPlugin:80 - create IPUIPlugin
2025-07-12 19:41:49,995 [INFO] PluginManager:220 - loadIPPluginJar : add ddr_ctrl_phy
2025-07-12 19:41:49,998 [INFO] IPUIPlugin:80 - create IPUIPlugin
2025-07-12 19:41:49,998 [INFO] PluginManager:220 - loadIPPluginJar : add dfsdm
2025-07-12 19:41:50,004 [INFO] IPUIPlugin:80 - create IPUIPlugin
2025-07-12 19:41:50,005 [INFO] PluginManager:220 - loadIPPluginJar : add dma
2025-07-12 19:41:50,009 [INFO] IPUIPlugin:80 - create IPUIPlugin
2025-07-12 19:41:50,009 [INFO] PluginManager:220 - loadIPPluginJar : add dma3
2025-07-12 19:41:50,013 [INFO] IPUIPlugin:80 - create IPUIPlugin
2025-07-12 19:41:50,013 [INFO] PluginManager:220 - loadIPPluginJar : add extmemmanager
2025-07-12 19:41:50,016 [INFO] IPUIPlugin:80 - create IPUIPlugin
2025-07-12 19:41:50,016 [INFO] PluginManager:220 - loadIPPluginJar : add fatfs
2025-07-12 19:41:50,021 [INFO] IPUIPlugin:80 - create IPUIPlugin
2025-07-12 19:41:50,021 [INFO] PluginManager:220 - loadIPPluginJar : add fmc
2025-07-12 19:41:50,026 [INFO] IPUIPlugin:80 - create IPUIPlugin
2025-07-12 19:41:50,026 [INFO] PluginManager:220 - loadIPPluginJar : add freertos
2025-07-12 19:41:50,027 [INFO] IPUIPlugin:80 - create IPUIPlugin
2025-07-12 19:41:50,028 [INFO] PluginManager:220 - loadIPPluginJar : add genericplugin
2025-07-12 19:41:50,030 [INFO] IPUIPlugin:80 - create IPUIPlugin
2025-07-12 19:41:50,030 [INFO] PluginManager:220 - loadIPPluginJar : add gfxmmu
2025-07-12 19:41:50,036 [INFO] IPUIPlugin:80 - create IPUIPlugin
2025-07-12 19:41:50,036 [INFO] PluginManager:220 - loadIPPluginJar : add gic
2025-07-12 19:41:50,040 [INFO] IPUIPlugin:80 - create IPUIPlugin
2025-07-12 19:41:50,040 [INFO] PluginManager:220 - loadIPPluginJar : add gpio
2025-07-12 19:41:50,043 [INFO] IPUIPlugin:80 - create IPUIPlugin
2025-07-12 19:41:50,043 [INFO] PluginManager:220 - loadIPPluginJar : add gtzc
2025-07-12 19:41:50,047 [INFO] IPUIPlugin:80 - create IPUIPlugin
2025-07-12 19:41:50,047 [INFO] PluginManager:220 - loadIPPluginJar : add hash
2025-07-12 19:41:50,050 [INFO] IPUIPlugin:80 - create IPUIPlugin
2025-07-12 19:41:50,050 [INFO] PluginManager:220 - loadIPPluginJar : add i2c
2025-07-12 19:41:50,052 [INFO] IPUIPlugin:80 - create IPUIPlugin
2025-07-12 19:41:50,053 [INFO] PluginManager:220 - loadIPPluginJar : add i2s
2025-07-12 19:41:50,057 [INFO] IPUIPlugin:80 - create IPUIPlugin
2025-07-12 19:41:50,057 [INFO] PluginManager:220 - loadIPPluginJar : add i3c
2025-07-12 19:41:50,062 [INFO] IPUIPlugin:80 - create IPUIPlugin
2025-07-12 19:41:50,062 [INFO] PluginManager:220 - loadIPPluginJar : add ipddr
2025-07-12 19:41:50,070 [INFO] IPUIPlugin:80 - create IPUIPlugin
2025-07-12 19:41:50,070 [INFO] PluginManager:220 - loadIPPluginJar : add linkedlist
2025-07-12 19:41:50,071 [INFO] IPUIPlugin:80 - create IPUIPlugin
2025-07-12 19:41:50,071 [INFO] PluginManager:220 - loadIPPluginJar : add lorawan
2025-07-12 19:41:50,073 [INFO] IPUIPlugin:80 - create IPUIPlugin
2025-07-12 19:41:50,073 [INFO] PluginManager:220 - loadIPPluginJar : add ltdc
2025-07-12 19:41:50,078 [INFO] IPUIPlugin:80 - create IPUIPlugin
2025-07-12 19:41:50,078 [INFO] PluginManager:220 - loadIPPluginJar : add mdma
2025-07-12 19:41:50,080 [INFO] IPUIPlugin:80 - create IPUIPlugin
2025-07-12 19:41:50,080 [INFO] PluginManager:220 - loadIPPluginJar : add nvic
2025-07-12 19:41:50,084 [INFO] IPUIPlugin:80 - create IPUIPlugin
2025-07-12 19:41:50,084 [INFO] PluginManager:220 - loadIPPluginJar : add opamp
2025-07-12 19:41:50,087 [INFO] IPUIPlugin:80 - create IPUIPlugin
2025-07-12 19:41:50,087 [INFO] PluginManager:220 - loadIPPluginJar : add openamp
2025-07-12 19:41:50,090 [INFO] IPUIPlugin:80 - create IPUIPlugin
2025-07-12 19:41:50,090 [INFO] PluginManager:220 - loadIPPluginJar : add pdm2pcm
2025-07-12 19:41:50,095 [INFO] IPUIPlugin:80 - create IPUIPlugin
2025-07-12 19:41:50,097 [INFO] PluginManager:220 - loadIPPluginJar : add plateformsettings
2025-07-12 19:41:50,099 [INFO] IPUIPlugin:80 - create IPUIPlugin
2025-07-12 19:41:50,099 [INFO] PluginManager:220 - loadIPPluginJar : add quadspi
2025-07-12 19:41:50,100 [INFO] IPUIPlugin:80 - create IPUIPlugin
2025-07-12 19:41:50,100 [INFO] PluginManager:220 - loadIPPluginJar : add radio
2025-07-12 19:41:50,104 [INFO] IPUIPlugin:80 - create IPUIPlugin
2025-07-12 19:41:50,104 [INFO] PluginManager:220 - loadIPPluginJar : add resmgrutility
2025-07-12 19:41:50,108 [INFO] IPUIPlugin:80 - create IPUIPlugin
2025-07-12 19:41:50,108 [INFO] PluginManager:220 - loadIPPluginJar : add sai
2025-07-12 19:41:50,110 [INFO] IPUIPlugin:80 - create IPUIPlugin
2025-07-12 19:41:50,110 [INFO] PluginManager:220 - loadIPPluginJar : add spi
2025-07-12 19:41:50,117 [INFO] IPUIPlugin:80 - create IPUIPlugin
2025-07-12 19:41:50,117 [INFO] PluginManager:220 - loadIPPluginJar : add stm32_wpan
2025-07-12 19:41:50,122 [INFO] IPUIPlugin:80 - create IPUIPlugin
2025-07-12 19:41:50,122 [INFO] PluginManager:220 - loadIPPluginJar : add tim
2025-07-12 19:41:50,126 [INFO] IPUIPlugin:80 - create IPUIPlugin
2025-07-12 19:41:50,126 [INFO] PluginManager:220 - loadIPPluginJar : add touchsensing
2025-07-12 19:41:50,129 [INFO] IPUIPlugin:80 - create IPUIPlugin
2025-07-12 19:41:50,129 [INFO] PluginManager:220 - loadIPPluginJar : add tracer_emb
2025-07-12 19:41:50,131 [INFO] IPUIPlugin:80 - create IPUIPlugin
2025-07-12 19:41:50,132 [INFO] PluginManager:220 - loadIPPluginJar : add ts
2025-07-12 19:41:50,133 [INFO] IPUIPlugin:80 - create IPUIPlugin
2025-07-12 19:41:50,133 [INFO] PluginManager:220 - loadIPPluginJar : add tsc
2025-07-12 19:41:50,135 [INFO] IPUIPlugin:80 - create IPUIPlugin
2025-07-12 19:41:50,135 [INFO] PluginManager:220 - loadIPPluginJar : add ucpd
2025-07-12 19:41:50,137 [INFO] IPUIPlugin:80 - create IPUIPlugin
2025-07-12 19:41:50,137 [INFO] PluginManager:220 - loadIPPluginJar : add usart
2025-07-12 19:41:50,140 [INFO] IPUIPlugin:80 - create IPUIPlugin
2025-07-12 19:41:50,140 [INFO] PluginManager:220 - loadIPPluginJar : add usbx
2025-07-12 19:41:50,272 [FATAL] Updater:351 - Updater called before beeing initialized
2025-07-12 19:41:50,295 [INFO] RulesReader:64 - Compatibility file has been processed (301 Rules)
2025-07-12 19:41:50,304 [INFO] RulesReader:64 - Compatibility file has been processed (301 Rules)
2025-07-12 19:41:50,311 [INFO] CADModel:165 - CPN selected for project level
2025-07-12 19:41:50,311 [INFO] CADModel:114 - Register for checkConnection events
2025-07-12 19:41:50,311 [FATAL] Updater:351 - Updater called before beeing initialized
2025-07-12 19:41:50,312 [ERROR] CADModel:125 - Updater not yet initialized, retry later 
2025-07-12 19:41:50,433 [FATAL] Updater:351 - Updater called before beeing initialized
2025-07-12 19:41:50,435 [INFO] CADModel:165 - CPN selected for project level
2025-07-12 19:41:50,435 [INFO] CADModel:114 - Register for checkConnection events
2025-07-12 19:41:50,436 [FATAL] Updater:351 - Updater called before beeing initialized
2025-07-12 19:41:50,436 [ERROR] CADModel:125 - Updater not yet initialized, retry later 
2025-07-12 19:41:50,438 [FATAL] Updater:351 - Updater called before beeing initialized
2025-07-12 19:41:50,532 [FATAL] Updater:351 - Updater called before beeing initialized
2025-07-12 19:41:50,535 [INFO] DbMcusAds:53 - JSON generation date=Tue Jul 08 16:14:23 CST 2025 (1751962463538)
2025-07-12 19:41:50,535 [FATAL] Updater:351 - Updater called before beeing initialized
2025-07-12 19:41:50,567 [WARN] DetailPanel:346 - Failed to get advertising image, set to default
2025-07-12 19:41:50,797 [FATAL] Updater:351 - Updater called before beeing initialized
2025-07-12 19:41:50,799 [FATAL] Updater:351 - Updater called before beeing initialized
2025-07-12 19:41:50,799 [FATAL] Updater:351 - Updater called before beeing initialized
2025-07-12 19:41:50,799 [WARN] DetailPanel:346 - Failed to get advertising image, set to default
2025-07-12 19:41:50,800 [FATAL] Updater:351 - Updater called before beeing initialized
2025-07-12 19:41:50,841 [ERROR] Updater:1198 - MainUpdater not yet initialized. External WinMGr cannot be set.
2025-07-12 19:41:50,842 [INFO] Updater:1134 - Updater Version found : 6.14.0
2025-07-12 19:41:50,858 [INFO] ApplicationProperties:184 - Using Application install path: A:\STM32CUBEIDE\STM32CubeIDE_1.18.0\STM32CubeIDE\plugins\com.st.stm32cube.common.mx_6.14.0.202502271554
2025-07-12 19:41:51,279 [INFO] MainUpdater:2872 - connection check result : 10
2025-07-12 19:41:51,280 [INFO] MainUpdater:289 - Updater Check For Update Now.
2025-07-12 19:41:51,280 [INFO] MicroXplorer:498 - Change Database Version : DB.6.0.140
2025-07-12 19:41:51,286 [INFO] McuFinderGlobals:63 - Set McuFinder mode to 2 (CubeIDE integrated)
2025-07-12 19:41:51,287 [INFO] UserAuth:486 - Internet connection configuration mode: 1
2025-07-12 19:41:51,311 [INFO] JxBrowserEngine:152 - Initiate JxBrowser Engine with user profile folder
2025-07-12 19:41:51,447 [INFO] CheckServerUpdateThread:120 - End of CheckServer Thread
2025-07-12 19:41:52,312 [INFO] WebApp:169 - Instantiating new browser for Auth
2025-07-12 19:41:52,587 [WARN] PackLoader:240 - Cannot read IP mode file for STMicroelectronics.X-CUBE-PM33A1.1.0.0
2025-07-12 19:41:52,596 [WARN] PackLoader:240 - Cannot read IP mode file for Avnet-IotConnect.X-CUBE-IoTC-DA16k-PMOD.1.0.0
2025-07-12 19:41:52,603 [WARN] PackLoader:240 - Cannot read IP mode file for STMicroelectronics.X-CUBE-ST60.1.0.0
2025-07-12 19:41:52,617 [WARN] PackLoader:240 - Cannot read IP mode file for STMicroelectronics.X-CUBE-NFC12.1.0.0
2025-07-12 19:41:52,658 [WARN] PackLoader:240 - Cannot read IP mode file for Infineon.AIROC-Wi-Fi-Bluetooth-STM32.1.7.0
2025-07-12 19:41:52,712 [WARN] PackLoader:240 - Cannot read IP mode file for STMicroelectronics.X-CUBE-AZRTOS-H7.3.4.0
2025-07-12 19:41:52,723 [WARN] PackLoader:240 - Cannot read IP mode file for STMicroelectronics.X-CUBE-FREERTOS.1.3.1
2025-07-12 19:41:52,730 [WARN] PackLoader:240 - Cannot read IP mode file for emotas.I-CUBE-CANOPEN.1.3.0
2025-07-12 19:41:52,735 [WARN] PackLoader:240 - Cannot read IP mode file for STMicroelectronics.X-CUBE-FREERTOS.1.3.0
2025-07-12 19:41:52,742 [WARN] PackLoader:240 - Cannot read IP mode file for STMicroelectronics.X-CUBE-NFC7.1.0.1
2025-07-12 19:41:52,748 [WARN] ConditionMgr:438 - getConditionDescription Invalid condition id : Cortex-A Device cause : null
2025-07-12 19:41:52,763 [WARN] ConditionMgr:1044 - genDependencies : Invalid condition id : Cortex-A Device cause : null
2025-07-12 19:41:52,763 [WARN] ConditionMgr:1044 - genDependencies : Invalid condition id : Cortex-A Device cause : null
2025-07-12 19:41:52,763 [WARN] ConditionMgr:1044 - genDependencies : Invalid condition id : Cortex-A Device cause : null
2025-07-12 19:41:52,770 [WARN] PackLoader:240 - Cannot read IP mode file for STMicroelectronics.X-CUBE-AI.10.0.0
2025-07-12 19:41:52,778 [WARN] PackLoader:240 - Cannot read IP mode file for STMicroelectronics.FP-SNS-STAIOTCFT.1.0.0
2025-07-12 19:41:52,829 [WARN] PackLoader:240 - Cannot read IP mode file for STMicroelectronics.X-CUBE-MEMS1.11.1.0
2025-07-12 19:41:53,007 [WARN] PackLoader:240 - Cannot read IP mode file for STMicroelectronics.X-CUBE-AZRTOS-H7.3.3.0
2025-07-12 19:41:53,017 [WARN] PackLoader:240 - Cannot read IP mode file for STMicroelectronics.X-CUBE-EEPRMA1.5.2.0
2025-07-12 19:41:53,024 [WARN] PackLoader:240 - Cannot read IP mode file for STMicroelectronics.X-CUBE-AI.10.1.0
2025-07-12 19:41:53,102 [WARN] PackLoader:240 - Cannot read IP mode file for STMicroelectronics.X-CUBE-MEMS1.11.2.0
2025-07-12 19:41:53,249 [WARN] PackLoader:240 - Cannot read IP mode file for EmbeddedOffice.I-CUBE-FS-RTOS.1.0.1
2025-07-12 19:41:53,258 [WARN] PackLoader:240 - Cannot read IP mode file for Cesanta.I-CUBE-Mongoose.7.13.0
2025-07-12 19:41:53,265 [WARN] PackLoader:240 - Cannot read IP mode file for STMicroelectronics.X-CUBE-WB05N.2.0.0
2025-07-12 19:41:53,270 [WARN] PackLoader:240 - Cannot read IP mode file for wolfSSL.I-CUBE-wolfSSH.1.4.20
2025-07-12 19:41:53,275 [WARN] PackLoader:240 - Cannot read IP mode file for STMicroelectronics.X-CUBE-NFC7.2.0.0
2025-07-12 19:41:53,281 [WARN] PackLoader:240 - Cannot read IP mode file for RealThread.X-CUBE-RT-Thread_Nano.4.1.1
2025-07-12 19:41:53,288 [WARN] PackLoader:240 - Cannot read IP mode file for STMicroelectronics.X-CUBE-EEPRMA1.5.1.0
2025-07-12 19:41:53,297 [WARN] PackLoader:240 - Cannot read IP mode file for ITTIA_DB.I-CUBE-ITTIADB.8.9.0
2025-07-12 19:41:53,304 [WARN] PackLoader:240 - Cannot read IP mode file for portGmbH.I-Cube-SoM-uGOAL.1.1.0
2025-07-12 19:41:53,311 [WARN] PackLoader:240 - Cannot read IP mode file for STMicroelectronics.X-CUBE-ST67W61.1.0.0
2025-07-12 19:41:53,337 [WARN] PackLoader:240 - Cannot read IP mode file for SEGGER.I-CUBE-embOS.1.3.1
2025-07-12 19:41:53,410 [WARN] PackLoader:240 - Cannot read IP mode file for STMicroelectronics.X-CUBE-MEMS1.11.3.0
2025-07-12 19:41:53,532 [WARN] PackLoader:240 - Cannot read IP mode file for STMicroelectronics.X-CUBE-TOF1.3.4.2
2025-07-12 19:41:53,551 [WARN] PackLoader:240 - Cannot read IP mode file for STMicroelectronics.X-CUBE-TOF1.3.4.3
2025-07-12 19:41:53,562 [INFO] ThirdParty:978 - Integrity check success = true
2025-07-12 19:41:53,562 [INFO] IntegrityCheckThread:100 - exiting critical section [integrity check]
2025-07-12 19:41:53,562 [INFO] IntegrityCheckThread:103 - End integrity checks thread
2025-07-12 19:41:53,935 [INFO] WebApp:463 - Apply proxy settings
2025-07-12 19:41:53,936 [INFO] WebApp:548 - Chromium requires no authentication
2025-07-12 19:41:53,945 [INFO] WebApp:491 - Direct internet connection detected
2025-07-12 19:41:53,966 [INFO] WebApp:894 - Register for checkConnection events
2025-07-12 19:41:53,967 [INFO] WebApp:463 - Apply proxy settings
2025-07-12 19:41:53,967 [INFO] WebApp:548 - Chromium requires no authentication
2025-07-12 19:41:53,967 [INFO] WebApp:491 - Direct internet connection detected
2025-07-12 19:41:54,122 [INFO] WebApp:225 - Starting web application
2025-07-12 19:41:54,122 [INFO] WebApp:593 - Web application path used A:\STM32CUBEIDE\STM32CubeIDE_1.18.0\STM32CubeIDE\plugins\com.st.stm32cube.common.mx_6.14.0.202502271554\db\plugins\mcufinder\reactClient1\index.html
2025-07-12 19:41:54,204 [INFO] UserAuth:486 - Internet connection configuration mode: 1
2025-07-12 19:42:48,961 [ERROR] LogOutputStream:75 - [STDERR_REDIRECT] 
