2025-06-27 22:58:58,224 [INFO] Activator:176 - 


2025-06-27 22:58:58,228 [INFO] Activator:177 - !SESSION log4j initialized
2025-06-27 22:58:58,663 [ERROR] LogOutputStream:75 - [STDERR_REDIRECT] Warning: NLS unused message: ComplianceConfigurationBlock_version11 in: org.eclipse.jdt.internal.ui.preferences.PreferencesMessages
2025-06-27 22:58:58,665 [ERROR] LogOutputStream:75 - [STDERR_REDIRECT] Warning: NLS unused message: ComplianceConfigurationBlock_version12 in: org.eclipse.jdt.internal.ui.preferences.PreferencesMessages
2025-06-27 22:58:58,667 [ERROR] LogOutputStream:75 - [STDERR_REDIRECT] Warning: NLS unused message: ComplianceConfigurationBlock_version13 in: org.eclipse.jdt.internal.ui.preferences.PreferencesMessages
2025-06-27 22:58:58,670 [ERROR] LogOutputStream:75 - [STDERR_REDIRECT] Warning: NLS unused message: ComplianceConfigurationBlock_version14 in: org.eclipse.jdt.internal.ui.preferences.PreferencesMessages
2025-06-27 22:58:58,672 [ERROR] LogOutputStream:75 - [STDERR_REDIRECT] Warning: NLS unused message: ComplianceConfigurationBlock_version15 in: org.eclipse.jdt.internal.ui.preferences.PreferencesMessages
2025-06-27 22:58:58,674 [ERROR] LogOutputStream:75 - [STDERR_REDIRECT] Warning: NLS unused message: ComplianceConfigurationBlock_version9 in: org.eclipse.jdt.internal.ui.preferences.PreferencesMessages
2025-06-27 22:58:58,676 [ERROR] LogOutputStream:75 - [STDERR_REDIRECT] Warning: NLS unused message: ComplianceConfigurationBlock_version10 in: org.eclipse.jdt.internal.ui.preferences.PreferencesMessages
2025-06-27 22:58:58,678 [ERROR] LogOutputStream:75 - [STDERR_REDIRECT] Warning: NLS unused message: ComplianceConfigurationBlock_codegen_inline_jsr_bytecode_label in: org.eclipse.jdt.internal.ui.preferences.PreferencesMessages
2025-06-27 22:58:58,681 [ERROR] LogOutputStream:75 - [STDERR_REDIRECT] Warning: NLS unused message: ComplianceConfigurationBlock_pb_assert_as_identifier_label in: org.eclipse.jdt.internal.ui.preferences.PreferencesMessages
2025-06-27 22:58:58,683 [ERROR] LogOutputStream:75 - [STDERR_REDIRECT] Warning: NLS unused message: ComplianceConfigurationBlock_pb_enum_as_identifier_label in: org.eclipse.jdt.internal.ui.preferences.PreferencesMessages
2025-06-27 22:58:58,686 [ERROR] LogOutputStream:75 - [STDERR_REDIRECT] Warning: NLS unused message: ComplianceConfigurationBlock_cldc11_requires_source13_compliance_se14 in: org.eclipse.jdt.internal.ui.preferences.PreferencesMessages
2025-06-27 22:58:58,691 [ERROR] LogOutputStream:75 - [STDERR_REDIRECT] Warning: NLS unused message: CodeAssistConfigurationBlock_matchSubstring_label in: org.eclipse.jdt.internal.ui.preferences.PreferencesMessages
2025-06-27 22:58:58,718 [ERROR] LogOutputStream:75 - [STDERR_REDIRECT] Warning: NLS unused message: ProblemMarkerManager_problem_marker_update_job_description in: org.eclipse.jdt.internal.ui.JavaUIMessages
2025-06-27 22:58:58,720 [ERROR] LogOutputStream:75 - [STDERR_REDIRECT] Warning: NLS unused message: FilteredTypesSelectionDialog_default_package in: org.eclipse.jdt.internal.ui.JavaUIMessages
2025-06-27 22:58:58,722 [ERROR] LogOutputStream:75 - [STDERR_REDIRECT] Warning: NLS unused message: FilteredTypeSelectionDialog_showContainerForDuplicatesAction in: org.eclipse.jdt.internal.ui.JavaUIMessages
2025-06-27 22:58:58,724 [ERROR] LogOutputStream:75 - [STDERR_REDIRECT] Warning: NLS unused message: JavaElementLabels_anonym in: org.eclipse.jdt.internal.ui.JavaUIMessages
2025-06-27 22:58:58,725 [ERROR] LogOutputStream:75 - [STDERR_REDIRECT] Warning: NLS unused message: JavaElementLabels_concat_string in: org.eclipse.jdt.internal.ui.JavaUIMessages
2025-06-27 22:58:58,727 [ERROR] LogOutputStream:75 - [STDERR_REDIRECT] Warning: NLS unused message: JavaElementLabels_comma_string in: org.eclipse.jdt.internal.ui.JavaUIMessages
2025-06-27 22:58:58,729 [ERROR] LogOutputStream:75 - [STDERR_REDIRECT] Warning: NLS unused message: JavaElementLabels_declseparator_string in: org.eclipse.jdt.internal.ui.JavaUIMessages
2025-06-27 22:58:58,731 [ERROR] LogOutputStream:75 - [STDERR_REDIRECT] Warning: NLS unused message: JavaElementLabels_category_separator_string in: org.eclipse.jdt.internal.ui.JavaUIMessages
2025-06-27 22:58:58,733 [ERROR] LogOutputStream:75 - [STDERR_REDIRECT] Warning: NLS unused message: JavaElementLabels_import_container in: org.eclipse.jdt.internal.ui.JavaUIMessages
2025-06-27 22:58:58,914 [ERROR] LogOutputStream:75 - [STDERR_REDIRECT] Warning: NLS unused message: FindReplace_title in: org.eclipse.ui.texteditor.EditorMessages
2025-06-27 22:58:58,915 [ERROR] LogOutputStream:75 - [STDERR_REDIRECT] Warning: NLS unused message: FindReplace_Find_label in: org.eclipse.ui.texteditor.EditorMessages
2025-06-27 22:58:58,917 [ERROR] LogOutputStream:75 - [STDERR_REDIRECT] Warning: NLS unused message: FindReplace_Replace_label in: org.eclipse.ui.texteditor.EditorMessages
2025-06-27 22:58:58,919 [ERROR] LogOutputStream:75 - [STDERR_REDIRECT] Warning: NLS unused message: FindReplace_Direction in: org.eclipse.ui.texteditor.EditorMessages
2025-06-27 22:58:58,920 [ERROR] LogOutputStream:75 - [STDERR_REDIRECT] Warning: NLS unused message: FindReplace_ForwardRadioButton_label in: org.eclipse.ui.texteditor.EditorMessages
2025-06-27 22:58:58,922 [ERROR] LogOutputStream:75 - [STDERR_REDIRECT] Warning: NLS unused message: FindReplace_BackwardRadioButton_label in: org.eclipse.ui.texteditor.EditorMessages
2025-06-27 22:58:58,923 [ERROR] LogOutputStream:75 - [STDERR_REDIRECT] Warning: NLS unused message: FindReplace_Scope in: org.eclipse.ui.texteditor.EditorMessages
2025-06-27 22:58:58,925 [ERROR] LogOutputStream:75 - [STDERR_REDIRECT] Warning: NLS unused message: FindReplace_GlobalRadioButton_label in: org.eclipse.ui.texteditor.EditorMessages
2025-06-27 22:58:58,927 [ERROR] LogOutputStream:75 - [STDERR_REDIRECT] Warning: NLS unused message: FindReplace_SelectedRangeRadioButton_label in: org.eclipse.ui.texteditor.EditorMessages
2025-06-27 22:58:58,928 [ERROR] LogOutputStream:75 - [STDERR_REDIRECT] Warning: NLS unused message: FindReplace_Options in: org.eclipse.ui.texteditor.EditorMessages
2025-06-27 22:58:58,930 [ERROR] LogOutputStream:75 - [STDERR_REDIRECT] Warning: NLS unused message: FindReplace_CaseCheckBox_label in: org.eclipse.ui.texteditor.EditorMessages
2025-06-27 22:58:58,931 [ERROR] LogOutputStream:75 - [STDERR_REDIRECT] Warning: NLS unused message: FindReplace_WrapCheckBox_label in: org.eclipse.ui.texteditor.EditorMessages
2025-06-27 22:58:58,933 [ERROR] LogOutputStream:75 - [STDERR_REDIRECT] Warning: NLS unused message: FindReplace_WholeWordCheckBox_label in: org.eclipse.ui.texteditor.EditorMessages
2025-06-27 22:58:58,934 [ERROR] LogOutputStream:75 - [STDERR_REDIRECT] Warning: NLS unused message: FindReplace_IncrementalCheckBox_label in: org.eclipse.ui.texteditor.EditorMessages
2025-06-27 22:58:58,936 [ERROR] LogOutputStream:75 - [STDERR_REDIRECT] Warning: NLS unused message: FindReplace_RegExCheckbox_label in: org.eclipse.ui.texteditor.EditorMessages
2025-06-27 22:58:58,937 [ERROR] LogOutputStream:75 - [STDERR_REDIRECT] Warning: NLS unused message: FindReplace_FindNextButton_label in: org.eclipse.ui.texteditor.EditorMessages
2025-06-27 22:58:58,939 [ERROR] LogOutputStream:75 - [STDERR_REDIRECT] Warning: NLS unused message: FindReplace_ReplaceFindButton_label in: org.eclipse.ui.texteditor.EditorMessages
2025-06-27 22:58:58,941 [ERROR] LogOutputStream:75 - [STDERR_REDIRECT] Warning: NLS unused message: FindReplace_ReplaceSelectionButton_label in: org.eclipse.ui.texteditor.EditorMessages
2025-06-27 22:58:58,942 [ERROR] LogOutputStream:75 - [STDERR_REDIRECT] Warning: NLS unused message: FindReplace_ReplaceAllButton_label in: org.eclipse.ui.texteditor.EditorMessages
2025-06-27 22:58:58,943 [ERROR] LogOutputStream:75 - [STDERR_REDIRECT] Warning: NLS unused message: FindReplace_CloseButton_label in: org.eclipse.ui.texteditor.EditorMessages
2025-06-27 22:58:58,945 [ERROR] LogOutputStream:75 - [STDERR_REDIRECT] Warning: NLS unused message: FindReplace_Status_replacements_label in: org.eclipse.ui.texteditor.EditorMessages
2025-06-27 22:58:58,946 [ERROR] LogOutputStream:75 - [STDERR_REDIRECT] Warning: NLS unused message: FindReplace_Status_wrapped_label in: org.eclipse.ui.texteditor.EditorMessages
2025-06-27 22:58:59,165 [ERROR] LogOutputStream:75 - [STDERR_REDIRECT] Warning: NLS unused message: FileDocumentProvider_getPersistedEncoding in: org.eclipse.ui.editors.text.TextEditorMessages
2025-06-27 22:59:01,562 [ERROR] LogOutputStream:75 - [STDERR_REDIRECT] Warning: NLS unused message: TextSearchVisitor_progress_updating_job in: org.eclipse.search.internal.ui.SearchMessages
2025-06-27 22:59:01,565 [ERROR] LogOutputStream:75 - [STDERR_REDIRECT] Warning: NLS unused message: SearchPageSelectionDialog_rememberLastUsedPage_message in: org.eclipse.search.internal.ui.SearchMessages
2025-06-27 22:59:03,877 [INFO] LogOutputStream:77 - [STDOUT_REDIRECT] 
2025-06-27 22:59:04,595 [ERROR] ConfigurationRetriever:142 - IOException on connection: sw-center.st.com
2025-06-27 22:59:04,597 [ERROR] ConfigurationRetriever:142 - IOException on connection: sw-center.st.com
2025-06-27 22:59:04,598 [ERROR] ConfigurationRetriever:142 - IOException on connection: sw-center.st.com
2025-06-27 22:59:05,265 [ERROR] LogOutputStream:75 - [STDERR_REDIRECT] Warning: NLS unused message: ShowInNavigatorView_label in: org.eclipse.jdt.internal.ui.actions.ActionMessages
2025-06-27 22:59:05,267 [ERROR] LogOutputStream:75 - [STDERR_REDIRECT] Warning: NLS unused message: ShowInNavigatorView_dialog_title in: org.eclipse.jdt.internal.ui.actions.ActionMessages
2025-06-27 22:59:05,269 [ERROR] LogOutputStream:75 - [STDERR_REDIRECT] Warning: NLS unused message: ShowInNavigatorView_dialog_message in: org.eclipse.jdt.internal.ui.actions.ActionMessages
2025-06-27 22:59:05,271 [ERROR] LogOutputStream:75 - [STDERR_REDIRECT] Warning: NLS unused message: ShowInNavigatorView_error_activation_failed in: org.eclipse.jdt.internal.ui.actions.ActionMessages
2025-06-27 22:59:05,274 [ERROR] LogOutputStream:75 - [STDERR_REDIRECT] Warning: NLS unused message: OrganizeImportsAction_error_message in: org.eclipse.jdt.internal.ui.actions.ActionMessages
2025-06-27 22:59:12,719 [INFO] ApplicationProperties:184 - Using Application install path: A:\STM32CUBEIDE\STM32CubeIDE_1.18.0\STM32CubeIDE\plugins\com.st.stm32cube.common.mx_6.14.0.202502271554
2025-06-27 22:59:12,745 [INFO] DbMcusXml:78 - Set database path to: A:\STM32CUBEIDE\STM32CubeIDE_1.18.0\STM32CubeIDE\plugins\com.st.stm32cube.common.mx_6.14.0.202502271554\\db\/mcu/
2025-06-27 22:59:12,746 [INFO] ApiDb:274 - Set plugin database path to: A:\STM32CUBEIDE\STM32CubeIDE_1.18.0\STM32CubeIDE\plugins\com.st.stm32cube.common.mx_6.14.0.202502271554\\db\/plugins/boardmanager/
2025-06-27 22:59:12,746 [WARN] ApiDb:259 - Overriding images path with different value:  => A:\STM32CUBEIDE\STM32CubeIDE_1.18.0\STM32CubeIDE\plugins\com.st.stm32cube.common.mx_6.14.0.202502271554\\db\/plugins/mcufinder/images/
2025-06-27 22:59:12,753 [INFO] ApiDb:250 - Set database path to: C:\Users\14931\.stmcufinder\plugins\mcufinder//mcu/
2025-06-27 22:59:12,755 [INFO] DbMcusAds:125 - Set database path to: C:\Users\14931\.stmcufinder\plugins\mcufinder//mcu/
2025-06-27 22:59:12,759 [INFO] CrossReferenceDbSqlite:203 - Set database path to: C:\Users\14931\.stmcufinder\plugins\mcufinder//mcu/cs/
2025-06-27 22:59:12,910 [INFO] RulesReader:64 - Compatibility file has been processed (301 Rules)
2025-06-27 22:59:13,017 [INFO] DbMcusXml:78 - Set database path to: A:\STM32CUBEIDE\STM32CubeIDE_1.18.0\STM32CubeIDE\plugins\com.st.stm32cube.common.mx_6.14.0.202502271554\\db\/mcu/
2025-06-27 22:59:13,017 [INFO] ApiDb:274 - Set plugin database path to: A:\STM32CUBEIDE\STM32CubeIDE_1.18.0\STM32CubeIDE\plugins\com.st.stm32cube.common.mx_6.14.0.202502271554\\db\/plugins/boardmanager/
2025-06-27 22:59:13,017 [INFO] ApiDb:261 - Set plugin images path to: A:\STM32CUBEIDE\STM32CubeIDE_1.18.0\STM32CubeIDE\plugins\com.st.stm32cube.common.mx_6.14.0.202502271554\\db\/plugins/mcufinder/images/
2025-06-27 22:59:13,017 [WARN] DbFile:41 - Overriding database path with different value: C:\Users\14931\.stmcufinder\plugins\mcufinder/ => C:\Users\14931\.stmcufinder\plugins\mcufinder
2025-06-27 22:59:13,017 [INFO] ApiDb:250 - Set database path to: C:\Users\14931\.stmcufinder\plugins\mcufinder//mcu/
2025-06-27 22:59:13,017 [WARN] DbFile:41 - Overriding database path with different value: C:\Users\14931\.stmcufinder\plugins\mcufinder/ => C:\Users\14931\.stmcufinder\plugins\mcufinder
2025-06-27 22:59:13,017 [INFO] DbMcusAds:125 - Set database path to: C:\Users\14931\.stmcufinder\plugins\mcufinder//mcu/
2025-06-27 22:59:13,017 [WARN] DbFile:41 - Overriding database path with different value: C:\Users\14931\.stmcufinder\plugins\mcufinder/ => C:\Users\14931\.stmcufinder\plugins\mcufinder
2025-06-27 22:59:13,017 [WARN] DbFile:41 - Overriding database path with different value: C:\Users\14931\.stmcufinder\plugins\mcufinder/ => C:\Users\14931\.stmcufinder\plugins\mcufinder
2025-06-27 22:59:13,017 [INFO] CrossReferenceDbSqlite:203 - Set database path to: C:\Users\14931\.stmcufinder\plugins\mcufinder//mcu/cs/
2025-06-27 22:59:13,114 [INFO] MainPanel:272 - HeapMemory: 269484032
2025-06-27 22:59:13,225 [INFO] DbMcusXml:78 - Set database path to: A:\STM32CUBEIDE\STM32CubeIDE_1.18.0\STM32CubeIDE\plugins\com.st.stm32cube.common.mx_6.14.0.202502271554\\db\/mcu/
2025-06-27 22:59:13,226 [INFO] ApiDb:274 - Set plugin database path to: A:\STM32CUBEIDE\STM32CubeIDE_1.18.0\STM32CubeIDE\plugins\com.st.stm32cube.common.mx_6.14.0.202502271554\\db\/plugins/boardmanager/
2025-06-27 22:59:13,226 [INFO] ApiDb:261 - Set plugin images path to: A:\STM32CUBEIDE\STM32CubeIDE_1.18.0\STM32CubeIDE\plugins\com.st.stm32cube.common.mx_6.14.0.202502271554\\db\/plugins/mcufinder/images/
2025-06-27 22:59:13,226 [WARN] DbFile:41 - Overriding database path with different value: C:\Users\14931\.stmcufinder\plugins\mcufinder/ => C:\Users\14931\.stmcufinder\plugins\mcufinder
2025-06-27 22:59:13,226 [INFO] ApiDb:250 - Set database path to: C:\Users\14931\.stmcufinder\plugins\mcufinder//mcu/
2025-06-27 22:59:13,226 [WARN] DbFile:41 - Overriding database path with different value: C:\Users\14931\.stmcufinder\plugins\mcufinder/ => C:\Users\14931\.stmcufinder\plugins\mcufinder
2025-06-27 22:59:13,226 [INFO] DbMcusAds:125 - Set database path to: C:\Users\14931\.stmcufinder\plugins\mcufinder//mcu/
2025-06-27 22:59:13,226 [WARN] DbFile:41 - Overriding database path with different value: C:\Users\14931\.stmcufinder\plugins\mcufinder/ => C:\Users\14931\.stmcufinder\plugins\mcufinder
2025-06-27 22:59:13,226 [WARN] DbFile:41 - Overriding database path with different value: C:\Users\14931\.stmcufinder\plugins\mcufinder/ => C:\Users\14931\.stmcufinder\plugins\mcufinder
2025-06-27 22:59:13,226 [INFO] CrossReferenceDbSqlite:203 - Set database path to: C:\Users\14931\.stmcufinder\plugins\mcufinder//mcu/cs/
2025-06-27 22:59:13,245 [INFO] ApplicationProperties:184 - Using Application install path: A:\STM32CUBEIDE\STM32CubeIDE_1.18.0\STM32CubeIDE\plugins\com.st.stm32cube.common.mx_6.14.0.202502271554
2025-06-27 22:59:13,246 [INFO] PluginManage:196 - Search for loadable plugins [exclusion list=, ]
2025-06-27 22:59:13,247 [INFO] PluginManage:310 - Check plugin analytics
2025-06-27 22:59:13,432 [INFO] AnalyticsPlugin:253 - Accepted Software Licenses: 
2025-06-27 22:59:13,432 [INFO] AnalyticsPlugin:255 - Accepted CMSIS Pack Licenses: 
2025-06-27 22:59:13,432 [INFO] AnalyticsPlugin:257 - Accepted Firmware Licenses: 
2025-06-27 22:59:13,435 [INFO] PluginManage:359 - Loaded plugin analytics (category:tool,tabindex:-1)
2025-06-27 22:59:13,435 [INFO] PluginManage:310 - Check plugin cadmodel
2025-06-27 22:59:13,435 [ERROR] ConfigurationRetriever:142 - IOException on connection: sw-center.st.com
2025-06-27 22:59:13,435 [ERROR] ConfigurationRetriever:142 - IOException on connection: sw-center.st.com
2025-06-27 22:59:13,437 [ERROR] ConfigurationRetriever:142 - IOException on connection: sw-center.st.com
2025-06-27 22:59:13,441 [INFO] CADModel:105 - Init CAD model plugin
2025-06-27 22:59:13,442 [INFO] PluginManage:359 - Loaded plugin cadmodel (category:power,tabindex:5)
2025-06-27 22:59:13,442 [INFO] PluginManage:310 - Check plugin clock
2025-06-27 22:59:13,453 [INFO] PluginManage:359 - Loaded plugin clock (category:base,tabindex:2)
2025-06-27 22:59:13,453 [INFO] PluginManage:310 - Check plugin ddr
2025-06-27 22:59:13,457 [INFO] PluginManage:359 - Loaded plugin ddr (category:tool,tabindex:6)
2025-06-27 22:59:13,457 [INFO] PluginManage:310 - Check plugin filemanager
2025-06-27 22:59:13,603 [INFO] PluginManage:359 - Loaded plugin filemanager (category:base,tabindex:10)
2025-06-27 22:59:13,604 [INFO] PluginManage:310 - Check plugin ipmanager
2025-06-27 22:59:13,612 [INFO] PluginManage:359 - Loaded plugin ipmanager (category:base,tabindex:5)
2025-06-27 22:59:13,612 [INFO] PluginManage:310 - Check plugin lpbam
2025-06-27 22:59:13,623 [INFO] PluginManage:359 - Loaded plugin lpbam (category:base,tabindex:0)
2025-06-27 22:59:13,623 [INFO] PluginManage:310 - Check plugin memorymap
2025-06-27 22:59:13,639 [INFO] PluginManage:359 - Loaded plugin memorymap (category:base,tabindex:4)
2025-06-27 22:59:13,639 [INFO] PluginManage:310 - Check plugin pinoutandconfiguration
2025-06-27 22:59:13,647 [INFO] PluginManage:359 - Loaded plugin pinoutandconfiguration (category:base,tabindex:1)
2025-06-27 22:59:13,648 [INFO] PluginManage:310 - Check plugin pinoutconfig
2025-06-27 22:59:13,742 [WARN] SupportedApi:132 - Cannot load RTOS API schema: s4s-elt-must-match.1: The content of 'definitions' must match (annotation?, (simpleType | complexType)?, (unique | key | keyref)*)). A problem was found starting at: attribute.
2025-06-27 22:59:13,868 [INFO] PluginManage:359 - Loaded plugin pinoutconfig (category:base,tabindex:0)
2025-06-27 22:59:13,868 [INFO] PluginManage:310 - Check plugin power
2025-06-27 22:59:13,876 [INFO] PluginManage:359 - Loaded plugin power (category:power,tabindex:4)
2025-06-27 22:59:13,877 [INFO] PluginManage:310 - Check plugin projectmanager
2025-06-27 22:59:13,889 [INFO] PluginManage:359 - Loaded plugin projectmanager (category:projectmanager,tabindex:4)
2025-06-27 22:59:13,889 [INFO] PluginManage:310 - Check plugin rif
2025-06-27 22:59:13,898 [INFO] PluginManage:359 - Loaded plugin rif (category:base,tabindex:3)
2025-06-27 22:59:13,898 [INFO] PluginManage:310 - Check plugin thirdparty
2025-06-27 22:59:14,010 [INFO] PluginManage:359 - Loaded plugin thirdparty (category:base,tabindex:-1)
2025-06-27 22:59:14,010 [WARN] IntegrityCheckThread:84 - waiting for thirdparty lock release [integrity check]
2025-06-27 22:59:14,010 [INFO] PluginManage:310 - Check plugin tools
2025-06-27 22:59:14,010 [INFO] IntegrityCheckThread:86 - entering critical section [integrity check]
2025-06-27 22:59:14,010 [INFO] ThirdPartyUpdaterWithRetryManager:70 - Updater plugin not ready yet. [1/15]
2025-06-27 22:59:14,012 [INFO] PluginManage:359 - Loaded plugin tools (category:base,tabindex:7)
2025-06-27 22:59:14,012 [INFO] PluginManage:310 - Check plugin tutovideos
2025-06-27 22:59:14,166 [INFO] PluginManage:359 - Loaded plugin tutovideos (category:base,tabindex:-1)
2025-06-27 22:59:14,167 [INFO] PluginManage:310 - Check plugin updater
2025-06-27 22:59:14,183 [INFO] PluginManage:359 - Loaded plugin updater (category:base,tabindex:12)
2025-06-27 22:59:14,184 [INFO] PluginManage:310 - Check plugin userauth
2025-06-27 22:59:14,187 [INFO] UserAuth:118 - Init User Auth plugin
2025-06-27 22:59:14,188 [INFO] PluginManage:359 - Loaded plugin userauth (category:base,tabindex:14)
2025-06-27 22:59:14,188 [INFO] PluginManage:283 - PluginManage : Loaded plugins [18]
2025-06-27 22:59:14,362 [INFO] PinOutPanel:1589 - setPackage(No Configuration,No Configuration)
2025-06-27 22:59:14,444 [INFO] CADModel:165 - CPN selected for project level
2025-06-27 22:59:14,445 [INFO] CADModel:114 - Register for checkConnection events
2025-06-27 22:59:14,468 [INFO] IPUIPlugin:80 - create IPUIPlugin
2025-06-27 22:59:14,468 [INFO] PluginManager:220 - loadIPPluginJar : add adc
2025-06-27 22:59:14,472 [INFO] IPUIPlugin:80 - create IPUIPlugin
2025-06-27 22:59:14,472 [INFO] PluginManager:220 - loadIPPluginJar : add aes
2025-06-27 22:59:14,475 [INFO] IPUIPlugin:80 - create IPUIPlugin
2025-06-27 22:59:14,475 [INFO] PluginManager:220 - loadIPPluginJar : add can
2025-06-27 22:59:14,477 [INFO] IPUIPlugin:80 - create IPUIPlugin
2025-06-27 22:59:14,477 [INFO] PluginManager:220 - loadIPPluginJar : add comp
2025-06-27 22:59:14,480 [INFO] IPUIPlugin:80 - create IPUIPlugin
2025-06-27 22:59:14,480 [INFO] PluginManager:220 - loadIPPluginJar : add cryp
2025-06-27 22:59:14,485 [INFO] IPUIPlugin:80 - create IPUIPlugin
2025-06-27 22:59:14,485 [INFO] PluginManager:220 - loadIPPluginJar : add ddr_ctrl_phy
2025-06-27 22:59:14,489 [INFO] IPUIPlugin:80 - create IPUIPlugin
2025-06-27 22:59:14,489 [INFO] PluginManager:220 - loadIPPluginJar : add dfsdm
2025-06-27 22:59:14,495 [INFO] IPUIPlugin:80 - create IPUIPlugin
2025-06-27 22:59:14,495 [INFO] PluginManager:220 - loadIPPluginJar : add dma
2025-06-27 22:59:14,499 [INFO] IPUIPlugin:80 - create IPUIPlugin
2025-06-27 22:59:14,499 [INFO] PluginManager:220 - loadIPPluginJar : add dma3
2025-06-27 22:59:14,502 [INFO] IPUIPlugin:80 - create IPUIPlugin
2025-06-27 22:59:14,502 [INFO] PluginManager:220 - loadIPPluginJar : add extmemmanager
2025-06-27 22:59:14,504 [INFO] IPUIPlugin:80 - create IPUIPlugin
2025-06-27 22:59:14,504 [INFO] PluginManager:220 - loadIPPluginJar : add fatfs
2025-06-27 22:59:14,508 [INFO] IPUIPlugin:80 - create IPUIPlugin
2025-06-27 22:59:14,508 [INFO] PluginManager:220 - loadIPPluginJar : add fmc
2025-06-27 22:59:14,515 [INFO] IPUIPlugin:80 - create IPUIPlugin
2025-06-27 22:59:14,515 [INFO] PluginManager:220 - loadIPPluginJar : add freertos
2025-06-27 22:59:14,517 [INFO] IPUIPlugin:80 - create IPUIPlugin
2025-06-27 22:59:14,517 [INFO] PluginManager:220 - loadIPPluginJar : add genericplugin
2025-06-27 22:59:14,519 [INFO] IPUIPlugin:80 - create IPUIPlugin
2025-06-27 22:59:14,520 [INFO] PluginManager:220 - loadIPPluginJar : add gfxmmu
2025-06-27 22:59:14,524 [INFO] IPUIPlugin:80 - create IPUIPlugin
2025-06-27 22:59:14,524 [INFO] PluginManager:220 - loadIPPluginJar : add gic
2025-06-27 22:59:14,527 [INFO] IPUIPlugin:80 - create IPUIPlugin
2025-06-27 22:59:14,527 [INFO] PluginManager:220 - loadIPPluginJar : add gpio
2025-06-27 22:59:14,530 [INFO] IPUIPlugin:80 - create IPUIPlugin
2025-06-27 22:59:14,530 [INFO] PluginManager:220 - loadIPPluginJar : add gtzc
2025-06-27 22:59:14,532 [INFO] IPUIPlugin:80 - create IPUIPlugin
2025-06-27 22:59:14,532 [INFO] PluginManager:220 - loadIPPluginJar : add hash
2025-06-27 22:59:14,534 [INFO] IPUIPlugin:80 - create IPUIPlugin
2025-06-27 22:59:14,534 [INFO] PluginManager:220 - loadIPPluginJar : add i2c
2025-06-27 22:59:14,537 [INFO] IPUIPlugin:80 - create IPUIPlugin
2025-06-27 22:59:14,537 [INFO] PluginManager:220 - loadIPPluginJar : add i2s
2025-06-27 22:59:14,539 [INFO] IPUIPlugin:80 - create IPUIPlugin
2025-06-27 22:59:14,539 [INFO] PluginManager:220 - loadIPPluginJar : add i3c
2025-06-27 22:59:14,542 [INFO] IPUIPlugin:80 - create IPUIPlugin
2025-06-27 22:59:14,542 [INFO] PluginManager:220 - loadIPPluginJar : add ipddr
2025-06-27 22:59:14,550 [INFO] IPUIPlugin:80 - create IPUIPlugin
2025-06-27 22:59:14,550 [INFO] PluginManager:220 - loadIPPluginJar : add linkedlist
2025-06-27 22:59:14,553 [INFO] IPUIPlugin:80 - create IPUIPlugin
2025-06-27 22:59:14,553 [INFO] PluginManager:220 - loadIPPluginJar : add lorawan
2025-06-27 22:59:14,554 [INFO] IPUIPlugin:80 - create IPUIPlugin
2025-06-27 22:59:14,554 [INFO] PluginManager:220 - loadIPPluginJar : add ltdc
2025-06-27 22:59:14,560 [INFO] IPUIPlugin:80 - create IPUIPlugin
2025-06-27 22:59:14,560 [INFO] PluginManager:220 - loadIPPluginJar : add mdma
2025-06-27 22:59:14,564 [INFO] IPUIPlugin:80 - create IPUIPlugin
2025-06-27 22:59:14,564 [INFO] PluginManager:220 - loadIPPluginJar : add nvic
2025-06-27 22:59:14,567 [INFO] IPUIPlugin:80 - create IPUIPlugin
2025-06-27 22:59:14,567 [INFO] PluginManager:220 - loadIPPluginJar : add opamp
2025-06-27 22:59:14,570 [INFO] IPUIPlugin:80 - create IPUIPlugin
2025-06-27 22:59:14,570 [INFO] PluginManager:220 - loadIPPluginJar : add openamp
2025-06-27 22:59:14,573 [INFO] IPUIPlugin:80 - create IPUIPlugin
2025-06-27 22:59:14,573 [INFO] PluginManager:220 - loadIPPluginJar : add pdm2pcm
2025-06-27 22:59:14,580 [INFO] IPUIPlugin:80 - create IPUIPlugin
2025-06-27 22:59:14,582 [INFO] PluginManager:220 - loadIPPluginJar : add plateformsettings
2025-06-27 22:59:14,583 [INFO] IPUIPlugin:80 - create IPUIPlugin
2025-06-27 22:59:14,583 [INFO] PluginManager:220 - loadIPPluginJar : add quadspi
2025-06-27 22:59:14,585 [INFO] IPUIPlugin:80 - create IPUIPlugin
2025-06-27 22:59:14,585 [INFO] PluginManager:220 - loadIPPluginJar : add radio
2025-06-27 22:59:14,590 [INFO] IPUIPlugin:80 - create IPUIPlugin
2025-06-27 22:59:14,590 [INFO] PluginManager:220 - loadIPPluginJar : add resmgrutility
2025-06-27 22:59:14,593 [INFO] IPUIPlugin:80 - create IPUIPlugin
2025-06-27 22:59:14,593 [INFO] PluginManager:220 - loadIPPluginJar : add sai
2025-06-27 22:59:14,596 [INFO] IPUIPlugin:80 - create IPUIPlugin
2025-06-27 22:59:14,596 [INFO] PluginManager:220 - loadIPPluginJar : add spi
2025-06-27 22:59:14,601 [INFO] IPUIPlugin:80 - create IPUIPlugin
2025-06-27 22:59:14,601 [INFO] PluginManager:220 - loadIPPluginJar : add stm32_wpan
2025-06-27 22:59:14,603 [INFO] IPUIPlugin:80 - create IPUIPlugin
2025-06-27 22:59:14,603 [INFO] PluginManager:220 - loadIPPluginJar : add tim
2025-06-27 22:59:14,605 [INFO] IPUIPlugin:80 - create IPUIPlugin
2025-06-27 22:59:14,605 [INFO] PluginManager:220 - loadIPPluginJar : add touchsensing
2025-06-27 22:59:14,608 [INFO] IPUIPlugin:80 - create IPUIPlugin
2025-06-27 22:59:14,608 [INFO] PluginManager:220 - loadIPPluginJar : add tracer_emb
2025-06-27 22:59:14,611 [INFO] IPUIPlugin:80 - create IPUIPlugin
2025-06-27 22:59:14,611 [INFO] PluginManager:220 - loadIPPluginJar : add ts
2025-06-27 22:59:14,614 [INFO] IPUIPlugin:80 - create IPUIPlugin
2025-06-27 22:59:14,614 [INFO] PluginManager:220 - loadIPPluginJar : add tsc
2025-06-27 22:59:14,616 [INFO] IPUIPlugin:80 - create IPUIPlugin
2025-06-27 22:59:14,616 [INFO] PluginManager:220 - loadIPPluginJar : add ucpd
2025-06-27 22:59:14,619 [INFO] IPUIPlugin:80 - create IPUIPlugin
2025-06-27 22:59:14,620 [INFO] PluginManager:220 - loadIPPluginJar : add usart
2025-06-27 22:59:14,623 [INFO] IPUIPlugin:80 - create IPUIPlugin
2025-06-27 22:59:14,623 [INFO] PluginManager:220 - loadIPPluginJar : add usbx
2025-06-27 22:59:14,749 [FATAL] Updater:351 - Updater called before beeing initialized
2025-06-27 22:59:14,779 [INFO] RulesReader:64 - Compatibility file has been processed (301 Rules)
2025-06-27 22:59:14,789 [INFO] RulesReader:64 - Compatibility file has been processed (301 Rules)
2025-06-27 22:59:14,800 [INFO] CADModel:165 - CPN selected for project level
2025-06-27 22:59:14,800 [INFO] CADModel:114 - Register for checkConnection events
2025-06-27 22:59:14,800 [FATAL] Updater:351 - Updater called before beeing initialized
2025-06-27 22:59:14,800 [ERROR] CADModel:125 - Updater not yet initialized, retry later 
2025-06-27 22:59:14,935 [FATAL] Updater:351 - Updater called before beeing initialized
2025-06-27 22:59:14,938 [INFO] CADModel:165 - CPN selected for project level
2025-06-27 22:59:14,938 [INFO] CADModel:114 - Register for checkConnection events
2025-06-27 22:59:14,938 [FATAL] Updater:351 - Updater called before beeing initialized
2025-06-27 22:59:14,938 [ERROR] CADModel:125 - Updater not yet initialized, retry later 
2025-06-27 22:59:14,940 [FATAL] Updater:351 - Updater called before beeing initialized
2025-06-27 22:59:15,028 [FATAL] Updater:351 - Updater called before beeing initialized
2025-06-27 22:59:15,032 [INFO] DbMcusAds:53 - JSON generation date=Thu Jun 19 16:32:34 CST 2025 (1750321954384)
2025-06-27 22:59:15,032 [FATAL] Updater:351 - Updater called before beeing initialized
2025-06-27 22:59:15,062 [WARN] DetailPanel:346 - Failed to get advertising image, set to default
2025-06-27 22:59:15,257 [FATAL] Updater:351 - Updater called before beeing initialized
2025-06-27 22:59:15,259 [FATAL] Updater:351 - Updater called before beeing initialized
2025-06-27 22:59:15,259 [FATAL] Updater:351 - Updater called before beeing initialized
2025-06-27 22:59:15,259 [WARN] DetailPanel:346 - Failed to get advertising image, set to default
2025-06-27 22:59:15,260 [FATAL] Updater:351 - Updater called before beeing initialized
2025-06-27 22:59:15,295 [ERROR] Updater:1198 - MainUpdater not yet initialized. External WinMGr cannot be set.
2025-06-27 22:59:15,298 [INFO] Updater:1134 - Updater Version found : 6.14.0
2025-06-27 22:59:15,316 [INFO] ApplicationProperties:184 - Using Application install path: A:\STM32CUBEIDE\STM32CubeIDE_1.18.0\STM32CubeIDE\plugins\com.st.stm32cube.common.mx_6.14.0.202502271554
2025-06-27 22:59:17,015 [INFO] ThirdPartyUpdaterWithRetryManager:70 - Updater plugin not ready yet. [2/15]
2025-06-27 22:59:17,169 [INFO] RetryExec:97 - I/O exception (java.net.SocketException) caught when processing request to {s}->https://sw-center.st.com:443: 你的主机中的软件中止了一个已建立的连接。
2025-06-27 22:59:17,169 [INFO] RetryExec:113 - Retrying request to {s}->https://sw-center.st.com:443
2025-06-27 22:59:17,569 [INFO] MainUpdater:2872 - connection check result : 10
2025-06-27 22:59:17,570 [INFO] MainUpdater:289 - Updater Check For Update Now.
2025-06-27 22:59:17,570 [INFO] MicroXplorer:498 - Change Database Version : DB.6.0.140
2025-06-27 22:59:17,575 [INFO] McuFinderGlobals:63 - Set McuFinder mode to 2 (CubeIDE integrated)
2025-06-27 22:59:17,576 [INFO] UserAuth:486 - Internet connection configuration mode: 1
2025-06-27 22:59:17,595 [INFO] JxBrowserEngine:152 - Initiate JxBrowser Engine with user profile folder
2025-06-27 22:59:17,742 [INFO] CheckServerUpdateThread:120 - End of CheckServer Thread
2025-06-27 22:59:18,456 [INFO] WebApp:169 - Instantiating new browser for Auth
2025-06-27 22:59:19,669 [INFO] WebApp:463 - Apply proxy settings
2025-06-27 22:59:19,669 [INFO] WebApp:548 - Chromium requires no authentication
2025-06-27 22:59:19,677 [INFO] WebApp:491 - Direct internet connection detected
2025-06-27 22:59:19,699 [INFO] WebApp:894 - Register for checkConnection events
2025-06-27 22:59:19,699 [INFO] WebApp:463 - Apply proxy settings
2025-06-27 22:59:19,699 [INFO] WebApp:548 - Chromium requires no authentication
2025-06-27 22:59:19,700 [INFO] WebApp:491 - Direct internet connection detected
2025-06-27 22:59:19,845 [INFO] WebApp:225 - Starting web application
2025-06-27 22:59:19,845 [INFO] WebApp:593 - Web application path used A:\STM32CUBEIDE\STM32CubeIDE_1.18.0\STM32CubeIDE\plugins\com.st.stm32cube.common.mx_6.14.0.202502271554\db\plugins\mcufinder\reactClient1\index.html
2025-06-27 22:59:19,928 [INFO] UserAuth:486 - Internet connection configuration mode: 1
2025-06-27 22:59:20,133 [WARN] PackLoader:240 - Cannot read IP mode file for STMicroelectronics.X-CUBE-PM33A1.1.0.0
2025-06-27 22:59:20,138 [WARN] PackLoader:240 - Cannot read IP mode file for Avnet-IotConnect.X-CUBE-IoTC-DA16k-PMOD.1.0.0
2025-06-27 22:59:20,143 [WARN] PackLoader:240 - Cannot read IP mode file for STMicroelectronics.X-CUBE-ST60.1.0.0
2025-06-27 22:59:20,172 [WARN] PackLoader:240 - Cannot read IP mode file for Infineon.AIROC-Wi-Fi-Bluetooth-STM32.1.7.0
2025-06-27 22:59:20,183 [WARN] PackLoader:240 - Cannot read IP mode file for STMicroelectronics.X-CUBE-FREERTOS.1.3.1
2025-06-27 22:59:20,187 [WARN] PackLoader:240 - Cannot read IP mode file for emotas.I-CUBE-CANOPEN.1.3.0
2025-06-27 22:59:20,192 [WARN] PackLoader:240 - Cannot read IP mode file for STMicroelectronics.X-CUBE-FREERTOS.1.3.0
2025-06-27 22:59:20,199 [WARN] PackLoader:240 - Cannot read IP mode file for STMicroelectronics.X-CUBE-NFC7.1.0.1
2025-06-27 22:59:20,203 [WARN] ConditionMgr:438 - getConditionDescription Invalid condition id : Cortex-A Device cause : null
2025-06-27 22:59:20,216 [WARN] ConditionMgr:1044 - genDependencies : Invalid condition id : Cortex-A Device cause : null
2025-06-27 22:59:20,216 [WARN] ConditionMgr:1044 - genDependencies : Invalid condition id : Cortex-A Device cause : null
2025-06-27 22:59:20,216 [WARN] ConditionMgr:1044 - genDependencies : Invalid condition id : Cortex-A Device cause : null
2025-06-27 22:59:20,220 [WARN] PackLoader:240 - Cannot read IP mode file for STMicroelectronics.X-CUBE-AI.10.0.0
2025-06-27 22:59:20,226 [WARN] PackLoader:240 - Cannot read IP mode file for STMicroelectronics.FP-SNS-STAIOTCFT.1.0.0
2025-06-27 22:59:20,281 [WARN] PackLoader:240 - Cannot read IP mode file for STMicroelectronics.X-CUBE-MEMS1.11.1.0
2025-06-27 22:59:20,416 [WARN] PackLoader:240 - Cannot read IP mode file for STMicroelectronics.X-CUBE-AI.10.1.0
2025-06-27 22:59:20,464 [WARN] PackLoader:240 - Cannot read IP mode file for STMicroelectronics.X-CUBE-MEMS1.11.2.0
2025-06-27 22:59:20,640 [WARN] PackLoader:240 - Cannot read IP mode file for EmbeddedOffice.I-CUBE-FS-RTOS.1.0.1
2025-06-27 22:59:20,650 [WARN] PackLoader:240 - Cannot read IP mode file for Cesanta.I-CUBE-Mongoose.7.13.0
2025-06-27 22:59:20,655 [WARN] PackLoader:240 - Cannot read IP mode file for STMicroelectronics.X-CUBE-WB05N.2.0.0
2025-06-27 22:59:20,662 [WARN] PackLoader:240 - Cannot read IP mode file for wolfSSL.I-CUBE-wolfSSH.1.4.20
2025-06-27 22:59:20,667 [WARN] PackLoader:240 - Cannot read IP mode file for STMicroelectronics.X-CUBE-NFC7.2.0.0
2025-06-27 22:59:20,673 [WARN] PackLoader:240 - Cannot read IP mode file for RealThread.X-CUBE-RT-Thread_Nano.4.1.1
2025-06-27 22:59:20,681 [WARN] PackLoader:240 - Cannot read IP mode file for ITTIA_DB.I-CUBE-ITTIADB.8.9.0
2025-06-27 22:59:20,687 [WARN] PackLoader:240 - Cannot read IP mode file for portGmbH.I-Cube-SoM-uGOAL.1.1.0
2025-06-27 22:59:20,694 [WARN] PackLoader:240 - Cannot read IP mode file for STMicroelectronics.X-CUBE-ST67W61.1.0.0
2025-06-27 22:59:20,727 [WARN] PackLoader:240 - Cannot read IP mode file for SEGGER.I-CUBE-embOS.1.3.1
2025-06-27 22:59:20,805 [WARN] PackLoader:240 - Cannot read IP mode file for STMicroelectronics.X-CUBE-MEMS1.11.3.0
2025-06-27 22:59:20,915 [WARN] PackLoader:240 - Cannot read IP mode file for STMicroelectronics.X-CUBE-TOF1.3.4.2
2025-06-27 22:59:20,936 [WARN] PackLoader:240 - Cannot read IP mode file for STMicroelectronics.X-CUBE-TOF1.3.4.3
2025-06-27 22:59:20,947 [INFO] ThirdParty:978 - Integrity check success = true
2025-06-27 22:59:20,947 [INFO] IntegrityCheckThread:100 - exiting critical section [integrity check]
2025-06-27 22:59:20,947 [INFO] IntegrityCheckThread:103 - End integrity checks thread
2025-06-27 23:01:12,551 [ERROR] LogOutputStream:75 - [STDERR_REDIRECT] Warning: NLS unused message: MultiLaunchConfigurationDelegate_Cannot in: org.eclipse.cdt.launch.internal.ui.LaunchMessages
2025-06-27 23:01:12,553 [ERROR] LogOutputStream:75 - [STDERR_REDIRECT] Warning: NLS unused message: MultiLaunchConfigurationDelegate_Action_None in: org.eclipse.cdt.launch.internal.ui.LaunchMessages
2025-06-27 23:01:12,555 [ERROR] LogOutputStream:75 - [STDERR_REDIRECT] Warning: NLS unused message: MultiLaunchConfigurationDelegate_Action_WaitUntilTerminated in: org.eclipse.cdt.launch.internal.ui.LaunchMessages
2025-06-27 23:01:12,556 [ERROR] LogOutputStream:75 - [STDERR_REDIRECT] Warning: NLS unused message: MultiLaunchConfigurationDelegate_Action_Delay in: org.eclipse.cdt.launch.internal.ui.LaunchMessages
2025-06-27 23:01:12,558 [ERROR] LogOutputStream:75 - [STDERR_REDIRECT] Warning: NLS unused message: MultiLaunchConfigurationDelegate_Action_Delaying in: org.eclipse.cdt.launch.internal.ui.LaunchMessages
2025-06-27 23:01:12,560 [ERROR] LogOutputStream:75 - [STDERR_REDIRECT] Warning: NLS unused message: MultiLaunchConfigurationSelectionDialog_4 in: org.eclipse.cdt.launch.internal.ui.LaunchMessages
2025-06-27 23:01:12,561 [ERROR] LogOutputStream:75 - [STDERR_REDIRECT] Warning: NLS unused message: MultiLaunchConfigurationSelectionDialog_5 in: org.eclipse.cdt.launch.internal.ui.LaunchMessages
2025-06-27 23:01:12,562 [ERROR] LogOutputStream:75 - [STDERR_REDIRECT] Warning: NLS unused message: MultiLaunchConfigurationSelectionDialog_7 in: org.eclipse.cdt.launch.internal.ui.LaunchMessages
2025-06-27 23:01:12,563 [ERROR] LogOutputStream:75 - [STDERR_REDIRECT] Warning: NLS unused message: MultiLaunchConfigurationSelectionDialog_8 in: org.eclipse.cdt.launch.internal.ui.LaunchMessages
2025-06-27 23:01:12,564 [ERROR] LogOutputStream:75 - [STDERR_REDIRECT] Warning: NLS unused message: MultiLaunchConfigurationSelectionDialog_10 in: org.eclipse.cdt.launch.internal.ui.LaunchMessages
2025-06-27 23:01:12,565 [ERROR] LogOutputStream:75 - [STDERR_REDIRECT] Warning: NLS unused message: MultiLaunchConfigurationSelectionDialog_11 in: org.eclipse.cdt.launch.internal.ui.LaunchMessages
2025-06-27 23:01:12,567 [ERROR] LogOutputStream:75 - [STDERR_REDIRECT] Warning: NLS unused message: MultiLaunchConfigurationSelectionDialog_12 in: org.eclipse.cdt.launch.internal.ui.LaunchMessages
2025-06-27 23:01:12,568 [ERROR] LogOutputStream:75 - [STDERR_REDIRECT] Warning: NLS unused message: MultiLaunchConfigurationSelectionDialog_13 in: org.eclipse.cdt.launch.internal.ui.LaunchMessages
2025-06-27 23:01:12,570 [ERROR] LogOutputStream:75 - [STDERR_REDIRECT] Warning: NLS unused message: MultiLaunchConfigurationSelectionDialog_14 in: org.eclipse.cdt.launch.internal.ui.LaunchMessages
2025-06-27 23:01:12,571 [ERROR] LogOutputStream:75 - [STDERR_REDIRECT] Warning: NLS unused message: MultiLaunchConfigurationSelectionDialog_15 in: org.eclipse.cdt.launch.internal.ui.LaunchMessages
2025-06-27 23:01:12,572 [ERROR] LogOutputStream:75 - [STDERR_REDIRECT] Warning: NLS unused message: MultiLaunchConfigurationTabGroup_1 in: org.eclipse.cdt.launch.internal.ui.LaunchMessages
2025-06-27 23:01:12,573 [ERROR] LogOutputStream:75 - [STDERR_REDIRECT] Warning: NLS unused message: MultiLaunchConfigurationTabGroup_2 in: org.eclipse.cdt.launch.internal.ui.LaunchMessages
2025-06-27 23:01:12,575 [ERROR] LogOutputStream:75 - [STDERR_REDIRECT] Warning: NLS unused message: MultiLaunchConfigurationTabGroup_3 in: org.eclipse.cdt.launch.internal.ui.LaunchMessages
2025-06-27 23:01:12,576 [ERROR] LogOutputStream:75 - [STDERR_REDIRECT] Warning: NLS unused message: MultiLaunchConfigurationTabGroup_4 in: org.eclipse.cdt.launch.internal.ui.LaunchMessages
2025-06-27 23:01:12,577 [ERROR] LogOutputStream:75 - [STDERR_REDIRECT] Warning: NLS unused message: MultiLaunchConfigurationTabGroup_5 in: org.eclipse.cdt.launch.internal.ui.LaunchMessages
2025-06-27 23:01:12,578 [ERROR] LogOutputStream:75 - [STDERR_REDIRECT] Warning: NLS unused message: MultiLaunchConfigurationTabGroup_6 in: org.eclipse.cdt.launch.internal.ui.LaunchMessages
2025-06-27 23:01:12,579 [ERROR] LogOutputStream:75 - [STDERR_REDIRECT] Warning: NLS unused message: MultiLaunchConfigurationTabGroup_7 in: org.eclipse.cdt.launch.internal.ui.LaunchMessages
2025-06-27 23:01:12,580 [ERROR] LogOutputStream:75 - [STDERR_REDIRECT] Warning: NLS unused message: MultiLaunchConfigurationTabGroup_10 in: org.eclipse.cdt.launch.internal.ui.LaunchMessages
2025-06-27 23:01:12,580 [ERROR] LogOutputStream:75 - [STDERR_REDIRECT] Warning: NLS unused message: MultiLaunchConfigurationTabGroup_11 in: org.eclipse.cdt.launch.internal.ui.LaunchMessages
2025-06-27 23:01:12,581 [ERROR] LogOutputStream:75 - [STDERR_REDIRECT] Warning: NLS unused message: MultiLaunchConfigurationTabGroup_12 in: org.eclipse.cdt.launch.internal.ui.LaunchMessages
2025-06-27 23:01:12,583 [ERROR] LogOutputStream:75 - [STDERR_REDIRECT] Warning: NLS unused message: MultiLaunchConfigurationTabGroup_13 in: org.eclipse.cdt.launch.internal.ui.LaunchMessages
2025-06-27 23:01:12,584 [ERROR] LogOutputStream:75 - [STDERR_REDIRECT] Warning: NLS unused message: MultiLaunchConfigurationTabGroup_14 in: org.eclipse.cdt.launch.internal.ui.LaunchMessages
2025-06-27 23:01:12,585 [ERROR] LogOutputStream:75 - [STDERR_REDIRECT] Warning: NLS unused message: MultiLaunchConfigurationTabGroup_15 in: org.eclipse.cdt.launch.internal.ui.LaunchMessages
2025-06-27 23:01:12,586 [ERROR] LogOutputStream:75 - [STDERR_REDIRECT] Warning: NLS unused message: MultiLaunchConfigurationTabGroup_16 in: org.eclipse.cdt.launch.internal.ui.LaunchMessages
2025-06-27 23:34:47,784 [ERROR] AdobePublisher:162 - Exception while opening the connection: java.net.SocketTimeoutException: Connect timed out
2025-06-27 23:42:58,674 [ERROR] LogOutputStream:75 - [STDERR_REDIRECT] 
