2025-07-05 22:53:12,988 [INFO] Activator:176 - 


2025-07-05 22:53:12,995 [INFO] Activator:177 - !SESSION log4j initialized
2025-07-05 22:53:13,396 [ERROR] LogOutputStream:75 - [STDERR_REDIRECT] Warning: NLS unused message: ComplianceConfigurationBlock_version11 in: org.eclipse.jdt.internal.ui.preferences.PreferencesMessages
2025-07-05 22:53:13,399 [ERROR] LogOutputStream:75 - [STDERR_REDIRECT] Warning: NLS unused message: ComplianceConfigurationBlock_version12 in: org.eclipse.jdt.internal.ui.preferences.PreferencesMessages
2025-07-05 22:53:13,401 [ERROR] LogOutputStream:75 - [STDERR_REDIRECT] Warning: NLS unused message: ComplianceConfigurationBlock_version13 in: org.eclipse.jdt.internal.ui.preferences.PreferencesMessages
2025-07-05 22:53:13,404 [ERROR] LogOutputStream:75 - [STDERR_REDIRECT] Warning: NLS unused message: ComplianceConfigurationBlock_version14 in: org.eclipse.jdt.internal.ui.preferences.PreferencesMessages
2025-07-05 22:53:13,406 [ERROR] LogOutputStream:75 - [STDERR_REDIRECT] Warning: NLS unused message: ComplianceConfigurationBlock_version15 in: org.eclipse.jdt.internal.ui.preferences.PreferencesMessages
2025-07-05 22:53:13,408 [ERROR] LogOutputStream:75 - [STDERR_REDIRECT] Warning: NLS unused message: ComplianceConfigurationBlock_version9 in: org.eclipse.jdt.internal.ui.preferences.PreferencesMessages
2025-07-05 22:53:13,410 [ERROR] LogOutputStream:75 - [STDERR_REDIRECT] Warning: NLS unused message: ComplianceConfigurationBlock_version10 in: org.eclipse.jdt.internal.ui.preferences.PreferencesMessages
2025-07-05 22:53:13,412 [ERROR] LogOutputStream:75 - [STDERR_REDIRECT] Warning: NLS unused message: ComplianceConfigurationBlock_codegen_inline_jsr_bytecode_label in: org.eclipse.jdt.internal.ui.preferences.PreferencesMessages
2025-07-05 22:53:13,415 [ERROR] LogOutputStream:75 - [STDERR_REDIRECT] Warning: NLS unused message: ComplianceConfigurationBlock_pb_assert_as_identifier_label in: org.eclipse.jdt.internal.ui.preferences.PreferencesMessages
2025-07-05 22:53:13,417 [ERROR] LogOutputStream:75 - [STDERR_REDIRECT] Warning: NLS unused message: ComplianceConfigurationBlock_pb_enum_as_identifier_label in: org.eclipse.jdt.internal.ui.preferences.PreferencesMessages
2025-07-05 22:53:13,419 [ERROR] LogOutputStream:75 - [STDERR_REDIRECT] Warning: NLS unused message: ComplianceConfigurationBlock_cldc11_requires_source13_compliance_se14 in: org.eclipse.jdt.internal.ui.preferences.PreferencesMessages
2025-07-05 22:53:13,425 [ERROR] LogOutputStream:75 - [STDERR_REDIRECT] Warning: NLS unused message: CodeAssistConfigurationBlock_matchSubstring_label in: org.eclipse.jdt.internal.ui.preferences.PreferencesMessages
2025-07-05 22:53:13,447 [ERROR] LogOutputStream:75 - [STDERR_REDIRECT] Warning: NLS unused message: ProblemMarkerManager_problem_marker_update_job_description in: org.eclipse.jdt.internal.ui.JavaUIMessages
2025-07-05 22:53:13,449 [ERROR] LogOutputStream:75 - [STDERR_REDIRECT] Warning: NLS unused message: FilteredTypesSelectionDialog_default_package in: org.eclipse.jdt.internal.ui.JavaUIMessages
2025-07-05 22:53:13,451 [ERROR] LogOutputStream:75 - [STDERR_REDIRECT] Warning: NLS unused message: FilteredTypeSelectionDialog_showContainerForDuplicatesAction in: org.eclipse.jdt.internal.ui.JavaUIMessages
2025-07-05 22:53:13,453 [ERROR] LogOutputStream:75 - [STDERR_REDIRECT] Warning: NLS unused message: JavaElementLabels_anonym in: org.eclipse.jdt.internal.ui.JavaUIMessages
2025-07-05 22:53:13,455 [ERROR] LogOutputStream:75 - [STDERR_REDIRECT] Warning: NLS unused message: JavaElementLabels_concat_string in: org.eclipse.jdt.internal.ui.JavaUIMessages
2025-07-05 22:53:13,456 [ERROR] LogOutputStream:75 - [STDERR_REDIRECT] Warning: NLS unused message: JavaElementLabels_comma_string in: org.eclipse.jdt.internal.ui.JavaUIMessages
2025-07-05 22:53:13,458 [ERROR] LogOutputStream:75 - [STDERR_REDIRECT] Warning: NLS unused message: JavaElementLabels_declseparator_string in: org.eclipse.jdt.internal.ui.JavaUIMessages
2025-07-05 22:53:13,460 [ERROR] LogOutputStream:75 - [STDERR_REDIRECT] Warning: NLS unused message: JavaElementLabels_category_separator_string in: org.eclipse.jdt.internal.ui.JavaUIMessages
2025-07-05 22:53:13,463 [ERROR] LogOutputStream:75 - [STDERR_REDIRECT] Warning: NLS unused message: JavaElementLabels_import_container in: org.eclipse.jdt.internal.ui.JavaUIMessages
2025-07-05 22:53:13,677 [ERROR] LogOutputStream:75 - [STDERR_REDIRECT] Warning: NLS unused message: FindReplace_title in: org.eclipse.ui.texteditor.EditorMessages
2025-07-05 22:53:13,679 [ERROR] LogOutputStream:75 - [STDERR_REDIRECT] Warning: NLS unused message: FindReplace_Find_label in: org.eclipse.ui.texteditor.EditorMessages
2025-07-05 22:53:13,681 [ERROR] LogOutputStream:75 - [STDERR_REDIRECT] Warning: NLS unused message: FindReplace_Replace_label in: org.eclipse.ui.texteditor.EditorMessages
2025-07-05 22:53:13,682 [ERROR] LogOutputStream:75 - [STDERR_REDIRECT] Warning: NLS unused message: FindReplace_Direction in: org.eclipse.ui.texteditor.EditorMessages
2025-07-05 22:53:13,684 [ERROR] LogOutputStream:75 - [STDERR_REDIRECT] Warning: NLS unused message: FindReplace_ForwardRadioButton_label in: org.eclipse.ui.texteditor.EditorMessages
2025-07-05 22:53:13,685 [ERROR] LogOutputStream:75 - [STDERR_REDIRECT] Warning: NLS unused message: FindReplace_BackwardRadioButton_label in: org.eclipse.ui.texteditor.EditorMessages
2025-07-05 22:53:13,687 [ERROR] LogOutputStream:75 - [STDERR_REDIRECT] Warning: NLS unused message: FindReplace_Scope in: org.eclipse.ui.texteditor.EditorMessages
2025-07-05 22:53:13,688 [ERROR] LogOutputStream:75 - [STDERR_REDIRECT] Warning: NLS unused message: FindReplace_GlobalRadioButton_label in: org.eclipse.ui.texteditor.EditorMessages
2025-07-05 22:53:13,690 [ERROR] LogOutputStream:75 - [STDERR_REDIRECT] Warning: NLS unused message: FindReplace_SelectedRangeRadioButton_label in: org.eclipse.ui.texteditor.EditorMessages
2025-07-05 22:53:13,692 [ERROR] LogOutputStream:75 - [STDERR_REDIRECT] Warning: NLS unused message: FindReplace_Options in: org.eclipse.ui.texteditor.EditorMessages
2025-07-05 22:53:13,693 [ERROR] LogOutputStream:75 - [STDERR_REDIRECT] Warning: NLS unused message: FindReplace_CaseCheckBox_label in: org.eclipse.ui.texteditor.EditorMessages
2025-07-05 22:53:13,696 [ERROR] LogOutputStream:75 - [STDERR_REDIRECT] Warning: NLS unused message: FindReplace_WrapCheckBox_label in: org.eclipse.ui.texteditor.EditorMessages
2025-07-05 22:53:13,697 [ERROR] LogOutputStream:75 - [STDERR_REDIRECT] Warning: NLS unused message: FindReplace_WholeWordCheckBox_label in: org.eclipse.ui.texteditor.EditorMessages
2025-07-05 22:53:13,699 [ERROR] LogOutputStream:75 - [STDERR_REDIRECT] Warning: NLS unused message: FindReplace_IncrementalCheckBox_label in: org.eclipse.ui.texteditor.EditorMessages
2025-07-05 22:53:13,700 [ERROR] LogOutputStream:75 - [STDERR_REDIRECT] Warning: NLS unused message: FindReplace_RegExCheckbox_label in: org.eclipse.ui.texteditor.EditorMessages
2025-07-05 22:53:13,703 [ERROR] LogOutputStream:75 - [STDERR_REDIRECT] Warning: NLS unused message: FindReplace_FindNextButton_label in: org.eclipse.ui.texteditor.EditorMessages
2025-07-05 22:53:13,704 [ERROR] LogOutputStream:75 - [STDERR_REDIRECT] Warning: NLS unused message: FindReplace_ReplaceFindButton_label in: org.eclipse.ui.texteditor.EditorMessages
2025-07-05 22:53:13,707 [ERROR] LogOutputStream:75 - [STDERR_REDIRECT] Warning: NLS unused message: FindReplace_ReplaceSelectionButton_label in: org.eclipse.ui.texteditor.EditorMessages
2025-07-05 22:53:13,709 [ERROR] LogOutputStream:75 - [STDERR_REDIRECT] Warning: NLS unused message: FindReplace_ReplaceAllButton_label in: org.eclipse.ui.texteditor.EditorMessages
2025-07-05 22:53:13,710 [ERROR] LogOutputStream:75 - [STDERR_REDIRECT] Warning: NLS unused message: FindReplace_CloseButton_label in: org.eclipse.ui.texteditor.EditorMessages
2025-07-05 22:53:13,712 [ERROR] LogOutputStream:75 - [STDERR_REDIRECT] Warning: NLS unused message: FindReplace_Status_replacements_label in: org.eclipse.ui.texteditor.EditorMessages
2025-07-05 22:53:13,714 [ERROR] LogOutputStream:75 - [STDERR_REDIRECT] Warning: NLS unused message: FindReplace_Status_wrapped_label in: org.eclipse.ui.texteditor.EditorMessages
2025-07-05 22:53:13,866 [ERROR] LogOutputStream:75 - [STDERR_REDIRECT] Warning: NLS unused message: FileDocumentProvider_getPersistedEncoding in: org.eclipse.ui.editors.text.TextEditorMessages
2025-07-05 22:53:15,632 [ERROR] LogOutputStream:75 - [STDERR_REDIRECT] Warning: NLS unused message: TextSearchVisitor_progress_updating_job in: org.eclipse.search.internal.ui.SearchMessages
2025-07-05 22:53:15,634 [ERROR] LogOutputStream:75 - [STDERR_REDIRECT] Warning: NLS unused message: SearchPageSelectionDialog_rememberLastUsedPage_message in: org.eclipse.search.internal.ui.SearchMessages
2025-07-05 22:53:17,979 [INFO] LogOutputStream:77 - [STDOUT_REDIRECT] 
2025-07-05 22:53:18,004 [ERROR] LogOutputStream:75 - [STDERR_REDIRECT] Warning: NLS unused message: ShowInNavigatorView_label in: org.eclipse.jdt.internal.ui.actions.ActionMessages
2025-07-05 22:53:18,006 [ERROR] LogOutputStream:75 - [STDERR_REDIRECT] Warning: NLS unused message: ShowInNavigatorView_dialog_title in: org.eclipse.jdt.internal.ui.actions.ActionMessages
2025-07-05 22:53:18,007 [ERROR] LogOutputStream:75 - [STDERR_REDIRECT] Warning: NLS unused message: ShowInNavigatorView_dialog_message in: org.eclipse.jdt.internal.ui.actions.ActionMessages
2025-07-05 22:53:18,009 [ERROR] LogOutputStream:75 - [STDERR_REDIRECT] Warning: NLS unused message: ShowInNavigatorView_error_activation_failed in: org.eclipse.jdt.internal.ui.actions.ActionMessages
2025-07-05 22:53:18,012 [ERROR] LogOutputStream:75 - [STDERR_REDIRECT] Warning: NLS unused message: OrganizeImportsAction_error_message in: org.eclipse.jdt.internal.ui.actions.ActionMessages
2025-07-05 22:53:19,853 [INFO] ApplicationProperties:184 - Using Application install path: A:\STM32CUBEIDE\STM32CubeIDE_1.18.0\STM32CubeIDE\plugins\com.st.stm32cube.common.mx_6.14.0.202502271554
2025-07-05 22:53:19,872 [INFO] DbMcusXml:78 - Set database path to: A:\STM32CUBEIDE\STM32CubeIDE_1.18.0\STM32CubeIDE\plugins\com.st.stm32cube.common.mx_6.14.0.202502271554\\db\/mcu/
2025-07-05 22:53:19,872 [INFO] ApiDb:274 - Set plugin database path to: A:\STM32CUBEIDE\STM32CubeIDE_1.18.0\STM32CubeIDE\plugins\com.st.stm32cube.common.mx_6.14.0.202502271554\\db\/plugins/boardmanager/
2025-07-05 22:53:19,872 [WARN] ApiDb:259 - Overriding images path with different value:  => A:\STM32CUBEIDE\STM32CubeIDE_1.18.0\STM32CubeIDE\plugins\com.st.stm32cube.common.mx_6.14.0.202502271554\\db\/plugins/mcufinder/images/
2025-07-05 22:53:19,880 [INFO] ApiDb:250 - Set database path to: C:\Users\14931\.stmcufinder\plugins\mcufinder//mcu/
2025-07-05 22:53:19,882 [INFO] DbMcusAds:125 - Set database path to: C:\Users\14931\.stmcufinder\plugins\mcufinder//mcu/
2025-07-05 22:53:19,886 [INFO] CrossReferenceDbSqlite:203 - Set database path to: C:\Users\14931\.stmcufinder\plugins\mcufinder//mcu/cs/
2025-07-05 22:53:19,987 [INFO] RulesReader:64 - Compatibility file has been processed (301 Rules)
2025-07-05 22:53:20,054 [INFO] DbMcusXml:78 - Set database path to: A:\STM32CUBEIDE\STM32CubeIDE_1.18.0\STM32CubeIDE\plugins\com.st.stm32cube.common.mx_6.14.0.202502271554\\db\/mcu/
2025-07-05 22:53:20,054 [INFO] ApiDb:274 - Set plugin database path to: A:\STM32CUBEIDE\STM32CubeIDE_1.18.0\STM32CubeIDE\plugins\com.st.stm32cube.common.mx_6.14.0.202502271554\\db\/plugins/boardmanager/
2025-07-05 22:53:20,054 [INFO] ApiDb:261 - Set plugin images path to: A:\STM32CUBEIDE\STM32CubeIDE_1.18.0\STM32CubeIDE\plugins\com.st.stm32cube.common.mx_6.14.0.202502271554\\db\/plugins/mcufinder/images/
2025-07-05 22:53:20,054 [WARN] DbFile:41 - Overriding database path with different value: C:\Users\14931\.stmcufinder\plugins\mcufinder/ => C:\Users\14931\.stmcufinder\plugins\mcufinder
2025-07-05 22:53:20,054 [INFO] ApiDb:250 - Set database path to: C:\Users\14931\.stmcufinder\plugins\mcufinder//mcu/
2025-07-05 22:53:20,054 [WARN] DbFile:41 - Overriding database path with different value: C:\Users\14931\.stmcufinder\plugins\mcufinder/ => C:\Users\14931\.stmcufinder\plugins\mcufinder
2025-07-05 22:53:20,054 [INFO] DbMcusAds:125 - Set database path to: C:\Users\14931\.stmcufinder\plugins\mcufinder//mcu/
2025-07-05 22:53:20,054 [WARN] DbFile:41 - Overriding database path with different value: C:\Users\14931\.stmcufinder\plugins\mcufinder/ => C:\Users\14931\.stmcufinder\plugins\mcufinder
2025-07-05 22:53:20,054 [WARN] DbFile:41 - Overriding database path with different value: C:\Users\14931\.stmcufinder\plugins\mcufinder/ => C:\Users\14931\.stmcufinder\plugins\mcufinder
2025-07-05 22:53:20,054 [INFO] CrossReferenceDbSqlite:203 - Set database path to: C:\Users\14931\.stmcufinder\plugins\mcufinder//mcu/cs/
2025-07-05 22:53:20,121 [INFO] MainPanel:272 - HeapMemory: 269484032
2025-07-05 22:53:20,237 [INFO] DbMcusXml:78 - Set database path to: A:\STM32CUBEIDE\STM32CubeIDE_1.18.0\STM32CubeIDE\plugins\com.st.stm32cube.common.mx_6.14.0.202502271554\\db\/mcu/
2025-07-05 22:53:20,237 [INFO] ApiDb:274 - Set plugin database path to: A:\STM32CUBEIDE\STM32CubeIDE_1.18.0\STM32CubeIDE\plugins\com.st.stm32cube.common.mx_6.14.0.202502271554\\db\/plugins/boardmanager/
2025-07-05 22:53:20,237 [INFO] ApiDb:261 - Set plugin images path to: A:\STM32CUBEIDE\STM32CubeIDE_1.18.0\STM32CubeIDE\plugins\com.st.stm32cube.common.mx_6.14.0.202502271554\\db\/plugins/mcufinder/images/
2025-07-05 22:53:20,238 [WARN] DbFile:41 - Overriding database path with different value: C:\Users\14931\.stmcufinder\plugins\mcufinder/ => C:\Users\14931\.stmcufinder\plugins\mcufinder
2025-07-05 22:53:20,238 [INFO] ApiDb:250 - Set database path to: C:\Users\14931\.stmcufinder\plugins\mcufinder//mcu/
2025-07-05 22:53:20,238 [WARN] DbFile:41 - Overriding database path with different value: C:\Users\14931\.stmcufinder\plugins\mcufinder/ => C:\Users\14931\.stmcufinder\plugins\mcufinder
2025-07-05 22:53:20,238 [INFO] DbMcusAds:125 - Set database path to: C:\Users\14931\.stmcufinder\plugins\mcufinder//mcu/
2025-07-05 22:53:20,238 [WARN] DbFile:41 - Overriding database path with different value: C:\Users\14931\.stmcufinder\plugins\mcufinder/ => C:\Users\14931\.stmcufinder\plugins\mcufinder
2025-07-05 22:53:20,238 [WARN] DbFile:41 - Overriding database path with different value: C:\Users\14931\.stmcufinder\plugins\mcufinder/ => C:\Users\14931\.stmcufinder\plugins\mcufinder
2025-07-05 22:53:20,238 [INFO] CrossReferenceDbSqlite:203 - Set database path to: C:\Users\14931\.stmcufinder\plugins\mcufinder//mcu/cs/
2025-07-05 22:53:20,256 [INFO] ApplicationProperties:184 - Using Application install path: A:\STM32CUBEIDE\STM32CubeIDE_1.18.0\STM32CubeIDE\plugins\com.st.stm32cube.common.mx_6.14.0.202502271554
2025-07-05 22:53:20,258 [INFO] PluginManage:196 - Search for loadable plugins [exclusion list=, ]
2025-07-05 22:53:20,259 [INFO] PluginManage:310 - Check plugin analytics
2025-07-05 22:53:20,417 [INFO] AnalyticsPlugin:253 - Accepted Software Licenses: 
2025-07-05 22:53:20,417 [INFO] AnalyticsPlugin:255 - Accepted CMSIS Pack Licenses: 
2025-07-05 22:53:20,417 [INFO] AnalyticsPlugin:257 - Accepted Firmware Licenses: 
2025-07-05 22:53:20,419 [INFO] PluginManage:359 - Loaded plugin analytics (category:tool,tabindex:-1)
2025-07-05 22:53:20,420 [INFO] PluginManage:310 - Check plugin cadmodel
2025-07-05 22:53:20,426 [INFO] CADModel:105 - Init CAD model plugin
2025-07-05 22:53:20,426 [INFO] PluginManage:359 - Loaded plugin cadmodel (category:power,tabindex:5)
2025-07-05 22:53:20,426 [INFO] PluginManage:310 - Check plugin clock
2025-07-05 22:53:20,435 [INFO] PluginManage:359 - Loaded plugin clock (category:base,tabindex:2)
2025-07-05 22:53:20,435 [INFO] PluginManage:310 - Check plugin ddr
2025-07-05 22:53:20,438 [INFO] PluginManage:359 - Loaded plugin ddr (category:tool,tabindex:6)
2025-07-05 22:53:20,439 [INFO] PluginManage:310 - Check plugin filemanager
2025-07-05 22:53:20,573 [INFO] PluginManage:359 - Loaded plugin filemanager (category:base,tabindex:10)
2025-07-05 22:53:20,573 [INFO] PluginManage:310 - Check plugin ipmanager
2025-07-05 22:53:20,579 [INFO] PluginManage:359 - Loaded plugin ipmanager (category:base,tabindex:5)
2025-07-05 22:53:20,579 [INFO] PluginManage:310 - Check plugin lpbam
2025-07-05 22:53:20,587 [INFO] PluginManage:359 - Loaded plugin lpbam (category:base,tabindex:0)
2025-07-05 22:53:20,588 [INFO] PluginManage:310 - Check plugin memorymap
2025-07-05 22:53:20,602 [INFO] PluginManage:359 - Loaded plugin memorymap (category:base,tabindex:4)
2025-07-05 22:53:20,603 [INFO] PluginManage:310 - Check plugin pinoutandconfiguration
2025-07-05 22:53:20,610 [INFO] PluginManage:359 - Loaded plugin pinoutandconfiguration (category:base,tabindex:1)
2025-07-05 22:53:20,610 [INFO] PluginManage:310 - Check plugin pinoutconfig
2025-07-05 22:53:20,692 [WARN] SupportedApi:132 - Cannot load RTOS API schema: s4s-elt-must-match.1: The content of 'definitions' must match (annotation?, (simpleType | complexType)?, (unique | key | keyref)*)). A problem was found starting at: attribute.
2025-07-05 22:53:20,805 [INFO] PluginManage:359 - Loaded plugin pinoutconfig (category:base,tabindex:0)
2025-07-05 22:53:20,805 [INFO] PluginManage:310 - Check plugin power
2025-07-05 22:53:20,813 [INFO] PluginManage:359 - Loaded plugin power (category:power,tabindex:4)
2025-07-05 22:53:20,813 [INFO] PluginManage:310 - Check plugin projectmanager
2025-07-05 22:53:20,825 [INFO] PluginManage:359 - Loaded plugin projectmanager (category:projectmanager,tabindex:4)
2025-07-05 22:53:20,826 [INFO] PluginManage:310 - Check plugin rif
2025-07-05 22:53:20,833 [INFO] PluginManage:359 - Loaded plugin rif (category:base,tabindex:3)
2025-07-05 22:53:20,834 [INFO] PluginManage:310 - Check plugin thirdparty
2025-07-05 22:53:20,943 [INFO] PluginManage:359 - Loaded plugin thirdparty (category:base,tabindex:-1)
2025-07-05 22:53:20,943 [INFO] PluginManage:310 - Check plugin tools
2025-07-05 22:53:20,943 [WARN] IntegrityCheckThread:84 - waiting for thirdparty lock release [integrity check]
2025-07-05 22:53:20,943 [INFO] IntegrityCheckThread:86 - entering critical section [integrity check]
2025-07-05 22:53:20,943 [INFO] ThirdPartyUpdaterWithRetryManager:70 - Updater plugin not ready yet. [1/15]
2025-07-05 22:53:20,946 [INFO] PluginManage:359 - Loaded plugin tools (category:base,tabindex:7)
2025-07-05 22:53:20,946 [INFO] PluginManage:310 - Check plugin tutovideos
2025-07-05 22:53:21,098 [INFO] PluginManage:359 - Loaded plugin tutovideos (category:base,tabindex:-1)
2025-07-05 22:53:21,098 [INFO] PluginManage:310 - Check plugin updater
2025-07-05 22:53:21,117 [INFO] PluginManage:359 - Loaded plugin updater (category:base,tabindex:12)
2025-07-05 22:53:21,117 [INFO] PluginManage:310 - Check plugin userauth
2025-07-05 22:53:21,122 [INFO] UserAuth:118 - Init User Auth plugin
2025-07-05 22:53:21,123 [INFO] PluginManage:359 - Loaded plugin userauth (category:base,tabindex:14)
2025-07-05 22:53:21,123 [INFO] PluginManage:283 - PluginManage : Loaded plugins [18]
2025-07-05 22:53:21,311 [INFO] PinOutPanel:1589 - setPackage(No Configuration,No Configuration)
2025-07-05 22:53:21,383 [INFO] CADModel:165 - CPN selected for project level
2025-07-05 22:53:21,383 [INFO] CADModel:114 - Register for checkConnection events
2025-07-05 22:53:21,398 [INFO] IPUIPlugin:80 - create IPUIPlugin
2025-07-05 22:53:21,398 [INFO] PluginManager:220 - loadIPPluginJar : add adc
2025-07-05 22:53:21,400 [INFO] IPUIPlugin:80 - create IPUIPlugin
2025-07-05 22:53:21,400 [INFO] PluginManager:220 - loadIPPluginJar : add aes
2025-07-05 22:53:21,403 [INFO] IPUIPlugin:80 - create IPUIPlugin
2025-07-05 22:53:21,403 [INFO] PluginManager:220 - loadIPPluginJar : add can
2025-07-05 22:53:21,405 [INFO] IPUIPlugin:80 - create IPUIPlugin
2025-07-05 22:53:21,405 [INFO] PluginManager:220 - loadIPPluginJar : add comp
2025-07-05 22:53:21,407 [INFO] IPUIPlugin:80 - create IPUIPlugin
2025-07-05 22:53:21,407 [INFO] PluginManager:220 - loadIPPluginJar : add cryp
2025-07-05 22:53:21,410 [INFO] IPUIPlugin:80 - create IPUIPlugin
2025-07-05 22:53:21,410 [INFO] PluginManager:220 - loadIPPluginJar : add ddr_ctrl_phy
2025-07-05 22:53:21,413 [INFO] IPUIPlugin:80 - create IPUIPlugin
2025-07-05 22:53:21,413 [INFO] PluginManager:220 - loadIPPluginJar : add dfsdm
2025-07-05 22:53:21,418 [INFO] IPUIPlugin:80 - create IPUIPlugin
2025-07-05 22:53:21,419 [INFO] PluginManager:220 - loadIPPluginJar : add dma
2025-07-05 22:53:21,421 [INFO] IPUIPlugin:80 - create IPUIPlugin
2025-07-05 22:53:21,421 [INFO] PluginManager:220 - loadIPPluginJar : add dma3
2025-07-05 22:53:21,424 [INFO] IPUIPlugin:80 - create IPUIPlugin
2025-07-05 22:53:21,424 [INFO] PluginManager:220 - loadIPPluginJar : add extmemmanager
2025-07-05 22:53:21,426 [INFO] IPUIPlugin:80 - create IPUIPlugin
2025-07-05 22:53:21,426 [INFO] PluginManager:220 - loadIPPluginJar : add fatfs
2025-07-05 22:53:21,429 [INFO] IPUIPlugin:80 - create IPUIPlugin
2025-07-05 22:53:21,429 [INFO] PluginManager:220 - loadIPPluginJar : add fmc
2025-07-05 22:53:21,433 [INFO] IPUIPlugin:80 - create IPUIPlugin
2025-07-05 22:53:21,433 [INFO] PluginManager:220 - loadIPPluginJar : add freertos
2025-07-05 22:53:21,434 [INFO] IPUIPlugin:80 - create IPUIPlugin
2025-07-05 22:53:21,434 [INFO] PluginManager:220 - loadIPPluginJar : add genericplugin
2025-07-05 22:53:21,436 [INFO] IPUIPlugin:80 - create IPUIPlugin
2025-07-05 22:53:21,436 [INFO] PluginManager:220 - loadIPPluginJar : add gfxmmu
2025-07-05 22:53:21,440 [INFO] IPUIPlugin:80 - create IPUIPlugin
2025-07-05 22:53:21,440 [INFO] PluginManager:220 - loadIPPluginJar : add gic
2025-07-05 22:53:21,443 [INFO] IPUIPlugin:80 - create IPUIPlugin
2025-07-05 22:53:21,443 [INFO] PluginManager:220 - loadIPPluginJar : add gpio
2025-07-05 22:53:21,446 [INFO] IPUIPlugin:80 - create IPUIPlugin
2025-07-05 22:53:21,447 [INFO] PluginManager:220 - loadIPPluginJar : add gtzc
2025-07-05 22:53:21,449 [INFO] IPUIPlugin:80 - create IPUIPlugin
2025-07-05 22:53:21,449 [INFO] PluginManager:220 - loadIPPluginJar : add hash
2025-07-05 22:53:21,452 [INFO] IPUIPlugin:80 - create IPUIPlugin
2025-07-05 22:53:21,452 [INFO] PluginManager:220 - loadIPPluginJar : add i2c
2025-07-05 22:53:21,455 [INFO] IPUIPlugin:80 - create IPUIPlugin
2025-07-05 22:53:21,455 [INFO] PluginManager:220 - loadIPPluginJar : add i2s
2025-07-05 22:53:21,460 [INFO] IPUIPlugin:80 - create IPUIPlugin
2025-07-05 22:53:21,460 [INFO] PluginManager:220 - loadIPPluginJar : add i3c
2025-07-05 22:53:21,465 [INFO] IPUIPlugin:80 - create IPUIPlugin
2025-07-05 22:53:21,465 [INFO] PluginManager:220 - loadIPPluginJar : add ipddr
2025-07-05 22:53:21,475 [INFO] IPUIPlugin:80 - create IPUIPlugin
2025-07-05 22:53:21,475 [INFO] PluginManager:220 - loadIPPluginJar : add linkedlist
2025-07-05 22:53:21,478 [INFO] IPUIPlugin:80 - create IPUIPlugin
2025-07-05 22:53:21,478 [INFO] PluginManager:220 - loadIPPluginJar : add lorawan
2025-07-05 22:53:21,480 [INFO] IPUIPlugin:80 - create IPUIPlugin
2025-07-05 22:53:21,480 [INFO] PluginManager:220 - loadIPPluginJar : add ltdc
2025-07-05 22:53:21,488 [INFO] IPUIPlugin:80 - create IPUIPlugin
2025-07-05 22:53:21,488 [INFO] PluginManager:220 - loadIPPluginJar : add mdma
2025-07-05 22:53:21,492 [INFO] IPUIPlugin:80 - create IPUIPlugin
2025-07-05 22:53:21,492 [INFO] PluginManager:220 - loadIPPluginJar : add nvic
2025-07-05 22:53:21,495 [INFO] IPUIPlugin:80 - create IPUIPlugin
2025-07-05 22:53:21,495 [INFO] PluginManager:220 - loadIPPluginJar : add opamp
2025-07-05 22:53:21,497 [INFO] IPUIPlugin:80 - create IPUIPlugin
2025-07-05 22:53:21,497 [INFO] PluginManager:220 - loadIPPluginJar : add openamp
2025-07-05 22:53:21,500 [INFO] IPUIPlugin:80 - create IPUIPlugin
2025-07-05 22:53:21,502 [INFO] PluginManager:220 - loadIPPluginJar : add pdm2pcm
2025-07-05 22:53:21,507 [INFO] IPUIPlugin:80 - create IPUIPlugin
2025-07-05 22:53:21,511 [INFO] PluginManager:220 - loadIPPluginJar : add plateformsettings
2025-07-05 22:53:21,513 [INFO] IPUIPlugin:80 - create IPUIPlugin
2025-07-05 22:53:21,513 [INFO] PluginManager:220 - loadIPPluginJar : add quadspi
2025-07-05 22:53:21,515 [INFO] IPUIPlugin:80 - create IPUIPlugin
2025-07-05 22:53:21,516 [INFO] PluginManager:220 - loadIPPluginJar : add radio
2025-07-05 22:53:21,520 [INFO] IPUIPlugin:80 - create IPUIPlugin
2025-07-05 22:53:21,520 [INFO] PluginManager:220 - loadIPPluginJar : add resmgrutility
2025-07-05 22:53:21,524 [INFO] IPUIPlugin:80 - create IPUIPlugin
2025-07-05 22:53:21,524 [INFO] PluginManager:220 - loadIPPluginJar : add sai
2025-07-05 22:53:21,527 [INFO] IPUIPlugin:80 - create IPUIPlugin
2025-07-05 22:53:21,527 [INFO] PluginManager:220 - loadIPPluginJar : add spi
2025-07-05 22:53:21,534 [INFO] IPUIPlugin:80 - create IPUIPlugin
2025-07-05 22:53:21,534 [INFO] PluginManager:220 - loadIPPluginJar : add stm32_wpan
2025-07-05 22:53:21,537 [INFO] IPUIPlugin:80 - create IPUIPlugin
2025-07-05 22:53:21,537 [INFO] PluginManager:220 - loadIPPluginJar : add tim
2025-07-05 22:53:21,541 [INFO] IPUIPlugin:80 - create IPUIPlugin
2025-07-05 22:53:21,541 [INFO] PluginManager:220 - loadIPPluginJar : add touchsensing
2025-07-05 22:53:21,544 [INFO] IPUIPlugin:80 - create IPUIPlugin
2025-07-05 22:53:21,544 [INFO] PluginManager:220 - loadIPPluginJar : add tracer_emb
2025-07-05 22:53:21,547 [INFO] IPUIPlugin:80 - create IPUIPlugin
2025-07-05 22:53:21,547 [INFO] PluginManager:220 - loadIPPluginJar : add ts
2025-07-05 22:53:21,549 [INFO] IPUIPlugin:80 - create IPUIPlugin
2025-07-05 22:53:21,549 [INFO] PluginManager:220 - loadIPPluginJar : add tsc
2025-07-05 22:53:21,551 [INFO] IPUIPlugin:80 - create IPUIPlugin
2025-07-05 22:53:21,551 [INFO] PluginManager:220 - loadIPPluginJar : add ucpd
2025-07-05 22:53:21,553 [INFO] IPUIPlugin:80 - create IPUIPlugin
2025-07-05 22:53:21,555 [INFO] PluginManager:220 - loadIPPluginJar : add usart
2025-07-05 22:53:21,557 [INFO] IPUIPlugin:80 - create IPUIPlugin
2025-07-05 22:53:21,557 [INFO] PluginManager:220 - loadIPPluginJar : add usbx
2025-07-05 22:53:21,681 [FATAL] Updater:351 - Updater called before beeing initialized
2025-07-05 22:53:21,700 [INFO] RulesReader:64 - Compatibility file has been processed (301 Rules)
2025-07-05 22:53:21,720 [INFO] RulesReader:64 - Compatibility file has been processed (301 Rules)
2025-07-05 22:53:21,726 [INFO] CADModel:165 - CPN selected for project level
2025-07-05 22:53:21,726 [INFO] CADModel:114 - Register for checkConnection events
2025-07-05 22:53:21,727 [FATAL] Updater:351 - Updater called before beeing initialized
2025-07-05 22:53:21,727 [ERROR] CADModel:125 - Updater not yet initialized, retry later 
2025-07-05 22:53:21,852 [FATAL] Updater:351 - Updater called before beeing initialized
2025-07-05 22:53:21,854 [INFO] CADModel:165 - CPN selected for project level
2025-07-05 22:53:21,854 [INFO] CADModel:114 - Register for checkConnection events
2025-07-05 22:53:21,854 [FATAL] Updater:351 - Updater called before beeing initialized
2025-07-05 22:53:21,854 [ERROR] CADModel:125 - Updater not yet initialized, retry later 
2025-07-05 22:53:21,857 [FATAL] Updater:351 - Updater called before beeing initialized
2025-07-05 22:53:21,973 [FATAL] Updater:351 - Updater called before beeing initialized
2025-07-05 22:53:21,977 [INFO] DbMcusAds:53 - JSON generation date=Thu Jun 19 16:32:34 CST 2025 (1750321954384)
2025-07-05 22:53:21,977 [FATAL] Updater:351 - Updater called before beeing initialized
2025-07-05 22:53:22,008 [WARN] DetailPanel:346 - Failed to get advertising image, set to default
2025-07-05 22:53:22,205 [FATAL] Updater:351 - Updater called before beeing initialized
2025-07-05 22:53:22,207 [FATAL] Updater:351 - Updater called before beeing initialized
2025-07-05 22:53:22,207 [FATAL] Updater:351 - Updater called before beeing initialized
2025-07-05 22:53:22,207 [WARN] DetailPanel:346 - Failed to get advertising image, set to default
2025-07-05 22:53:22,208 [FATAL] Updater:351 - Updater called before beeing initialized
2025-07-05 22:53:22,245 [ERROR] Updater:1198 - MainUpdater not yet initialized. External WinMGr cannot be set.
2025-07-05 22:53:22,247 [INFO] Updater:1134 - Updater Version found : 6.14.0
2025-07-05 22:53:22,263 [INFO] ApplicationProperties:184 - Using Application install path: A:\STM32CUBEIDE\STM32CubeIDE_1.18.0\STM32CubeIDE\plugins\com.st.stm32cube.common.mx_6.14.0.202502271554
2025-07-05 22:53:22,784 [INFO] MainUpdater:2872 - connection check result : 10
2025-07-05 22:53:22,784 [INFO] MainUpdater:3566 - Updater definition file requires update
2025-07-05 22:53:22,785 [INFO] MainUpdater:289 - Updater Check For Update Now.
2025-07-05 22:53:22,785 [INFO] MicroXplorer:498 - Change Database Version : DB.6.0.140
2025-07-05 22:53:22,789 [INFO] McuFinderGlobals:63 - Set McuFinder mode to 2 (CubeIDE integrated)
2025-07-05 22:53:22,790 [INFO] UserAuth:486 - Internet connection configuration mode: 1
2025-07-05 22:53:22,803 [INFO] JxBrowserEngine:152 - Initiate JxBrowser Engine with user profile folder
2025-07-05 22:53:22,829 [INFO] ServerAccessManage:473 - Download File updaters.zip
2025-07-05 22:53:22,928 [INFO] FileExtend:242 - Unzip File : updaters.zip
2025-07-05 22:53:22,928 [INFO] FileExtend:257 - Standard Zip Deflate
2025-07-05 22:53:23,203 [INFO] ServerAccessManage:473 - Download File PacksControlFlags.xml
2025-07-05 22:53:23,275 [INFO] ServerAccessManage:473 - Download File cubemx.pidx
2025-07-05 22:53:23,945 [WARN] MainUpdater:1193 - Updater busy. Cannot search thirdparties
2025-07-05 22:53:23,945 [INFO] ThirdPartyUpdaterWithRetryManager:96 - Updater plugin is busy. [1/15]
2025-07-05 22:53:24,114 [INFO] ServerAccessManage:473 - Download File STMicroelectronics.X-CUBE-AZRTOS-H7.pdsc
2025-07-05 22:53:24,556 [INFO] WebApp:169 - Instantiating new browser for Auth
2025-07-05 22:53:25,926 [INFO] WebApp:463 - Apply proxy settings
2025-07-05 22:53:25,926 [INFO] WebApp:548 - Chromium requires no authentication
2025-07-05 22:53:25,938 [INFO] WebApp:491 - Direct internet connection detected
2025-07-05 22:53:25,966 [INFO] WebApp:894 - Register for checkConnection events
2025-07-05 22:53:25,966 [INFO] WebApp:463 - Apply proxy settings
2025-07-05 22:53:25,966 [INFO] WebApp:548 - Chromium requires no authentication
2025-07-05 22:53:25,967 [INFO] WebApp:491 - Direct internet connection detected
2025-07-05 22:53:26,157 [INFO] WebApp:225 - Starting web application
2025-07-05 22:53:26,157 [INFO] WebApp:593 - Web application path used A:\STM32CUBEIDE\STM32CubeIDE_1.18.0\STM32CubeIDE\plugins\com.st.stm32cube.common.mx_6.14.0.202502271554\db\plugins\mcufinder\reactClient1\index.html
2025-07-05 22:53:26,238 [INFO] UserAuth:486 - Internet connection configuration mode: 1
2025-07-05 22:53:26,593 [ERROR] ServerAccessManage:1131 - HTTP unexpected response (418) for https://www.weston-embedded.com/stm_packages/WES.I-CUBE-Cesium.pdsc
2025-07-05 22:53:26,594 [ERROR] ServerAccessManage:651 - Error during Access to HTTP Server. : WES.I-CUBE-Cesium.pdsc.
2025-07-05 22:53:26,759 [WARN] PackLoader:240 - Cannot read IP mode file for STMicroelectronics.X-CUBE-AZRTOS-H7.3.4.0
2025-07-05 22:53:26,775 [INFO] PopulateThirdPartyThread:66 - Ending populate Thread
2025-07-05 22:53:26,777 [INFO] ThirdParty:1030 - CMSIS Pack Vendor :STMicroelectronics X-CUBE-AZRTOS-H7 3.4.0
2025-07-05 22:53:26,777 [INFO] LoadServerUpdatesThread:375 - End of LoadServerUpdate Thread
2025-07-05 22:53:26,835 [INFO] CheckServerUpdateThread:120 - End of CheckServer Thread
2025-07-05 22:53:27,028 [WARN] PackLoader:240 - Cannot read IP mode file for STMicroelectronics.X-CUBE-PM33A1.1.0.0
2025-07-05 22:53:27,032 [WARN] PackLoader:240 - Cannot read IP mode file for Avnet-IotConnect.X-CUBE-IoTC-DA16k-PMOD.1.0.0
2025-07-05 22:53:27,036 [WARN] PackLoader:240 - Cannot read IP mode file for STMicroelectronics.X-CUBE-ST60.1.0.0
2025-07-05 22:53:27,049 [WARN] PackLoader:240 - Cannot read IP mode file for Infineon.AIROC-Wi-Fi-Bluetooth-STM32.1.7.0
2025-07-05 22:53:27,069 [WARN] PackLoader:240 - Cannot read IP mode file for STMicroelectronics.X-CUBE-AZRTOS-H7.3.4.0
2025-07-05 22:53:27,077 [WARN] PackLoader:240 - Cannot read IP mode file for STMicroelectronics.X-CUBE-FREERTOS.1.3.1
2025-07-05 22:53:27,081 [WARN] PackLoader:240 - Cannot read IP mode file for emotas.I-CUBE-CANOPEN.1.3.0
2025-07-05 22:53:27,085 [WARN] PackLoader:240 - Cannot read IP mode file for STMicroelectronics.X-CUBE-FREERTOS.1.3.0
2025-07-05 22:53:27,090 [WARN] PackLoader:240 - Cannot read IP mode file for STMicroelectronics.X-CUBE-NFC7.1.0.1
2025-07-05 22:53:27,094 [WARN] ConditionMgr:438 - getConditionDescription Invalid condition id : Cortex-A Device cause : null
2025-07-05 22:53:27,103 [WARN] ConditionMgr:1044 - genDependencies : Invalid condition id : Cortex-A Device cause : null
2025-07-05 22:53:27,103 [WARN] ConditionMgr:1044 - genDependencies : Invalid condition id : Cortex-A Device cause : null
2025-07-05 22:53:27,103 [WARN] ConditionMgr:1044 - genDependencies : Invalid condition id : Cortex-A Device cause : null
2025-07-05 22:53:27,108 [WARN] PackLoader:240 - Cannot read IP mode file for STMicroelectronics.X-CUBE-AI.10.0.0
2025-07-05 22:53:27,113 [WARN] PackLoader:240 - Cannot read IP mode file for STMicroelectronics.FP-SNS-STAIOTCFT.1.0.0
2025-07-05 22:53:27,139 [WARN] PackLoader:240 - Cannot read IP mode file for STMicroelectronics.X-CUBE-MEMS1.11.1.0
2025-07-05 22:53:27,222 [WARN] PackLoader:240 - Cannot read IP mode file for STMicroelectronics.X-CUBE-AZRTOS-H7.3.3.0
2025-07-05 22:53:27,229 [WARN] PackLoader:240 - Cannot read IP mode file for STMicroelectronics.X-CUBE-AI.10.1.0
2025-07-05 22:53:27,257 [WARN] PackLoader:240 - Cannot read IP mode file for STMicroelectronics.X-CUBE-MEMS1.11.2.0
2025-07-05 22:53:27,326 [WARN] PackLoader:240 - Cannot read IP mode file for EmbeddedOffice.I-CUBE-FS-RTOS.1.0.1
2025-07-05 22:53:27,331 [WARN] PackLoader:240 - Cannot read IP mode file for Cesanta.I-CUBE-Mongoose.7.13.0
2025-07-05 22:53:27,335 [WARN] PackLoader:240 - Cannot read IP mode file for STMicroelectronics.X-CUBE-WB05N.2.0.0
2025-07-05 22:53:27,339 [WARN] PackLoader:240 - Cannot read IP mode file for wolfSSL.I-CUBE-wolfSSH.1.4.20
2025-07-05 22:53:27,342 [WARN] PackLoader:240 - Cannot read IP mode file for STMicroelectronics.X-CUBE-NFC7.2.0.0
2025-07-05 22:53:27,346 [WARN] PackLoader:240 - Cannot read IP mode file for RealThread.X-CUBE-RT-Thread_Nano.4.1.1
2025-07-05 22:53:27,352 [WARN] PackLoader:240 - Cannot read IP mode file for ITTIA_DB.I-CUBE-ITTIADB.8.9.0
2025-07-05 22:53:27,355 [WARN] PackLoader:240 - Cannot read IP mode file for portGmbH.I-Cube-SoM-uGOAL.1.1.0
2025-07-05 22:53:27,361 [WARN] PackLoader:240 - Cannot read IP mode file for STMicroelectronics.X-CUBE-ST67W61.1.0.0
2025-07-05 22:53:27,388 [WARN] PackLoader:240 - Cannot read IP mode file for SEGGER.I-CUBE-embOS.1.3.1
2025-07-05 22:53:27,438 [WARN] PackLoader:240 - Cannot read IP mode file for STMicroelectronics.X-CUBE-MEMS1.11.3.0
2025-07-05 22:53:27,515 [WARN] PackLoader:240 - Cannot read IP mode file for STMicroelectronics.X-CUBE-TOF1.3.4.2
2025-07-05 22:53:27,529 [WARN] PackLoader:240 - Cannot read IP mode file for STMicroelectronics.X-CUBE-TOF1.3.4.3
2025-07-05 22:53:27,536 [INFO] ThirdParty:978 - Integrity check success = true
2025-07-05 22:53:27,536 [INFO] IntegrityCheckThread:100 - exiting critical section [integrity check]
2025-07-05 22:53:27,536 [INFO] IntegrityCheckThread:103 - End integrity checks thread
2025-07-05 22:53:28,030 [ERROR] LogOutputStream:75 - [STDERR_REDIRECT] Warning: NLS unused message: PreviewWizardPage_description in: org.eclipse.ltk.internal.ui.refactoring.RefactoringUIMessages
2025-07-05 22:53:30,644 [ERROR] LogOutputStream:75 - [STDERR_REDIRECT] Warning: NLS unused message: ChangeExceptionHandler_dialog_title in: org.eclipse.jdt.internal.ui.refactoring.refactoringui
2025-07-05 22:53:30,693 [ERROR] LogOutputStream:75 - [STDERR_REDIRECT] Warning: NLS unused message: ActivitiesPreferencePage_advancedDialogTitle in: org.eclipse.ui.internal.activities.ws.messages
2025-07-05 22:53:30,694 [ERROR] LogOutputStream:75 - [STDERR_REDIRECT] Warning: NLS unused message: ActivitiesPreferencePage_advancedButton in: org.eclipse.ui.internal.activities.ws.messages
2025-07-05 22:53:43,058 [ERROR] LogOutputStream:75 - [STDERR_REDIRECT] 
