2025-06-09 22:05:38,700 [INFO] Activator:176 - 


2025-06-09 22:05:38,704 [INFO] Activator:177 - !SESSION log4j initialized
2025-06-09 22:05:39,106 [ERROR] LogOutputStream:75 - [STDERR_REDIRECT] Warning: NLS unused message: ComplianceConfigurationBlock_version11 in: org.eclipse.jdt.internal.ui.preferences.PreferencesMessages
2025-06-09 22:05:39,109 [ERROR] LogOutputStream:75 - [STDERR_REDIRECT] Warning: NLS unused message: ComplianceConfigurationBlock_version12 in: org.eclipse.jdt.internal.ui.preferences.PreferencesMessages
2025-06-09 22:05:39,111 [ERROR] LogOutputStream:75 - [STDERR_REDIRECT] Warning: NLS unused message: ComplianceConfigurationBlock_version13 in: org.eclipse.jdt.internal.ui.preferences.PreferencesMessages
2025-06-09 22:05:39,114 [ERROR] LogOutputStream:75 - [STDERR_REDIRECT] Warning: NLS unused message: ComplianceConfigurationBlock_version14 in: org.eclipse.jdt.internal.ui.preferences.PreferencesMessages
2025-06-09 22:05:39,115 [ERROR] LogOutputStream:75 - [STDERR_REDIRECT] Warning: NLS unused message: ComplianceConfigurationBlock_version15 in: org.eclipse.jdt.internal.ui.preferences.PreferencesMessages
2025-06-09 22:05:39,117 [ERROR] LogOutputStream:75 - [STDERR_REDIRECT] Warning: NLS unused message: ComplianceConfigurationBlock_version9 in: org.eclipse.jdt.internal.ui.preferences.PreferencesMessages
2025-06-09 22:05:39,119 [ERROR] LogOutputStream:75 - [STDERR_REDIRECT] Warning: NLS unused message: ComplianceConfigurationBlock_version10 in: org.eclipse.jdt.internal.ui.preferences.PreferencesMessages
2025-06-09 22:05:39,120 [ERROR] LogOutputStream:75 - [STDERR_REDIRECT] Warning: NLS unused message: ComplianceConfigurationBlock_codegen_inline_jsr_bytecode_label in: org.eclipse.jdt.internal.ui.preferences.PreferencesMessages
2025-06-09 22:05:39,122 [ERROR] LogOutputStream:75 - [STDERR_REDIRECT] Warning: NLS unused message: ComplianceConfigurationBlock_pb_assert_as_identifier_label in: org.eclipse.jdt.internal.ui.preferences.PreferencesMessages
2025-06-09 22:05:39,125 [ERROR] LogOutputStream:75 - [STDERR_REDIRECT] Warning: NLS unused message: ComplianceConfigurationBlock_pb_enum_as_identifier_label in: org.eclipse.jdt.internal.ui.preferences.PreferencesMessages
2025-06-09 22:05:39,127 [ERROR] LogOutputStream:75 - [STDERR_REDIRECT] Warning: NLS unused message: ComplianceConfigurationBlock_cldc11_requires_source13_compliance_se14 in: org.eclipse.jdt.internal.ui.preferences.PreferencesMessages
2025-06-09 22:05:39,133 [ERROR] LogOutputStream:75 - [STDERR_REDIRECT] Warning: NLS unused message: CodeAssistConfigurationBlock_matchSubstring_label in: org.eclipse.jdt.internal.ui.preferences.PreferencesMessages
2025-06-09 22:05:39,156 [ERROR] LogOutputStream:75 - [STDERR_REDIRECT] Warning: NLS unused message: ProblemMarkerManager_problem_marker_update_job_description in: org.eclipse.jdt.internal.ui.JavaUIMessages
2025-06-09 22:05:39,158 [ERROR] LogOutputStream:75 - [STDERR_REDIRECT] Warning: NLS unused message: FilteredTypesSelectionDialog_default_package in: org.eclipse.jdt.internal.ui.JavaUIMessages
2025-06-09 22:05:39,160 [ERROR] LogOutputStream:75 - [STDERR_REDIRECT] Warning: NLS unused message: FilteredTypeSelectionDialog_showContainerForDuplicatesAction in: org.eclipse.jdt.internal.ui.JavaUIMessages
2025-06-09 22:05:39,162 [ERROR] LogOutputStream:75 - [STDERR_REDIRECT] Warning: NLS unused message: JavaElementLabels_anonym in: org.eclipse.jdt.internal.ui.JavaUIMessages
2025-06-09 22:05:39,163 [ERROR] LogOutputStream:75 - [STDERR_REDIRECT] Warning: NLS unused message: JavaElementLabels_concat_string in: org.eclipse.jdt.internal.ui.JavaUIMessages
2025-06-09 22:05:39,165 [ERROR] LogOutputStream:75 - [STDERR_REDIRECT] Warning: NLS unused message: JavaElementLabels_comma_string in: org.eclipse.jdt.internal.ui.JavaUIMessages
2025-06-09 22:05:39,167 [ERROR] LogOutputStream:75 - [STDERR_REDIRECT] Warning: NLS unused message: JavaElementLabels_declseparator_string in: org.eclipse.jdt.internal.ui.JavaUIMessages
2025-06-09 22:05:39,168 [ERROR] LogOutputStream:75 - [STDERR_REDIRECT] Warning: NLS unused message: JavaElementLabels_category_separator_string in: org.eclipse.jdt.internal.ui.JavaUIMessages
2025-06-09 22:05:39,170 [ERROR] LogOutputStream:75 - [STDERR_REDIRECT] Warning: NLS unused message: JavaElementLabels_import_container in: org.eclipse.jdt.internal.ui.JavaUIMessages
2025-06-09 22:05:39,312 [ERROR] LogOutputStream:75 - [STDERR_REDIRECT] Warning: NLS unused message: FindReplace_title in: org.eclipse.ui.texteditor.EditorMessages
2025-06-09 22:05:39,314 [ERROR] LogOutputStream:75 - [STDERR_REDIRECT] Warning: NLS unused message: FindReplace_Find_label in: org.eclipse.ui.texteditor.EditorMessages
2025-06-09 22:05:39,315 [ERROR] LogOutputStream:75 - [STDERR_REDIRECT] Warning: NLS unused message: FindReplace_Replace_label in: org.eclipse.ui.texteditor.EditorMessages
2025-06-09 22:05:39,316 [ERROR] LogOutputStream:75 - [STDERR_REDIRECT] Warning: NLS unused message: FindReplace_Direction in: org.eclipse.ui.texteditor.EditorMessages
2025-06-09 22:05:39,318 [ERROR] LogOutputStream:75 - [STDERR_REDIRECT] Warning: NLS unused message: FindReplace_ForwardRadioButton_label in: org.eclipse.ui.texteditor.EditorMessages
2025-06-09 22:05:39,320 [ERROR] LogOutputStream:75 - [STDERR_REDIRECT] Warning: NLS unused message: FindReplace_BackwardRadioButton_label in: org.eclipse.ui.texteditor.EditorMessages
2025-06-09 22:05:39,321 [ERROR] LogOutputStream:75 - [STDERR_REDIRECT] Warning: NLS unused message: FindReplace_Scope in: org.eclipse.ui.texteditor.EditorMessages
2025-06-09 22:05:39,323 [ERROR] LogOutputStream:75 - [STDERR_REDIRECT] Warning: NLS unused message: FindReplace_GlobalRadioButton_label in: org.eclipse.ui.texteditor.EditorMessages
2025-06-09 22:05:39,325 [ERROR] LogOutputStream:75 - [STDERR_REDIRECT] Warning: NLS unused message: FindReplace_SelectedRangeRadioButton_label in: org.eclipse.ui.texteditor.EditorMessages
2025-06-09 22:05:39,326 [ERROR] LogOutputStream:75 - [STDERR_REDIRECT] Warning: NLS unused message: FindReplace_Options in: org.eclipse.ui.texteditor.EditorMessages
2025-06-09 22:05:39,328 [ERROR] LogOutputStream:75 - [STDERR_REDIRECT] Warning: NLS unused message: FindReplace_CaseCheckBox_label in: org.eclipse.ui.texteditor.EditorMessages
2025-06-09 22:05:39,330 [ERROR] LogOutputStream:75 - [STDERR_REDIRECT] Warning: NLS unused message: FindReplace_WrapCheckBox_label in: org.eclipse.ui.texteditor.EditorMessages
2025-06-09 22:05:39,331 [ERROR] LogOutputStream:75 - [STDERR_REDIRECT] Warning: NLS unused message: FindReplace_WholeWordCheckBox_label in: org.eclipse.ui.texteditor.EditorMessages
2025-06-09 22:05:39,333 [ERROR] LogOutputStream:75 - [STDERR_REDIRECT] Warning: NLS unused message: FindReplace_IncrementalCheckBox_label in: org.eclipse.ui.texteditor.EditorMessages
2025-06-09 22:05:39,334 [ERROR] LogOutputStream:75 - [STDERR_REDIRECT] Warning: NLS unused message: FindReplace_RegExCheckbox_label in: org.eclipse.ui.texteditor.EditorMessages
2025-06-09 22:05:39,336 [ERROR] LogOutputStream:75 - [STDERR_REDIRECT] Warning: NLS unused message: FindReplace_FindNextButton_label in: org.eclipse.ui.texteditor.EditorMessages
2025-06-09 22:05:39,337 [ERROR] LogOutputStream:75 - [STDERR_REDIRECT] Warning: NLS unused message: FindReplace_ReplaceFindButton_label in: org.eclipse.ui.texteditor.EditorMessages
2025-06-09 22:05:39,338 [ERROR] LogOutputStream:75 - [STDERR_REDIRECT] Warning: NLS unused message: FindReplace_ReplaceSelectionButton_label in: org.eclipse.ui.texteditor.EditorMessages
2025-06-09 22:05:39,340 [ERROR] LogOutputStream:75 - [STDERR_REDIRECT] Warning: NLS unused message: FindReplace_ReplaceAllButton_label in: org.eclipse.ui.texteditor.EditorMessages
2025-06-09 22:05:39,341 [ERROR] LogOutputStream:75 - [STDERR_REDIRECT] Warning: NLS unused message: FindReplace_CloseButton_label in: org.eclipse.ui.texteditor.EditorMessages
2025-06-09 22:05:39,343 [ERROR] LogOutputStream:75 - [STDERR_REDIRECT] Warning: NLS unused message: FindReplace_Status_replacements_label in: org.eclipse.ui.texteditor.EditorMessages
2025-06-09 22:05:39,344 [ERROR] LogOutputStream:75 - [STDERR_REDIRECT] Warning: NLS unused message: FindReplace_Status_wrapped_label in: org.eclipse.ui.texteditor.EditorMessages
2025-06-09 22:05:39,498 [ERROR] LogOutputStream:75 - [STDERR_REDIRECT] Warning: NLS unused message: FileDocumentProvider_getPersistedEncoding in: org.eclipse.ui.editors.text.TextEditorMessages
2025-06-09 22:05:41,148 [ERROR] LogOutputStream:75 - [STDERR_REDIRECT] Warning: NLS unused message: TextSearchVisitor_progress_updating_job in: org.eclipse.search.internal.ui.SearchMessages
2025-06-09 22:05:41,149 [ERROR] LogOutputStream:75 - [STDERR_REDIRECT] Warning: NLS unused message: SearchPageSelectionDialog_rememberLastUsedPage_message in: org.eclipse.search.internal.ui.SearchMessages
2025-06-09 22:05:42,697 [INFO] LogOutputStream:77 - [STDOUT_REDIRECT] 
2025-06-09 22:05:42,994 [ERROR] ConfigurationRetriever:142 - IOException on connection: sw-center.st.com
2025-06-09 22:05:42,995 [ERROR] ConfigurationRetriever:142 - IOException on connection: sw-center.st.com
2025-06-09 22:05:42,996 [ERROR] ConfigurationRetriever:142 - IOException on connection: sw-center.st.com
2025-06-09 22:05:43,750 [ERROR] LogOutputStream:75 - [STDERR_REDIRECT] Warning: NLS unused message: ShowInNavigatorView_label in: org.eclipse.jdt.internal.ui.actions.ActionMessages
2025-06-09 22:05:43,751 [ERROR] LogOutputStream:75 - [STDERR_REDIRECT] Warning: NLS unused message: ShowInNavigatorView_dialog_title in: org.eclipse.jdt.internal.ui.actions.ActionMessages
2025-06-09 22:05:43,752 [ERROR] LogOutputStream:75 - [STDERR_REDIRECT] Warning: NLS unused message: ShowInNavigatorView_dialog_message in: org.eclipse.jdt.internal.ui.actions.ActionMessages
2025-06-09 22:05:43,754 [ERROR] LogOutputStream:75 - [STDERR_REDIRECT] Warning: NLS unused message: ShowInNavigatorView_error_activation_failed in: org.eclipse.jdt.internal.ui.actions.ActionMessages
2025-06-09 22:05:43,755 [ERROR] LogOutputStream:75 - [STDERR_REDIRECT] Warning: NLS unused message: OrganizeImportsAction_error_message in: org.eclipse.jdt.internal.ui.actions.ActionMessages
2025-06-09 22:05:44,145 [INFO] ApplicationProperties:184 - Using Application install path: A:\STM32CUBEIDE\STM32CubeIDE_1.18.0\STM32CubeIDE\plugins\com.st.stm32cube.common.mx_6.14.0.202502271554
2025-06-09 22:05:44,162 [INFO] DbMcusXml:78 - Set database path to: A:\STM32CUBEIDE\STM32CubeIDE_1.18.0\STM32CubeIDE\plugins\com.st.stm32cube.common.mx_6.14.0.202502271554\\db\/mcu/
2025-06-09 22:05:44,163 [INFO] ApiDb:274 - Set plugin database path to: A:\STM32CUBEIDE\STM32CubeIDE_1.18.0\STM32CubeIDE\plugins\com.st.stm32cube.common.mx_6.14.0.202502271554\\db\/plugins/boardmanager/
2025-06-09 22:05:44,163 [WARN] ApiDb:259 - Overriding images path with different value:  => A:\STM32CUBEIDE\STM32CubeIDE_1.18.0\STM32CubeIDE\plugins\com.st.stm32cube.common.mx_6.14.0.202502271554\\db\/plugins/mcufinder/images/
2025-06-09 22:05:44,169 [INFO] ApiDb:250 - Set database path to: C:\Users\14931\.stmcufinder\plugins\mcufinder//mcu/
2025-06-09 22:05:44,170 [INFO] DbMcusAds:125 - Set database path to: C:\Users\14931\.stmcufinder\plugins\mcufinder//mcu/
2025-06-09 22:05:44,172 [INFO] CrossReferenceDbSqlite:203 - Set database path to: C:\Users\14931\.stmcufinder\plugins\mcufinder//mcu/cs/
2025-06-09 22:05:44,271 [INFO] RulesReader:64 - Compatibility file has been processed (301 Rules)
2025-06-09 22:05:44,336 [INFO] DbMcusXml:78 - Set database path to: A:\STM32CUBEIDE\STM32CubeIDE_1.18.0\STM32CubeIDE\plugins\com.st.stm32cube.common.mx_6.14.0.202502271554\\db\/mcu/
2025-06-09 22:05:44,336 [INFO] ApiDb:274 - Set plugin database path to: A:\STM32CUBEIDE\STM32CubeIDE_1.18.0\STM32CubeIDE\plugins\com.st.stm32cube.common.mx_6.14.0.202502271554\\db\/plugins/boardmanager/
2025-06-09 22:05:44,336 [INFO] ApiDb:261 - Set plugin images path to: A:\STM32CUBEIDE\STM32CubeIDE_1.18.0\STM32CubeIDE\plugins\com.st.stm32cube.common.mx_6.14.0.202502271554\\db\/plugins/mcufinder/images/
2025-06-09 22:05:44,336 [WARN] DbFile:41 - Overriding database path with different value: C:\Users\14931\.stmcufinder\plugins\mcufinder/ => C:\Users\14931\.stmcufinder\plugins\mcufinder
2025-06-09 22:05:44,336 [INFO] ApiDb:250 - Set database path to: C:\Users\14931\.stmcufinder\plugins\mcufinder//mcu/
2025-06-09 22:05:44,337 [WARN] DbFile:41 - Overriding database path with different value: C:\Users\14931\.stmcufinder\plugins\mcufinder/ => C:\Users\14931\.stmcufinder\plugins\mcufinder
2025-06-09 22:05:44,337 [INFO] DbMcusAds:125 - Set database path to: C:\Users\14931\.stmcufinder\plugins\mcufinder//mcu/
2025-06-09 22:05:44,337 [WARN] DbFile:41 - Overriding database path with different value: C:\Users\14931\.stmcufinder\plugins\mcufinder/ => C:\Users\14931\.stmcufinder\plugins\mcufinder
2025-06-09 22:05:44,337 [WARN] DbFile:41 - Overriding database path with different value: C:\Users\14931\.stmcufinder\plugins\mcufinder/ => C:\Users\14931\.stmcufinder\plugins\mcufinder
2025-06-09 22:05:44,337 [INFO] CrossReferenceDbSqlite:203 - Set database path to: C:\Users\14931\.stmcufinder\plugins\mcufinder//mcu/cs/
2025-06-09 22:05:44,407 [INFO] MainPanel:272 - HeapMemory: 268435456
2025-06-09 22:05:44,498 [INFO] DbMcusXml:78 - Set database path to: A:\STM32CUBEIDE\STM32CubeIDE_1.18.0\STM32CubeIDE\plugins\com.st.stm32cube.common.mx_6.14.0.202502271554\\db\/mcu/
2025-06-09 22:05:44,498 [INFO] ApiDb:274 - Set plugin database path to: A:\STM32CUBEIDE\STM32CubeIDE_1.18.0\STM32CubeIDE\plugins\com.st.stm32cube.common.mx_6.14.0.202502271554\\db\/plugins/boardmanager/
2025-06-09 22:05:44,498 [INFO] ApiDb:261 - Set plugin images path to: A:\STM32CUBEIDE\STM32CubeIDE_1.18.0\STM32CubeIDE\plugins\com.st.stm32cube.common.mx_6.14.0.202502271554\\db\/plugins/mcufinder/images/
2025-06-09 22:05:44,498 [WARN] DbFile:41 - Overriding database path with different value: C:\Users\14931\.stmcufinder\plugins\mcufinder/ => C:\Users\14931\.stmcufinder\plugins\mcufinder
2025-06-09 22:05:44,498 [INFO] ApiDb:250 - Set database path to: C:\Users\14931\.stmcufinder\plugins\mcufinder//mcu/
2025-06-09 22:05:44,498 [WARN] DbFile:41 - Overriding database path with different value: C:\Users\14931\.stmcufinder\plugins\mcufinder/ => C:\Users\14931\.stmcufinder\plugins\mcufinder
2025-06-09 22:05:44,498 [INFO] DbMcusAds:125 - Set database path to: C:\Users\14931\.stmcufinder\plugins\mcufinder//mcu/
2025-06-09 22:05:44,498 [WARN] DbFile:41 - Overriding database path with different value: C:\Users\14931\.stmcufinder\plugins\mcufinder/ => C:\Users\14931\.stmcufinder\plugins\mcufinder
2025-06-09 22:05:44,499 [WARN] DbFile:41 - Overriding database path with different value: C:\Users\14931\.stmcufinder\plugins\mcufinder/ => C:\Users\14931\.stmcufinder\plugins\mcufinder
2025-06-09 22:05:44,499 [INFO] CrossReferenceDbSqlite:203 - Set database path to: C:\Users\14931\.stmcufinder\plugins\mcufinder//mcu/cs/
2025-06-09 22:05:44,516 [INFO] ApplicationProperties:184 - Using Application install path: A:\STM32CUBEIDE\STM32CubeIDE_1.18.0\STM32CubeIDE\plugins\com.st.stm32cube.common.mx_6.14.0.202502271554
2025-06-09 22:05:44,517 [INFO] PluginManage:196 - Search for loadable plugins [exclusion list=, ]
2025-06-09 22:05:44,519 [INFO] PluginManage:310 - Check plugin analytics
2025-06-09 22:05:44,687 [INFO] AnalyticsPlugin:253 - Accepted Software Licenses: 
2025-06-09 22:05:44,687 [INFO] AnalyticsPlugin:255 - Accepted CMSIS Pack Licenses: 
2025-06-09 22:05:44,687 [INFO] AnalyticsPlugin:257 - Accepted Firmware Licenses: 
2025-06-09 22:05:44,689 [INFO] PluginManage:359 - Loaded plugin analytics (category:tool,tabindex:-1)
2025-06-09 22:05:44,689 [INFO] PluginManage:310 - Check plugin cadmodel
2025-06-09 22:05:44,689 [ERROR] ConfigurationRetriever:142 - IOException on connection: sw-center.st.com
2025-06-09 22:05:44,690 [ERROR] ConfigurationRetriever:142 - IOException on connection: sw-center.st.com
2025-06-09 22:05:44,690 [ERROR] ConfigurationRetriever:142 - IOException on connection: sw-center.st.com
2025-06-09 22:05:44,694 [INFO] CADModel:105 - Init CAD model plugin
2025-06-09 22:05:44,695 [INFO] PluginManage:359 - Loaded plugin cadmodel (category:power,tabindex:5)
2025-06-09 22:05:44,695 [INFO] PluginManage:310 - Check plugin clock
2025-06-09 22:05:44,705 [INFO] PluginManage:359 - Loaded plugin clock (category:base,tabindex:2)
2025-06-09 22:05:44,705 [INFO] PluginManage:310 - Check plugin ddr
2025-06-09 22:05:44,707 [INFO] PluginManage:359 - Loaded plugin ddr (category:tool,tabindex:6)
2025-06-09 22:05:44,707 [INFO] PluginManage:310 - Check plugin filemanager
2025-06-09 22:05:44,858 [INFO] PluginManage:359 - Loaded plugin filemanager (category:base,tabindex:10)
2025-06-09 22:05:44,858 [INFO] PluginManage:310 - Check plugin ipmanager
2025-06-09 22:05:44,866 [INFO] PluginManage:359 - Loaded plugin ipmanager (category:base,tabindex:5)
2025-06-09 22:05:44,866 [INFO] PluginManage:310 - Check plugin lpbam
2025-06-09 22:05:44,878 [INFO] PluginManage:359 - Loaded plugin lpbam (category:base,tabindex:0)
2025-06-09 22:05:44,879 [INFO] PluginManage:310 - Check plugin memorymap
2025-06-09 22:05:44,896 [INFO] PluginManage:359 - Loaded plugin memorymap (category:base,tabindex:4)
2025-06-09 22:05:44,897 [INFO] PluginManage:310 - Check plugin pinoutandconfiguration
2025-06-09 22:05:44,907 [INFO] PluginManage:359 - Loaded plugin pinoutandconfiguration (category:base,tabindex:1)
2025-06-09 22:05:44,907 [INFO] PluginManage:310 - Check plugin pinoutconfig
2025-06-09 22:05:44,987 [WARN] SupportedApi:132 - Cannot load RTOS API schema: s4s-elt-must-match.1: The content of 'definitions' must match (annotation?, (simpleType | complexType)?, (unique | key | keyref)*)). A problem was found starting at: attribute.
2025-06-09 22:05:45,109 [INFO] PluginManage:359 - Loaded plugin pinoutconfig (category:base,tabindex:0)
2025-06-09 22:05:45,109 [INFO] PluginManage:310 - Check plugin power
2025-06-09 22:05:45,119 [INFO] PluginManage:359 - Loaded plugin power (category:power,tabindex:4)
2025-06-09 22:05:45,120 [INFO] PluginManage:310 - Check plugin projectmanager
2025-06-09 22:05:45,132 [INFO] PluginManage:359 - Loaded plugin projectmanager (category:projectmanager,tabindex:4)
2025-06-09 22:05:45,132 [INFO] PluginManage:310 - Check plugin rif
2025-06-09 22:05:45,139 [INFO] PluginManage:359 - Loaded plugin rif (category:base,tabindex:3)
2025-06-09 22:05:45,139 [INFO] PluginManage:310 - Check plugin thirdparty
2025-06-09 22:05:45,253 [INFO] PluginManage:359 - Loaded plugin thirdparty (category:base,tabindex:-1)
2025-06-09 22:05:45,253 [WARN] IntegrityCheckThread:84 - waiting for thirdparty lock release [integrity check]
2025-06-09 22:05:45,253 [INFO] PluginManage:310 - Check plugin tools
2025-06-09 22:05:45,253 [INFO] IntegrityCheckThread:86 - entering critical section [integrity check]
2025-06-09 22:05:45,253 [INFO] ThirdPartyUpdaterWithRetryManager:70 - Updater plugin not ready yet. [1/15]
2025-06-09 22:05:45,255 [INFO] PluginManage:359 - Loaded plugin tools (category:base,tabindex:7)
2025-06-09 22:05:45,255 [INFO] PluginManage:310 - Check plugin tutovideos
2025-06-09 22:05:45,406 [INFO] PluginManage:359 - Loaded plugin tutovideos (category:base,tabindex:-1)
2025-06-09 22:05:45,406 [INFO] PluginManage:310 - Check plugin updater
2025-06-09 22:05:45,428 [INFO] PluginManage:359 - Loaded plugin updater (category:base,tabindex:12)
2025-06-09 22:05:45,428 [INFO] PluginManage:310 - Check plugin userauth
2025-06-09 22:05:45,433 [INFO] UserAuth:118 - Init User Auth plugin
2025-06-09 22:05:45,434 [INFO] PluginManage:359 - Loaded plugin userauth (category:base,tabindex:14)
2025-06-09 22:05:45,434 [INFO] PluginManage:283 - PluginManage : Loaded plugins [18]
2025-06-09 22:05:45,628 [INFO] PinOutPanel:1589 - setPackage(No Configuration,No Configuration)
2025-06-09 22:05:45,695 [INFO] CADModel:165 - CPN selected for project level
2025-06-09 22:05:45,695 [INFO] CADModel:114 - Register for checkConnection events
2025-06-09 22:05:45,713 [INFO] IPUIPlugin:80 - create IPUIPlugin
2025-06-09 22:05:45,713 [INFO] PluginManager:220 - loadIPPluginJar : add adc
2025-06-09 22:05:45,715 [INFO] IPUIPlugin:80 - create IPUIPlugin
2025-06-09 22:05:45,715 [INFO] PluginManager:220 - loadIPPluginJar : add aes
2025-06-09 22:05:45,718 [INFO] IPUIPlugin:80 - create IPUIPlugin
2025-06-09 22:05:45,718 [INFO] PluginManager:220 - loadIPPluginJar : add can
2025-06-09 22:05:45,719 [INFO] IPUIPlugin:80 - create IPUIPlugin
2025-06-09 22:05:45,719 [INFO] PluginManager:220 - loadIPPluginJar : add comp
2025-06-09 22:05:45,721 [INFO] IPUIPlugin:80 - create IPUIPlugin
2025-06-09 22:05:45,721 [INFO] PluginManager:220 - loadIPPluginJar : add cryp
2025-06-09 22:05:45,723 [INFO] IPUIPlugin:80 - create IPUIPlugin
2025-06-09 22:05:45,723 [INFO] PluginManager:220 - loadIPPluginJar : add ddr_ctrl_phy
2025-06-09 22:05:45,725 [INFO] IPUIPlugin:80 - create IPUIPlugin
2025-06-09 22:05:45,725 [INFO] PluginManager:220 - loadIPPluginJar : add dfsdm
2025-06-09 22:05:45,730 [INFO] IPUIPlugin:80 - create IPUIPlugin
2025-06-09 22:05:45,730 [INFO] PluginManager:220 - loadIPPluginJar : add dma
2025-06-09 22:05:45,732 [INFO] IPUIPlugin:80 - create IPUIPlugin
2025-06-09 22:05:45,732 [INFO] PluginManager:220 - loadIPPluginJar : add dma3
2025-06-09 22:05:45,734 [INFO] IPUIPlugin:80 - create IPUIPlugin
2025-06-09 22:05:45,734 [INFO] PluginManager:220 - loadIPPluginJar : add extmemmanager
2025-06-09 22:05:45,735 [INFO] IPUIPlugin:80 - create IPUIPlugin
2025-06-09 22:05:45,735 [INFO] PluginManager:220 - loadIPPluginJar : add fatfs
2025-06-09 22:05:45,739 [INFO] IPUIPlugin:80 - create IPUIPlugin
2025-06-09 22:05:45,739 [INFO] PluginManager:220 - loadIPPluginJar : add fmc
2025-06-09 22:05:45,744 [INFO] IPUIPlugin:80 - create IPUIPlugin
2025-06-09 22:05:45,744 [INFO] PluginManager:220 - loadIPPluginJar : add freertos
2025-06-09 22:05:45,745 [INFO] IPUIPlugin:80 - create IPUIPlugin
2025-06-09 22:05:45,745 [INFO] PluginManager:220 - loadIPPluginJar : add genericplugin
2025-06-09 22:05:45,746 [INFO] IPUIPlugin:80 - create IPUIPlugin
2025-06-09 22:05:45,746 [INFO] PluginManager:220 - loadIPPluginJar : add gfxmmu
2025-06-09 22:05:45,749 [INFO] IPUIPlugin:80 - create IPUIPlugin
2025-06-09 22:05:45,750 [INFO] PluginManager:220 - loadIPPluginJar : add gic
2025-06-09 22:05:45,752 [INFO] IPUIPlugin:80 - create IPUIPlugin
2025-06-09 22:05:45,753 [INFO] PluginManager:220 - loadIPPluginJar : add gpio
2025-06-09 22:05:45,756 [INFO] IPUIPlugin:80 - create IPUIPlugin
2025-06-09 22:05:45,756 [INFO] PluginManager:220 - loadIPPluginJar : add gtzc
2025-06-09 22:05:45,758 [INFO] IPUIPlugin:80 - create IPUIPlugin
2025-06-09 22:05:45,758 [INFO] PluginManager:220 - loadIPPluginJar : add hash
2025-06-09 22:05:45,759 [INFO] IPUIPlugin:80 - create IPUIPlugin
2025-06-09 22:05:45,760 [INFO] PluginManager:220 - loadIPPluginJar : add i2c
2025-06-09 22:05:45,761 [INFO] IPUIPlugin:80 - create IPUIPlugin
2025-06-09 22:05:45,762 [INFO] PluginManager:220 - loadIPPluginJar : add i2s
2025-06-09 22:05:45,764 [INFO] IPUIPlugin:80 - create IPUIPlugin
2025-06-09 22:05:45,764 [INFO] PluginManager:220 - loadIPPluginJar : add i3c
2025-06-09 22:05:45,768 [INFO] IPUIPlugin:80 - create IPUIPlugin
2025-06-09 22:05:45,768 [INFO] PluginManager:220 - loadIPPluginJar : add ipddr
2025-06-09 22:05:45,776 [INFO] IPUIPlugin:80 - create IPUIPlugin
2025-06-09 22:05:45,776 [INFO] PluginManager:220 - loadIPPluginJar : add linkedlist
2025-06-09 22:05:45,778 [INFO] IPUIPlugin:80 - create IPUIPlugin
2025-06-09 22:05:45,778 [INFO] PluginManager:220 - loadIPPluginJar : add lorawan
2025-06-09 22:05:45,779 [INFO] IPUIPlugin:80 - create IPUIPlugin
2025-06-09 22:05:45,779 [INFO] PluginManager:220 - loadIPPluginJar : add ltdc
2025-06-09 22:05:45,783 [INFO] IPUIPlugin:80 - create IPUIPlugin
2025-06-09 22:05:45,783 [INFO] PluginManager:220 - loadIPPluginJar : add mdma
2025-06-09 22:05:45,786 [INFO] IPUIPlugin:80 - create IPUIPlugin
2025-06-09 22:05:45,786 [INFO] PluginManager:220 - loadIPPluginJar : add nvic
2025-06-09 22:05:45,788 [INFO] IPUIPlugin:80 - create IPUIPlugin
2025-06-09 22:05:45,789 [INFO] PluginManager:220 - loadIPPluginJar : add opamp
2025-06-09 22:05:45,791 [INFO] IPUIPlugin:80 - create IPUIPlugin
2025-06-09 22:05:45,791 [INFO] PluginManager:220 - loadIPPluginJar : add openamp
2025-06-09 22:05:45,793 [INFO] IPUIPlugin:80 - create IPUIPlugin
2025-06-09 22:05:45,793 [INFO] PluginManager:220 - loadIPPluginJar : add pdm2pcm
2025-06-09 22:05:45,797 [INFO] IPUIPlugin:80 - create IPUIPlugin
2025-06-09 22:05:45,801 [INFO] PluginManager:220 - loadIPPluginJar : add plateformsettings
2025-06-09 22:05:45,802 [INFO] IPUIPlugin:80 - create IPUIPlugin
2025-06-09 22:05:45,802 [INFO] PluginManager:220 - loadIPPluginJar : add quadspi
2025-06-09 22:05:45,803 [INFO] IPUIPlugin:80 - create IPUIPlugin
2025-06-09 22:05:45,803 [INFO] PluginManager:220 - loadIPPluginJar : add radio
2025-06-09 22:05:45,808 [INFO] IPUIPlugin:80 - create IPUIPlugin
2025-06-09 22:05:45,808 [INFO] PluginManager:220 - loadIPPluginJar : add resmgrutility
2025-06-09 22:05:45,812 [INFO] IPUIPlugin:80 - create IPUIPlugin
2025-06-09 22:05:45,812 [INFO] PluginManager:220 - loadIPPluginJar : add sai
2025-06-09 22:05:45,815 [INFO] IPUIPlugin:80 - create IPUIPlugin
2025-06-09 22:05:45,815 [INFO] PluginManager:220 - loadIPPluginJar : add spi
2025-06-09 22:05:45,821 [INFO] IPUIPlugin:80 - create IPUIPlugin
2025-06-09 22:05:45,821 [INFO] PluginManager:220 - loadIPPluginJar : add stm32_wpan
2025-06-09 22:05:45,823 [INFO] IPUIPlugin:80 - create IPUIPlugin
2025-06-09 22:05:45,824 [INFO] PluginManager:220 - loadIPPluginJar : add tim
2025-06-09 22:05:45,828 [INFO] IPUIPlugin:80 - create IPUIPlugin
2025-06-09 22:05:45,828 [INFO] PluginManager:220 - loadIPPluginJar : add touchsensing
2025-06-09 22:05:45,831 [INFO] IPUIPlugin:80 - create IPUIPlugin
2025-06-09 22:05:45,831 [INFO] PluginManager:220 - loadIPPluginJar : add tracer_emb
2025-06-09 22:05:45,834 [INFO] IPUIPlugin:80 - create IPUIPlugin
2025-06-09 22:05:45,834 [INFO] PluginManager:220 - loadIPPluginJar : add ts
2025-06-09 22:05:45,836 [INFO] IPUIPlugin:80 - create IPUIPlugin
2025-06-09 22:05:45,836 [INFO] PluginManager:220 - loadIPPluginJar : add tsc
2025-06-09 22:05:45,839 [INFO] IPUIPlugin:80 - create IPUIPlugin
2025-06-09 22:05:45,839 [INFO] PluginManager:220 - loadIPPluginJar : add ucpd
2025-06-09 22:05:45,842 [INFO] IPUIPlugin:80 - create IPUIPlugin
2025-06-09 22:05:45,842 [INFO] PluginManager:220 - loadIPPluginJar : add usart
2025-06-09 22:05:45,847 [INFO] IPUIPlugin:80 - create IPUIPlugin
2025-06-09 22:05:45,847 [INFO] PluginManager:220 - loadIPPluginJar : add usbx
2025-06-09 22:05:45,986 [FATAL] Updater:351 - Updater called before beeing initialized
2025-06-09 22:05:46,011 [INFO] RulesReader:64 - Compatibility file has been processed (301 Rules)
2025-06-09 22:05:46,020 [INFO] RulesReader:64 - Compatibility file has been processed (301 Rules)
2025-06-09 22:05:46,028 [INFO] CADModel:165 - CPN selected for project level
2025-06-09 22:05:46,028 [INFO] CADModel:114 - Register for checkConnection events
2025-06-09 22:05:46,028 [FATAL] Updater:351 - Updater called before beeing initialized
2025-06-09 22:05:46,028 [ERROR] CADModel:125 - Updater not yet initialized, retry later 
2025-06-09 22:05:46,138 [FATAL] Updater:351 - Updater called before beeing initialized
2025-06-09 22:05:46,140 [INFO] CADModel:165 - CPN selected for project level
2025-06-09 22:05:46,140 [INFO] CADModel:114 - Register for checkConnection events
2025-06-09 22:05:46,140 [FATAL] Updater:351 - Updater called before beeing initialized
2025-06-09 22:05:46,140 [ERROR] CADModel:125 - Updater not yet initialized, retry later 
2025-06-09 22:05:46,143 [FATAL] Updater:351 - Updater called before beeing initialized
2025-06-09 22:05:46,236 [FATAL] Updater:351 - Updater called before beeing initialized
2025-06-09 22:05:46,240 [INFO] DbMcusAds:53 - JSON generation date=Wed May 07 17:07:55 CST 2025 (1746608875484)
2025-06-09 22:05:46,240 [FATAL] Updater:351 - Updater called before beeing initialized
2025-06-09 22:05:46,270 [WARN] DetailPanel:346 - Failed to get advertising image, set to default
2025-06-09 22:05:46,482 [FATAL] Updater:351 - Updater called before beeing initialized
2025-06-09 22:05:46,483 [FATAL] Updater:351 - Updater called before beeing initialized
2025-06-09 22:05:46,483 [FATAL] Updater:351 - Updater called before beeing initialized
2025-06-09 22:05:46,483 [WARN] DetailPanel:346 - Failed to get advertising image, set to default
2025-06-09 22:05:46,484 [FATAL] Updater:351 - Updater called before beeing initialized
2025-06-09 22:05:46,530 [ERROR] Updater:1198 - MainUpdater not yet initialized. External WinMGr cannot be set.
2025-06-09 22:05:46,533 [INFO] Updater:1134 - Updater Version found : 6.14.0
2025-06-09 22:05:46,584 [INFO] ApplicationProperties:184 - Using Application install path: A:\STM32CUBEIDE\STM32CubeIDE_1.18.0\STM32CubeIDE\plugins\com.st.stm32cube.common.mx_6.14.0.202502271554
2025-06-09 22:05:46,760 [INFO] MainUpdater:2872 - connection check result : 22
2025-06-09 22:05:46,760 [INFO] MainUpdater:289 - Updater Check For Update Now.
2025-06-09 22:05:46,760 [INFO] MicroXplorer:498 - Change Database Version : DB.6.0.140
2025-06-09 22:05:46,766 [INFO] McuFinderGlobals:63 - Set McuFinder mode to 2 (CubeIDE integrated)
2025-06-09 22:05:46,767 [INFO] UserAuth:486 - Internet connection configuration mode: 2
2025-06-09 22:05:46,773 [INFO] UserAuth:486 - Internet connection configuration mode: 2
2025-06-09 22:05:46,915 [INFO] CheckServerUpdateThread:120 - End of CheckServer Thread
2025-06-09 22:05:48,366 [WARN] PackLoader:240 - Cannot read IP mode file for Avnet-IotConnect.X-CUBE-IoTC-DA16k-PMOD.1.0.0
2025-06-09 22:05:48,374 [WARN] PackLoader:240 - Cannot read IP mode file for STMicroelectronics.X-CUBE-ST60.1.0.0
2025-06-09 22:05:48,385 [WARN] PackLoader:240 - Cannot read IP mode file for STMicroelectronics.X-CUBE-FREERTOS.1.3.1
2025-06-09 22:05:48,391 [WARN] PackLoader:240 - Cannot read IP mode file for emotas.I-CUBE-CANOPEN.1.3.0
2025-06-09 22:05:48,396 [WARN] PackLoader:240 - Cannot read IP mode file for STMicroelectronics.X-CUBE-FREERTOS.1.3.0
2025-06-09 22:05:48,402 [WARN] PackLoader:240 - Cannot read IP mode file for STMicroelectronics.X-CUBE-NFC7.1.0.1
2025-06-09 22:05:48,407 [WARN] ConditionMgr:438 - getConditionDescription Invalid condition id : Cortex-A Device cause : null
2025-06-09 22:05:48,417 [WARN] ConditionMgr:1044 - genDependencies : Invalid condition id : Cortex-A Device cause : null
2025-06-09 22:05:48,418 [WARN] ConditionMgr:1044 - genDependencies : Invalid condition id : Cortex-A Device cause : null
2025-06-09 22:05:48,418 [WARN] ConditionMgr:1044 - genDependencies : Invalid condition id : Cortex-A Device cause : null
2025-06-09 22:05:48,423 [WARN] PackLoader:240 - Cannot read IP mode file for STMicroelectronics.X-CUBE-AI.10.0.0
2025-06-09 22:05:48,469 [WARN] PackLoader:240 - Cannot read IP mode file for STMicroelectronics.X-CUBE-MEMS1.11.1.0
2025-06-09 22:05:48,624 [WARN] PackLoader:240 - Cannot read IP mode file for STMicroelectronics.X-CUBE-AI.10.1.0
2025-06-09 22:05:48,657 [WARN] PackLoader:240 - Cannot read IP mode file for STMicroelectronics.X-CUBE-MEMS1.11.2.0
2025-06-09 22:05:48,735 [WARN] PackLoader:240 - Cannot read IP mode file for EmbeddedOffice.I-CUBE-FS-RTOS.1.0.1
2025-06-09 22:05:48,740 [WARN] PackLoader:240 - Cannot read IP mode file for STMicroelectronics.X-CUBE-WB05N.2.0.0
2025-06-09 22:05:48,744 [WARN] PackLoader:240 - Cannot read IP mode file for wolfSSL.I-CUBE-wolfSSH.1.4.20
2025-06-09 22:05:48,747 [WARN] PackLoader:240 - Cannot read IP mode file for STMicroelectronics.X-CUBE-NFC7.2.0.0
2025-06-09 22:05:48,751 [WARN] PackLoader:240 - Cannot read IP mode file for RealThread.X-CUBE-RT-Thread_Nano.4.1.1
2025-06-09 22:05:48,757 [WARN] PackLoader:240 - Cannot read IP mode file for ITTIA_DB.I-CUBE-ITTIADB.8.9.0
2025-06-09 22:05:48,761 [WARN] PackLoader:240 - Cannot read IP mode file for portGmbH.I-Cube-SoM-uGOAL.1.1.0
2025-06-09 22:05:48,766 [WARN] PackLoader:240 - Cannot read IP mode file for STMicroelectronics.X-CUBE-ST67W61.1.0.0
2025-06-09 22:05:48,785 [WARN] PackLoader:240 - Cannot read IP mode file for SEGGER.I-CUBE-embOS.1.3.1
2025-06-09 22:05:48,810 [WARN] PackLoader:240 - Cannot read IP mode file for STMicroelectronics.X-CUBE-TOF1.3.4.2
2025-06-09 22:05:48,823 [WARN] PackLoader:240 - Cannot read IP mode file for STMicroelectronics.X-CUBE-TOF1.3.4.3
2025-06-09 22:05:48,830 [INFO] ThirdParty:978 - Integrity check success = true
2025-06-09 22:05:48,830 [INFO] IntegrityCheckThread:100 - exiting critical section [integrity check]
2025-06-09 22:05:48,830 [INFO] IntegrityCheckThread:103 - End integrity checks thread
